ERROR - 2019-04-28 14:52:37 --> 404 Page Not Found: index.html
ERROR - 2019-04-28 14:53:19 --> 404 Page Not Found: index.html
ERROR - 2019-04-28 14:58:29 --> Severity: Parsing Error --> syntax error, unexpected '?>' D:\OpenServer\domains\aik.am\application\views\header.php 24
ERROR - 2019-04-28 14:58:29 --> 404 Page Not Found: does_not_exist_45146
ERROR - 2019-04-28 14:58:36 --> Severity: Parsing Error --> syntax error, unexpected '?>' D:\OpenServer\domains\aik.am\application\views\header.php 24
ERROR - 2019-04-28 15:01:26 --> 404 Page Not Found: company
ERROR - 2019-04-28 15:01:31 --> 404 Page Not Found: css/reset.css
ERROR - 2019-04-28 15:01:31 --> 404 Page Not Found: css/style.css
ERROR - 2019-04-28 15:01:31 --> 404 Page Not Found: js/jquery-3.3.1.min.js
ERROR - 2019-04-28 15:01:31 --> 404 Page Not Found: img/homepage/Logo.png
ERROR - 2019-04-28 15:01:31 --> 404 Page Not Found: img/homepage/Layer-31.png
ERROR - 2019-04-28 15:01:31 --> 404 Page Not Found: img/homepage/marker.png
ERROR - 2019-04-28 15:01:31 --> 404 Page Not Found: img/homepage/phone.png
ERROR - 2019-04-28 15:01:31 --> 404 Page Not Found: js/jquery-3.3.1.min.js
ERROR - 2019-04-28 15:01:31 --> 404 Page Not Found: img/homepage/Layer-31.png
ERROR - 2019-04-28 15:01:31 --> 404 Page Not Found: img/homepage/marker.png
ERROR - 2019-04-28 15:01:31 --> 404 Page Not Found: img/homepage/phone.png
ERROR - 2019-04-28 15:02:53 --> 404 Page Not Found: company
ERROR - 2019-04-28 15:02:59 --> 404 Page Not Found: css/style.css
ERROR - 2019-04-28 15:02:59 --> 404 Page Not Found: js/jquery-3.3.1.min.js
ERROR - 2019-04-28 15:03:00 --> 404 Page Not Found: img/homepage/Logo.png
ERROR - 2019-04-28 15:03:00 --> 404 Page Not Found: css/reset.css
ERROR - 2019-04-28 15:03:00 --> 404 Page Not Found: img/homepage/Layer-31.png
ERROR - 2019-04-28 15:03:00 --> 404 Page Not Found: img/homepage/marker.png
ERROR - 2019-04-28 15:03:00 --> 404 Page Not Found: img/homepage/phone.png
ERROR - 2019-04-28 15:03:00 --> 404 Page Not Found: css/style.css
ERROR - 2019-04-28 15:03:00 --> 404 Page Not Found: js/jquery-3.3.1.min.js
ERROR - 2019-04-28 15:03:00 --> 404 Page Not Found: img/homepage/marker.png
ERROR - 2019-04-28 15:03:00 --> 404 Page Not Found: img/homepage/Layer-31.png
ERROR - 2019-04-28 15:03:00 --> 404 Page Not Found: img/homepage/phone.png
ERROR - 2019-04-28 15:04:39 --> 404 Page Not Found: css/style.css
ERROR - 2019-04-28 15:04:39 --> 404 Page Not Found: js/jquery-3.3.1.min.js
ERROR - 2019-04-28 15:04:39 --> 404 Page Not Found: css/reset.css
ERROR - 2019-04-28 15:04:39 --> 404 Page Not Found: img/homepage/Logo.png
ERROR - 2019-04-28 15:04:39 --> 404 Page Not Found: img/homepage/Layer-31.png
ERROR - 2019-04-28 15:04:39 --> 404 Page Not Found: img/homepage/marker.png
ERROR - 2019-04-28 15:04:39 --> 404 Page Not Found: css/reset.css
ERROR - 2019-04-28 15:04:39 --> 404 Page Not Found: img/homepage/phone.png
ERROR - 2019-04-28 15:04:39 --> 404 Page Not Found: css/style.css
ERROR - 2019-04-28 15:04:39 --> 404 Page Not Found: js/jquery-3.3.1.min.js
ERROR - 2019-04-28 15:04:39 --> 404 Page Not Found: img/homepage/phone.png
ERROR - 2019-04-28 15:04:39 --> 404 Page Not Found: img/homepage/marker.png
ERROR - 2019-04-28 15:04:39 --> 404 Page Not Found: img/homepage/Layer-31.png
ERROR - 2019-04-28 15:04:43 --> 404 Page Not Found: img/homepage/Layer-31.png
ERROR - 2019-04-28 15:04:43 --> 404 Page Not Found: img/homepage/marker.png
ERROR - 2019-04-28 15:04:43 --> 404 Page Not Found: img/homepage/phone.png
ERROR - 2019-04-28 15:04:43 --> 404 Page Not Found: img/homepage/Layer-31.png
ERROR - 2019-04-28 15:05:26 --> 404 Page Not Found: img/homepage/Layer-31.png
ERROR - 2019-04-28 15:05:26 --> 404 Page Not Found: img/homepage/marker.png
ERROR - 2019-04-28 15:05:26 --> 404 Page Not Found: img/homepage/phone.png
ERROR - 2019-04-28 15:05:26 --> 404 Page Not Found: img/homepage/Layer-31.png
ERROR - 2019-04-28 15:05:31 --> 404 Page Not Found: img/homepage/Layer-31.png
ERROR - 2019-04-28 15:05:31 --> 404 Page Not Found: img/homepage/marker.png
ERROR - 2019-04-28 15:05:31 --> 404 Page Not Found: img/homepage/phone.png
ERROR - 2019-04-28 15:07:17 --> 404 Page Not Found: img/homepage/Layer-31.png
ERROR - 2019-04-28 15:07:17 --> 404 Page Not Found: img/homepage/marker.png
ERROR - 2019-04-28 15:07:18 --> 404 Page Not Found: img/homepage/phone.png
ERROR - 2019-04-28 15:07:18 --> 404 Page Not Found: img/homepage/Layer-31.png
ERROR - 2019-04-28 15:07:24 --> 404 Page Not Found: img/homepage/marker.png
ERROR - 2019-04-28 15:07:24 --> 404 Page Not Found: img/homepage/Layer-31.png
ERROR - 2019-04-28 15:07:24 --> 404 Page Not Found: img/homepage/phone.png
ERROR - 2019-04-28 15:07:34 --> 404 Page Not Found: img/homepage/marker.png
ERROR - 2019-04-28 15:07:34 --> 404 Page Not Found: img/homepage/Layer-31.png
ERROR - 2019-04-28 15:07:34 --> 404 Page Not Found: img/homepage/phone.png
ERROR - 2019-04-28 15:07:34 --> 404 Page Not Found: img/homepage/Layer-31.png
ERROR - 2019-04-28 15:07:38 --> 404 Page Not Found: img/homepage/Layer-31.png
ERROR - 2019-04-28 15:07:38 --> 404 Page Not Found: img/homepage/marker.png
ERROR - 2019-04-28 15:07:38 --> 404 Page Not Found: img/homepage/phone.png
ERROR - 2019-04-28 15:07:40 --> 404 Page Not Found: img/homepage/Layer-31.png
ERROR - 2019-04-28 15:07:40 --> 404 Page Not Found: img/homepage/marker.png
ERROR - 2019-04-28 15:07:40 --> 404 Page Not Found: img/homepage/phone.png
ERROR - 2019-04-28 15:10:05 --> 404 Page Not Found: img/homepage/Layer-31.png
ERROR - 2019-04-28 15:10:05 --> 404 Page Not Found: img/homepage/marker.png
ERROR - 2019-04-28 15:10:05 --> 404 Page Not Found: img/homepage/phone.png
ERROR - 2019-04-28 15:10:05 --> 404 Page Not Found: img/homepage/Layer-31.png
ERROR - 2019-04-28 15:11:07 --> 404 Page Not Found: img/homepage/Layer-31.png
ERROR - 2019-04-28 15:11:07 --> 404 Page Not Found: img/homepage/marker.png
ERROR - 2019-04-28 15:11:07 --> 404 Page Not Found: img/homepage/phone.png
ERROR - 2019-04-28 15:11:07 --> 404 Page Not Found: img/homepage/Layer-31.png
ERROR - 2019-04-28 15:15:08 --> 404 Page Not Found: img/our_team/person1.png
ERROR - 2019-04-28 15:15:08 --> 404 Page Not Found: img/our_team/person1.png
ERROR - 2019-04-28 15:22:47 --> 404 Page Not Found: costumers.html
ERROR - 2019-04-28 15:23:40 --> 404 Page Not Found: index.html
ERROR - 2019-04-28 15:28:12 --> 404 Page Not Found: assets/fontawesome/css/all.css
ERROR - 2019-04-28 15:28:13 --> 404 Page Not Found: assets/img/logo.png
ERROR - 2019-04-28 15:28:17 --> 404 Page Not Found: assets/fontawesome/css/all.css
ERROR - 2019-04-28 15:28:21 --> 404 Page Not Found: assets/fontawesome/css/all.css
ERROR - 2019-04-28 15:28:23 --> 404 Page Not Found: assets/fontawesome/css/all.css
ERROR - 2019-04-28 15:28:26 --> 404 Page Not Found: assets/fontawesome/css/all.css
ERROR - 2019-04-28 15:28:26 --> 404 Page Not Found: assets/img/background.jpg
ERROR - 2019-04-28 15:28:35 --> 404 Page Not Found: assets/fontawesome/css/all.css
ERROR - 2019-04-28 15:28:37 --> 404 Page Not Found: assets/fontawesome/css/all.css
ERROR - 2019-04-28 15:28:39 --> 404 Page Not Found: assets/img/logo.png
ERROR - 2019-04-28 15:28:39 --> 404 Page Not Found: assets/fontawesome/css/all.css
ERROR - 2019-04-28 15:28:50 --> 404 Page Not Found: assets/img/logo.png
ERROR - 2019-04-28 15:28:50 --> 404 Page Not Found: assets/fontawesome/css/all.css
ERROR - 2019-04-28 15:28:52 --> 404 Page Not Found: assets/fontawesome/css/all.css
ERROR - 2019-04-28 15:28:52 --> 404 Page Not Found: assets/img/logo.png
ERROR - 2019-04-28 15:28:56 --> 404 Page Not Found: assets/fontawesome/css/all.css
ERROR - 2019-04-28 15:28:59 --> 404 Page Not Found: assets/fontawesome/css/all.css
ERROR - 2019-04-28 15:29:01 --> 404 Page Not Found: assets/fontawesome/css/all.css
ERROR - 2019-04-28 15:29:30 --> 404 Page Not Found: assets/fontawesome/css/all.css
ERROR - 2019-04-28 15:29:33 --> 404 Page Not Found: assets/fontawesome/css/all.css
ERROR - 2019-04-28 15:29:37 --> 404 Page Not Found: assets/fontawesome/css/all.css
ERROR - 2019-04-28 15:29:55 --> 404 Page Not Found: assets/fontawesome/css/all.css
ERROR - 2019-04-28 15:29:59 --> 404 Page Not Found: assets/fontawesome/css/all.css
ERROR - 2019-04-28 15:29:59 --> 404 Page Not Found: assets/img/background.jpg
ERROR - 2019-04-28 15:30:17 --> 404 Page Not Found: assets/fontawesome/css/all.css
ERROR - 2019-04-28 15:30:17 --> 404 Page Not Found: assets/img/background.jpg
ERROR - 2019-04-28 15:30:18 --> 404 Page Not Found: assets/fontawesome/css/all.css
ERROR - 2019-04-28 15:30:19 --> 404 Page Not Found: assets/img/background.jpg
ERROR - 2019-04-28 15:30:28 --> 404 Page Not Found: assets/fontawesome/css/all.css
ERROR - 2019-04-28 15:30:29 --> 404 Page Not Found: assets/fontawesome/css/all.css
ERROR - 2019-04-28 15:30:31 --> 404 Page Not Found: assets/fontawesome/css/all.css
ERROR - 2019-04-28 15:30:32 --> 404 Page Not Found: assets/fontawesome/css/all.css
ERROR - 2019-04-28 15:30:37 --> 404 Page Not Found: assets/fontawesome/css/all.css
ERROR - 2019-04-28 15:30:37 --> 404 Page Not Found: assets/img/logo.png
ERROR - 2019-04-28 15:30:39 --> 404 Page Not Found: assets/fontawesome/css/all.css
ERROR - 2019-04-28 15:30:41 --> 404 Page Not Found: assets/fontawesome/css/all.css
ERROR - 2019-04-28 15:30:46 --> 404 Page Not Found: assets/fontawesome/css/all.css
ERROR - 2019-04-28 15:30:49 --> 404 Page Not Found: assets/fontawesome/css/all.css
ERROR - 2019-04-28 15:31:03 --> 404 Page Not Found: assets/fontawesome/css/all.css
ERROR - 2019-04-28 15:31:07 --> 404 Page Not Found: assets/fontawesome/css/all.css
ERROR - 2019-04-28 15:31:09 --> 404 Page Not Found: assets/fontawesome/css/all.css
ERROR - 2019-04-28 15:44:20 --> 404 Page Not Found: hratarakumner.html
ERROR - 2019-04-28 15:44:20 --> 404 Page Not Found: does_not_exist_92119
ERROR - 2019-04-28 15:44:26 --> 404 Page Not Found: hratarakumner.html
ERROR - 2019-04-28 15:44:32 --> 404 Page Not Found: adminr.html
ERROR - 2019-04-28 15:44:32 --> 404 Page Not Found: does_not_exist_63385
ERROR - 2019-04-28 15:44:37 --> 404 Page Not Found: assets/fontawesome/css/all.css
ERROR - 2019-04-28 15:44:37 --> 404 Page Not Found: assets/img/logo.png
ERROR - 2019-04-28 15:44:44 --> 404 Page Not Found: assets/fontawesome/css/all.css
ERROR - 2019-04-28 15:44:45 --> 404 Page Not Found: assets/fontawesome/css/all.css
ERROR - 2019-04-28 15:44:48 --> 404 Page Not Found: assets/fontawesome/css/all.css
ERROR - 2019-04-28 15:44:50 --> 404 Page Not Found: assets/fontawesome/css/all.css
ERROR - 2019-04-28 15:44:50 --> 404 Page Not Found: assets/img/background.jpg
ERROR - 2019-04-28 15:45:21 --> 404 Page Not Found: assets/fontawesome/css/all.css
ERROR - 2019-04-28 15:45:21 --> 404 Page Not Found: assets/img/background.jpg
ERROR - 2019-04-28 15:45:25 --> 404 Page Not Found: assets/fontawesome/css/all.css
ERROR - 2019-04-28 15:45:25 --> 404 Page Not Found: assets/img/background.jpg
ERROR - 2019-04-28 15:45:31 --> 404 Page Not Found: assets/fontawesome/css/all.css
ERROR - 2019-04-28 15:45:33 --> 404 Page Not Found: assets/fontawesome/css/all.css
ERROR - 2019-04-28 15:45:35 --> 404 Page Not Found: assets/fontawesome/css/all.css
ERROR - 2019-04-28 15:45:37 --> 404 Page Not Found: assets/fontawesome/css/all.css
ERROR - 2019-04-28 15:45:42 --> 404 Page Not Found: assets/fontawesome/css/all.css
ERROR - 2019-04-28 15:45:44 --> 404 Page Not Found: assets/fontawesome/css/all.css
ERROR - 2019-04-28 15:46:15 --> 404 Page Not Found: assets/fontawesome/css/all.css
ERROR - 2019-04-28 15:46:16 --> 404 Page Not Found: assets/fontawesome/css/all.css
ERROR - 2019-04-28 15:46:27 --> 404 Page Not Found: assets/fontawesome/css/all.css
ERROR - 2019-04-28 15:46:27 --> 404 Page Not Found: assets/fontawesome/css/all.css
ERROR - 2019-04-28 15:50:56 --> 404 Page Not Found: assets/fontawesome/css/all.css
ERROR - 2019-04-28 15:50:57 --> 404 Page Not Found: assets/img/logo.png
ERROR - 2019-04-28 15:50:59 --> 404 Page Not Found: assets/fontawesome/css/all.css
ERROR - 2019-04-28 15:51:12 --> 404 Page Not Found: assets/fontawesome/css/all.css
ERROR - 2019-04-28 15:51:42 --> 404 Page Not Found: assets/fontawesome/css/all.css
ERROR - 2019-04-28 15:51:46 --> 404 Page Not Found: assets/fontawesome/css/all.css
ERROR - 2019-04-28 15:51:50 --> 404 Page Not Found: assets/fontawesome/css/all.css
ERROR - 2019-04-28 15:51:54 --> 404 Page Not Found: assets/fontawesome/css/all.css
ERROR - 2019-04-28 15:51:57 --> 404 Page Not Found: assets/fontawesome/css/all.css
ERROR - 2019-04-28 15:52:00 --> 404 Page Not Found: assets/fontawesome/css/all.css
ERROR - 2019-04-28 15:52:06 --> 404 Page Not Found: assets/fontawesome/css/all.css
ERROR - 2019-04-28 15:52:13 --> 404 Page Not Found: assets/fontawesome/css/all.css
ERROR - 2019-04-28 15:52:16 --> 404 Page Not Found: assets/fontawesome/css/all.css
ERROR - 2019-04-28 15:52:18 --> 404 Page Not Found: assets/fontawesome/css/all.css
ERROR - 2019-04-28 15:52:20 --> 404 Page Not Found: assets/fontawesome/css/all.css
ERROR - 2019-04-28 15:52:59 --> 404 Page Not Found: assets/fontawesome/css/all.css
ERROR - 2019-04-28 15:52:59 --> 404 Page Not Found: assets/img/logo.png
ERROR - 2019-04-28 15:59:44 --> 404 Page Not Found: assets/fontawesome/css/all.css
ERROR - 2019-04-28 15:59:44 --> 404 Page Not Found: assets/fontawesome/css/all.css
ERROR - 2019-04-28 15:59:49 --> 404 Page Not Found: assets/fontawesome/css/all.css
ERROR - 2019-04-28 15:59:57 --> 404 Page Not Found: assets/fontawesome/css/all.css
ERROR - 2019-04-28 16:00:03 --> 404 Page Not Found: assets/fontawesome/css/all.css
ERROR - 2019-04-28 16:03:25 --> 404 Page Not Found: assets/fontawesome/css/all.css
ERROR - 2019-04-28 16:03:36 --> 404 Page Not Found: assets/fontawesome/css/all.css
ERROR - 2019-04-28 16:03:37 --> 404 Page Not Found: assets/fontawesome/css/all.css
ERROR - 2019-04-28 16:03:40 --> 404 Page Not Found: assets/fontawesome/css/all.css
ERROR - 2019-04-28 16:03:42 --> 404 Page Not Found: assets/fontawesome/css/all.css
ERROR - 2019-04-28 16:03:50 --> 404 Page Not Found: assets/fontawesome/css/all.css
ERROR - 2019-04-28 16:07:52 --> 404 Page Not Found: hratarakumner.html
ERROR - 2019-04-28 16:15:04 --> 404 Page Not Found: hratarakumner.html
ERROR - 2019-04-28 16:27:45 --> 404 Page Not Found: hratarakumner.html
ERROR - 2019-04-28 16:32:39 --> 404 Page Not Found: css/reset.css
ERROR - 2019-04-28 16:32:39 --> 404 Page Not Found: css/style.css
ERROR - 2019-04-28 16:32:39 --> 404 Page Not Found: js/jquery-3.3.1.min.js
ERROR - 2019-04-28 16:32:40 --> 404 Page Not Found: img/homepage/Logo.png
ERROR - 2019-04-28 16:32:40 --> 404 Page Not Found: img/homepage/phone.png
ERROR - 2019-04-28 16:32:40 --> 404 Page Not Found: img/homepage/Layer-31.png
ERROR - 2019-04-28 16:32:40 --> 404 Page Not Found: img/homepage/marker.png
ERROR - 2019-04-28 16:32:40 --> 404 Page Not Found: css/style.css
ERROR - 2019-04-28 16:32:40 --> 404 Page Not Found: js/jquery-3.3.1.min.js
ERROR - 2019-04-28 16:32:40 --> 404 Page Not Found: img/homepage/Layer-31.png
ERROR - 2019-04-28 16:32:57 --> 404 Page Not Found: css/style.css
ERROR - 2019-04-28 16:32:57 --> 404 Page Not Found: css/reset.css
ERROR - 2019-04-28 16:32:57 --> 404 Page Not Found: js/jquery-3.3.1.min.js
ERROR - 2019-04-28 16:32:57 --> 404 Page Not Found: img/homepage/Logo.png
ERROR - 2019-04-28 16:32:57 --> 404 Page Not Found: img/homepage/Layer-31.png
ERROR - 2019-04-28 16:32:57 --> 404 Page Not Found: img/homepage/marker.png
ERROR - 2019-04-28 16:32:57 --> 404 Page Not Found: img/homepage/phone.png
ERROR - 2019-04-28 16:32:57 --> 404 Page Not Found: css/reset.css
ERROR - 2019-04-28 16:32:57 --> 404 Page Not Found: css/style.css
ERROR - 2019-04-28 16:32:58 --> 404 Page Not Found: js/jquery-3.3.1.min.js
ERROR - 2019-04-28 16:32:58 --> 404 Page Not Found: img/homepage/Layer-31.png
ERROR - 2019-04-28 16:32:59 --> 404 Page Not Found: img/homepage/Layer-31.png
ERROR - 2019-04-28 16:32:59 --> 404 Page Not Found: img/homepage/marker.png
ERROR - 2019-04-28 16:33:00 --> 404 Page Not Found: img/homepage/phone.png
ERROR - 2019-04-28 16:35:22 --> 404 Page Not Found: single_news.html
ERROR - 2019-04-28 16:41:41 --> 404 Page Not Found: team_single.html
ERROR - 2019-04-28 16:47:29 --> 404 Page Not Found: orensdrakan_popoxutyunner.html
