ERROR - 2018-12-23 22:21:45 --> Severity: Notice --> Undefined variable: about D:\OpenServer\domains\localhost\study\application\modules\admin\views\requirements.php 36
ERROR - 2018-12-23 22:21:45 --> Severity: Notice --> Undefined variable: about D:\OpenServer\domains\localhost\study\application\modules\admin\views\requirements.php 41
ERROR - 2018-12-23 22:21:45 --> Severity: Notice --> Undefined variable: why_apply D:\OpenServer\domains\localhost\study\application\modules\admin\views\requirements.php 48
ERROR - 2018-12-23 22:21:45 --> Severity: Notice --> Undefined variable: why_apply D:\OpenServer\domains\localhost\study\application\modules\admin\views\requirements.php 53
ERROR - 2018-12-23 22:21:45 --> Severity: Notice --> Undefined variable: why_recruit D:\OpenServer\domains\localhost\study\application\modules\admin\views\requirements.php 60
ERROR - 2018-12-23 22:21:45 --> Severity: Notice --> Undefined variable: why_recruit D:\OpenServer\domains\localhost\study\application\modules\admin\views\requirements.php 65
ERROR - 2018-12-23 22:21:45 --> Severity: Notice --> Undefined variable: meta_keyword D:\OpenServer\domains\localhost\study\application\modules\admin\views\requirements.php 74
ERROR - 2018-12-23 22:21:45 --> Severity: Notice --> Undefined variable: meta_description D:\OpenServer\domains\localhost\study\application\modules\admin\views\requirements.php 82
ERROR - 2018-12-23 22:22:55 --> Severity: Notice --> Undefined variable: details D:\OpenServer\domains\localhost\study\application\modules\admin\views\requirements.php 36
ERROR - 2018-12-23 22:22:55 --> Severity: Notice --> Undefined variable: details D:\OpenServer\domains\localhost\study\application\modules\admin\views\requirements.php 41
ERROR - 2018-12-23 22:22:55 --> Severity: Notice --> Undefined variable: meta_keyword D:\OpenServer\domains\localhost\study\application\modules\admin\views\requirements.php 52
ERROR - 2018-12-23 22:22:55 --> Severity: Notice --> Undefined variable: meta_description D:\OpenServer\domains\localhost\study\application\modules\admin\views\requirements.php 60
ERROR - 2018-12-23 22:23:19 --> Severity: Notice --> Undefined variable: details D:\OpenServer\domains\localhost\study\application\modules\admin\views\requirements.php 36
ERROR - 2018-12-23 22:23:19 --> Severity: Notice --> Undefined variable: details D:\OpenServer\domains\localhost\study\application\modules\admin\views\requirements.php 41
ERROR - 2018-12-23 22:23:19 --> Severity: Notice --> Undefined variable: meta_keyword D:\OpenServer\domains\localhost\study\application\modules\admin\views\requirements.php 52
ERROR - 2018-12-23 22:23:19 --> Severity: Notice --> Undefined variable: meta_description D:\OpenServer\domains\localhost\study\application\modules\admin\views\requirements.php 60
ERROR - 2018-12-23 22:23:25 --> 404 Page Not Found: ../modules/admin/controllers/Sysadmin/requirements_ax
ERROR - 2018-12-23 22:31:33 --> Severity: Notice --> Undefined variable: details D:\OpenServer\domains\localhost\study\application\modules\admin\views\requirements.php 48
ERROR - 2018-12-23 22:31:33 --> Severity: Notice --> Undefined variable: details D:\OpenServer\domains\localhost\study\application\modules\admin\views\requirements.php 53
ERROR - 2018-12-23 22:31:33 --> Severity: Notice --> Undefined variable: meta_keyword D:\OpenServer\domains\localhost\study\application\modules\admin\views\requirements.php 64
ERROR - 2018-12-23 22:31:33 --> Severity: Notice --> Undefined variable: meta_description D:\OpenServer\domains\localhost\study\application\modules\admin\views\requirements.php 72
ERROR - 2018-12-23 22:35:55 --> Severity: Notice --> Undefined variable: details D:\OpenServer\domains\localhost\study\application\modules\admin\views\requirements.php 51
ERROR - 2018-12-23 22:35:55 --> Severity: Notice --> Undefined variable: details D:\OpenServer\domains\localhost\study\application\modules\admin\views\requirements.php 56
ERROR - 2018-12-23 22:35:55 --> Severity: Notice --> Undefined variable: meta_keyword D:\OpenServer\domains\localhost\study\application\modules\admin\views\requirements.php 67
ERROR - 2018-12-23 22:35:55 --> Severity: Notice --> Undefined variable: meta_description D:\OpenServer\domains\localhost\study\application\modules\admin\views\requirements.php 75
ERROR - 2018-12-23 22:36:19 --> Severity: Notice --> Undefined variable: meta_keyword D:\OpenServer\domains\localhost\study\application\modules\admin\views\requirements.php 65
ERROR - 2018-12-23 22:36:19 --> Severity: Notice --> Undefined variable: meta_description D:\OpenServer\domains\localhost\study\application\modules\admin\views\requirements.php 73
ERROR - 2018-12-23 22:45:03 --> Severity: Notice --> Undefined variable: result D:\OpenServer\domains\localhost\study\application\modules\admin\views\requirements.php 41
ERROR - 2018-12-23 22:45:03 --> Severity: Warning --> Invalid argument supplied for foreach() D:\OpenServer\domains\localhost\study\application\modules\admin\views\requirements.php 41
ERROR - 2018-12-23 22:45:33 --> Severity: Notice --> Undefined variable: result D:\OpenServer\domains\localhost\study\application\modules\admin\views\requirements.php 41
ERROR - 2018-12-23 22:45:33 --> Severity: Warning --> Invalid argument supplied for foreach() D:\OpenServer\domains\localhost\study\application\modules\admin\views\requirements.php 41
ERROR - 2018-12-23 22:45:35 --> 404 Page Not Found: admin/hy/add_requirements
ERROR - 2018-12-23 22:49:37 --> 404 Page Not Found: admin/hy/add_requirements
ERROR - 2018-12-23 22:49:41 --> Query error: Unknown column 'requirements.id' in 'field list' - Invalid query: 
            SELECT
                `requirements`.`id`,
                `partner_university`.`short_name_hy` AS `short_name`,
                `partner_university`.`name_hy` AS `name`,
                `grade_converter`.`title_hy` AS `grade_converter`,
                `partner_university`.`status`
             FROM
                `partner_university`
             LEFT JOIN `grade_converter` 
                ON `grade_converter`.`id` = `partner_university`.`grade_converter_id`
             WHERE 1      
        
ERROR - 2018-12-23 22:49:56 --> Query error: Unknown column 'requirements.id' in 'field list' - Invalid query: 
            SELECT
                `requirements`.`id`,
                `partner_university`.`short_name_hy` AS `short_name`,
                `partner_university`.`name_hy` AS `name`,
                `grade_converter`.`title_hy` AS `grade_converter`,
                `partner_university`.`status`
             FROM
                `partner_university`
             LEFT JOIN `grade_converter` 
                ON `grade_converter`.`id` = `partner_university`.`grade_converter_id`
             WHERE 1      
        
ERROR - 2018-12-23 23:37:21 --> 404 Page Not Found: admin/hy/add_requirements
