ERROR - 2018-12-24 00:41:49 --> 404 Page Not Found: admin/hy/add_requirements
ERROR - 2018-12-24 00:41:51 --> 404 Page Not Found: admin/hy/add_requirements
ERROR - 2018-12-24 00:41:52 --> 404 Page Not Found: admin/hy/add_requirements
ERROR - 2018-12-24 00:41:52 --> 404 Page Not Found: admin/hy/add_requirements
ERROR - 2018-12-24 00:41:53 --> 404 Page Not Found: admin/hy/add_requirements
ERROR - 2018-12-24 00:41:54 --> 404 Page Not Found: admin/hy/add_requirements
ERROR - 2018-12-24 00:41:55 --> 404 Page Not Found: admin/hy/add_requirements
ERROR - 2018-12-24 00:41:56 --> 404 Page Not Found: admin/hy/add_requirements
ERROR - 2018-12-24 00:41:56 --> 404 Page Not Found: admin/hy/add_requirements
ERROR - 2018-12-24 00:41:56 --> 404 Page Not Found: admin/hy/add_requirements
ERROR - 2018-12-24 00:41:56 --> 404 Page Not Found: admin/hy/add_requirements
ERROR - 2018-12-24 00:41:57 --> 404 Page Not Found: admin/hy/add_requirements
ERROR - 2018-12-24 00:43:38 --> 404 Page Not Found: assets/admin/assets/libs/quill/dist/quill.min.js.map
ERROR - 2018-12-24 00:43:38 --> 404 Page Not Found: assets/admin/assets/libs/bootstrap/dist/js/bootstrap.min.js.map
ERROR - 2018-12-24 00:43:38 --> 404 Page Not Found: assets/admin/assets/libs/popper.js/dist/umd/popper.min.js.map
ERROR - 2018-12-24 00:43:39 --> 404 Page Not Found: assets/admin/dist/css/icons/material-design-iconic-font/css/materialdesignicons.min.css.map
ERROR - 2018-12-24 00:43:45 --> 404 Page Not Found: ../modules/admin/controllers/Sysadmin/add_requirements_ax
ERROR - 2018-12-24 00:49:57 --> 404 Page Not Found: assets/admin/assets/libs/popper.js/dist/umd/popper.min.js.map
ERROR - 2018-12-24 00:49:57 --> 404 Page Not Found: assets/admin/assets/libs/quill/dist/quill.min.js.map
ERROR - 2018-12-24 00:49:57 --> 404 Page Not Found: assets/admin/assets/libs/bootstrap/dist/js/bootstrap.min.js.map
ERROR - 2018-12-24 00:49:57 --> 404 Page Not Found: assets/admin/dist/css/icons/material-design-iconic-font/css/materialdesignicons.min.css.map
ERROR - 2018-12-24 00:50:41 --> 404 Page Not Found: assets/admin/assets/libs/quill/dist/quill.min.js.map
ERROR - 2018-12-24 00:50:41 --> 404 Page Not Found: assets/admin/assets/libs/popper.js/dist/umd/popper.min.js.map
ERROR - 2018-12-24 00:50:41 --> 404 Page Not Found: assets/admin/assets/libs/bootstrap/dist/js/bootstrap.min.js.map
ERROR - 2018-12-24 00:50:41 --> 404 Page Not Found: assets/admin/dist/css/icons/material-design-iconic-font/css/materialdesignicons.min.css.map
ERROR - 2018-12-24 00:52:15 --> 404 Page Not Found: assets/admin/assets/libs/popper.js/dist/umd/popper.min.js.map
ERROR - 2018-12-24 00:52:15 --> 404 Page Not Found: assets/admin/assets/libs/bootstrap/dist/js/bootstrap.min.js.map
ERROR - 2018-12-24 00:52:15 --> 404 Page Not Found: assets/admin/assets/libs/quill/dist/quill.min.js.map
ERROR - 2018-12-24 00:52:15 --> 404 Page Not Found: assets/admin/dist/css/icons/material-design-iconic-font/css/materialdesignicons.min.css.map
ERROR - 2018-12-24 00:52:41 --> 404 Page Not Found: assets/admin/assets/libs/popper.js/dist/umd/popper.min.js.map
ERROR - 2018-12-24 00:52:41 --> 404 Page Not Found: assets/admin/assets/libs/quill/dist/quill.min.js.map
ERROR - 2018-12-24 00:52:41 --> 404 Page Not Found: assets/admin/assets/libs/bootstrap/dist/js/bootstrap.min.js.map
ERROR - 2018-12-24 00:52:41 --> 404 Page Not Found: assets/admin/dist/css/icons/material-design-iconic-font/css/materialdesignicons.min.css.map
ERROR - 2018-12-24 00:52:55 --> 404 Page Not Found: assets/admin/assets/libs/quill/dist/quill.min.js.map
ERROR - 2018-12-24 00:52:55 --> 404 Page Not Found: assets/admin/assets/libs/bootstrap/dist/js/bootstrap.min.js.map
ERROR - 2018-12-24 00:52:55 --> 404 Page Not Found: assets/admin/assets/libs/popper.js/dist/umd/popper.min.js.map
ERROR - 2018-12-24 00:52:55 --> 404 Page Not Found: assets/admin/dist/css/icons/material-design-iconic-font/css/materialdesignicons.min.css.map
ERROR - 2018-12-24 00:53:02 --> Query error: Unknown column 'meta_keyword_hy' in 'field list' - Invalid query: INSERT INTO `requirements`
                    SET 
                      `title_hy` = 'gdf',
                      `description_hy` = '<p>df</p>',
                      `alias_hy` = 'gdf',
                      `meta_keyword_hy` = NULL,
                      `meta_description_hy` = NULL,
                      `status` = '1'
                
ERROR - 2018-12-24 00:54:30 --> Query error: Unknown column 'meta_description_hy' in 'field list' - Invalid query: INSERT INTO `requirements`
                    SET 
                      `title_hy` = 'gdf',
                      `description_hy` = '<p>df</p>',
                      `alias_hy` = 'gdf',
                      `meta_keyword_hy` = NULL,
                      `meta_description_hy` = NULL,
                      `status` = '1'
                
ERROR - 2018-12-24 00:59:02 --> 404 Page Not Found: admin/hy/edit_requirements/1
ERROR - 2018-12-24 00:59:26 --> 404 Page Not Found: ../modules/admin/controllers/Sysadmin/edit_requirements
ERROR - 2018-12-24 00:59:27 --> 404 Page Not Found: ../modules/admin/controllers/Sysadmin/edit_requirements
ERROR - 2018-12-24 00:59:28 --> 404 Page Not Found: ../modules/admin/controllers/Sysadmin/edit_requirements
ERROR - 2018-12-24 00:59:29 --> 404 Page Not Found: ../modules/admin/controllers/Sysadmin/edit_requirements
ERROR - 2018-12-24 00:59:29 --> 404 Page Not Found: ../modules/admin/controllers/Sysadmin/edit_requirements
ERROR - 2018-12-24 00:59:29 --> 404 Page Not Found: ../modules/admin/controllers/Sysadmin/edit_requirements
ERROR - 2018-12-24 00:59:30 --> 404 Page Not Found: ../modules/admin/controllers/Sysadmin/edit_requirements
ERROR - 2018-12-24 00:59:30 --> 404 Page Not Found: ../modules/admin/controllers/Sysadmin/edit_requirements
ERROR - 2018-12-24 00:59:32 --> 404 Page Not Found: ../modules/admin/controllers/Sysadmin/edit_requirements
ERROR - 2018-12-24 00:59:32 --> 404 Page Not Found: ../modules/admin/controllers/Sysadmin/edit_requirements
ERROR - 2018-12-24 00:59:33 --> 404 Page Not Found: ../modules/admin/controllers/Sysadmin/edit_requirements
ERROR - 2018-12-24 00:59:33 --> 404 Page Not Found: ../modules/admin/controllers/Sysadmin/edit_requirements
ERROR - 2018-12-24 00:59:33 --> 404 Page Not Found: ../modules/admin/controllers/Sysadmin/edit_requirements
ERROR - 2018-12-24 00:59:34 --> 404 Page Not Found: ../modules/admin/controllers/Sysadmin/edit_requirements
ERROR - 2018-12-24 00:59:34 --> 404 Page Not Found: ../modules/admin/controllers/Sysadmin/edit_requirements
ERROR - 2018-12-24 00:59:34 --> 404 Page Not Found: ../modules/admin/controllers/Sysadmin/edit_requirements
ERROR - 2018-12-24 00:59:34 --> 404 Page Not Found: ../modules/admin/controllers/Sysadmin/edit_requirements
ERROR - 2018-12-24 00:59:34 --> 404 Page Not Found: ../modules/admin/controllers/Sysadmin/edit_requirements
ERROR - 2018-12-24 00:59:36 --> 404 Page Not Found: ../modules/admin/controllers/Sysadmin/edit_requirements
ERROR - 2018-12-24 00:59:37 --> 404 Page Not Found: ../modules/admin/controllers/Sysadmin/edit_requirements
ERROR - 2018-12-24 00:59:37 --> 404 Page Not Found: ../modules/admin/controllers/Sysadmin/edit_requirements
ERROR - 2018-12-24 00:59:37 --> 404 Page Not Found: ../modules/admin/controllers/Sysadmin/edit_requirements
ERROR - 2018-12-24 00:59:38 --> 404 Page Not Found: ../modules/admin/controllers/Sysadmin/edit_requirements
ERROR - 2018-12-24 00:59:38 --> 404 Page Not Found: ../modules/admin/controllers/Sysadmin/edit_requirements
ERROR - 2018-12-24 00:59:38 --> 404 Page Not Found: ../modules/admin/controllers/Sysadmin/edit_requirements
ERROR - 2018-12-24 00:59:39 --> 404 Page Not Found: ../modules/admin/controllers/Sysadmin/edit_requirements
ERROR - 2018-12-24 00:59:39 --> 404 Page Not Found: ../modules/admin/controllers/Sysadmin/edit_requirements
ERROR - 2018-12-24 00:59:40 --> 404 Page Not Found: ../modules/admin/controllers/Sysadmin/edit_requirements
ERROR - 2018-12-24 00:59:40 --> 404 Page Not Found: ../modules/admin/controllers/Sysadmin/edit_requirements
ERROR - 2018-12-24 00:59:41 --> 404 Page Not Found: ../modules/admin/controllers/Sysadmin/edit_requirements
ERROR - 2018-12-24 00:59:41 --> 404 Page Not Found: ../modules/admin/controllers/Sysadmin/edit_requirements
ERROR - 2018-12-24 00:59:41 --> 404 Page Not Found: ../modules/admin/controllers/Sysadmin/edit_requirements
ERROR - 2018-12-24 00:59:42 --> 404 Page Not Found: ../modules/admin/controllers/Sysadmin/edit_requirements
ERROR - 2018-12-24 00:59:42 --> 404 Page Not Found: ../modules/admin/controllers/Sysadmin/edit_requirements
ERROR - 2018-12-24 00:59:42 --> 404 Page Not Found: ../modules/admin/controllers/Sysadmin/edit_requirements
ERROR - 2018-12-24 00:59:42 --> 404 Page Not Found: ../modules/admin/controllers/Sysadmin/edit_requirements
ERROR - 2018-12-24 00:59:43 --> 404 Page Not Found: ../modules/admin/controllers/Sysadmin/edit_requirements
ERROR - 2018-12-24 00:59:43 --> 404 Page Not Found: ../modules/admin/controllers/Sysadmin/edit_requirements
ERROR - 2018-12-24 00:59:43 --> 404 Page Not Found: ../modules/admin/controllers/Sysadmin/edit_requirements
ERROR - 2018-12-24 00:59:43 --> 404 Page Not Found: ../modules/admin/controllers/Sysadmin/edit_requirements
ERROR - 2018-12-24 00:59:43 --> 404 Page Not Found: ../modules/admin/controllers/Sysadmin/edit_requirements
ERROR - 2018-12-24 00:59:44 --> 404 Page Not Found: ../modules/admin/controllers/Sysadmin/edit_requirements
ERROR - 2018-12-24 00:59:44 --> 404 Page Not Found: ../modules/admin/controllers/Sysadmin/edit_requirements
ERROR - 2018-12-24 00:59:44 --> 404 Page Not Found: ../modules/admin/controllers/Sysadmin/edit_requirements
ERROR - 2018-12-24 00:59:44 --> 404 Page Not Found: ../modules/admin/controllers/Sysadmin/edit_requirements
ERROR - 2018-12-24 00:59:45 --> 404 Page Not Found: ../modules/admin/controllers/Sysadmin/edit_requirements
ERROR - 2018-12-24 00:59:45 --> 404 Page Not Found: ../modules/admin/controllers/Sysadmin/edit_requirements
ERROR - 2018-12-24 00:59:45 --> 404 Page Not Found: ../modules/admin/controllers/Sysadmin/edit_requirements
ERROR - 2018-12-24 00:59:45 --> 404 Page Not Found: ../modules/admin/controllers/Sysadmin/edit_requirements
ERROR - 2018-12-24 00:59:46 --> 404 Page Not Found: ../modules/admin/controllers/Sysadmin/edit_requirements
ERROR - 2018-12-24 01:01:56 --> Severity: Notice --> Undefined index: text D:\OpenServer\domains\localhost\study\application\modules\admin\views\edit_grade_converter.php 60
ERROR - 2018-12-24 01:01:56 --> Severity: Notice --> Undefined index: text D:\OpenServer\domains\localhost\study\application\modules\admin\views\edit_grade_converter.php 64
ERROR - 2018-12-24 01:01:56 --> Severity: Notice --> Undefined variable: grade_converter D:\OpenServer\domains\localhost\study\application\modules\admin\views\edit_grade_converter.php 73
ERROR - 2018-12-24 01:01:56 --> Severity: Warning --> Invalid argument supplied for foreach() D:\OpenServer\domains\localhost\study\application\modules\admin\views\edit_grade_converter.php 73
ERROR - 2018-12-24 01:02:21 --> Severity: Notice --> Undefined index: text D:\OpenServer\domains\localhost\study\application\modules\admin\views\edit_grade_converter.php 60
ERROR - 2018-12-24 01:02:21 --> Severity: Notice --> Undefined index: text D:\OpenServer\domains\localhost\study\application\modules\admin\views\edit_grade_converter.php 64
ERROR - 2018-12-24 01:02:21 --> Severity: Notice --> Undefined variable: grade_converter D:\OpenServer\domains\localhost\study\application\modules\admin\views\edit_grade_converter.php 73
ERROR - 2018-12-24 01:02:21 --> Severity: Warning --> Invalid argument supplied for foreach() D:\OpenServer\domains\localhost\study\application\modules\admin\views\edit_grade_converter.php 73
ERROR - 2018-12-24 01:03:08 --> Severity: Notice --> Undefined index: text D:\OpenServer\domains\localhost\study\application\modules\admin\views\edit_grade_converter.php 60
ERROR - 2018-12-24 01:03:09 --> Severity: Notice --> Undefined index: text D:\OpenServer\domains\localhost\study\application\modules\admin\views\edit_grade_converter.php 64
ERROR - 2018-12-24 01:03:09 --> Severity: Notice --> Undefined variable: grade_converter D:\OpenServer\domains\localhost\study\application\modules\admin\views\edit_grade_converter.php 73
ERROR - 2018-12-24 01:03:09 --> Severity: Warning --> Invalid argument supplied for foreach() D:\OpenServer\domains\localhost\study\application\modules\admin\views\edit_grade_converter.php 73
ERROR - 2018-12-24 01:03:10 --> Severity: Notice --> Undefined index: text D:\OpenServer\domains\localhost\study\application\modules\admin\views\edit_grade_converter.php 60
ERROR - 2018-12-24 01:03:10 --> Severity: Notice --> Undefined index: text D:\OpenServer\domains\localhost\study\application\modules\admin\views\edit_grade_converter.php 64
ERROR - 2018-12-24 01:03:10 --> Severity: Notice --> Undefined variable: grade_converter D:\OpenServer\domains\localhost\study\application\modules\admin\views\edit_grade_converter.php 73
ERROR - 2018-12-24 01:03:11 --> Severity: Warning --> Invalid argument supplied for foreach() D:\OpenServer\domains\localhost\study\application\modules\admin\views\edit_grade_converter.php 73
ERROR - 2018-12-24 01:03:12 --> Severity: Notice --> Undefined index: text D:\OpenServer\domains\localhost\study\application\modules\admin\views\edit_grade_converter.php 60
ERROR - 2018-12-24 01:03:12 --> Severity: Notice --> Undefined index: text D:\OpenServer\domains\localhost\study\application\modules\admin\views\edit_grade_converter.php 64
ERROR - 2018-12-24 01:03:12 --> Severity: Notice --> Undefined variable: grade_converter D:\OpenServer\domains\localhost\study\application\modules\admin\views\edit_grade_converter.php 73
ERROR - 2018-12-24 01:03:12 --> Severity: Warning --> Invalid argument supplied for foreach() D:\OpenServer\domains\localhost\study\application\modules\admin\views\edit_grade_converter.php 73
ERROR - 2018-12-24 01:03:13 --> Severity: Notice --> Undefined index: text D:\OpenServer\domains\localhost\study\application\modules\admin\views\edit_grade_converter.php 60
ERROR - 2018-12-24 01:03:13 --> Severity: Notice --> Undefined index: text D:\OpenServer\domains\localhost\study\application\modules\admin\views\edit_grade_converter.php 64
ERROR - 2018-12-24 01:03:13 --> Severity: Notice --> Undefined variable: grade_converter D:\OpenServer\domains\localhost\study\application\modules\admin\views\edit_grade_converter.php 73
ERROR - 2018-12-24 01:03:13 --> Severity: Warning --> Invalid argument supplied for foreach() D:\OpenServer\domains\localhost\study\application\modules\admin\views\edit_grade_converter.php 73
ERROR - 2018-12-24 01:03:13 --> Severity: Notice --> Undefined index: text D:\OpenServer\domains\localhost\study\application\modules\admin\views\edit_grade_converter.php 60
ERROR - 2018-12-24 01:03:13 --> Severity: Notice --> Undefined index: text D:\OpenServer\domains\localhost\study\application\modules\admin\views\edit_grade_converter.php 64
ERROR - 2018-12-24 01:03:13 --> Severity: Notice --> Undefined variable: grade_converter D:\OpenServer\domains\localhost\study\application\modules\admin\views\edit_grade_converter.php 73
ERROR - 2018-12-24 01:03:13 --> Severity: Warning --> Invalid argument supplied for foreach() D:\OpenServer\domains\localhost\study\application\modules\admin\views\edit_grade_converter.php 73
ERROR - 2018-12-24 01:03:14 --> Severity: Notice --> Undefined index: text D:\OpenServer\domains\localhost\study\application\modules\admin\views\edit_grade_converter.php 60
ERROR - 2018-12-24 01:03:14 --> Severity: Notice --> Undefined index: text D:\OpenServer\domains\localhost\study\application\modules\admin\views\edit_grade_converter.php 64
ERROR - 2018-12-24 01:03:14 --> Severity: Notice --> Undefined variable: grade_converter D:\OpenServer\domains\localhost\study\application\modules\admin\views\edit_grade_converter.php 73
ERROR - 2018-12-24 01:03:14 --> Severity: Warning --> Invalid argument supplied for foreach() D:\OpenServer\domains\localhost\study\application\modules\admin\views\edit_grade_converter.php 73
ERROR - 2018-12-24 01:03:14 --> Severity: Notice --> Undefined index: text D:\OpenServer\domains\localhost\study\application\modules\admin\views\edit_grade_converter.php 60
ERROR - 2018-12-24 01:03:14 --> Severity: Notice --> Undefined index: text D:\OpenServer\domains\localhost\study\application\modules\admin\views\edit_grade_converter.php 64
ERROR - 2018-12-24 01:03:14 --> Severity: Notice --> Undefined variable: grade_converter D:\OpenServer\domains\localhost\study\application\modules\admin\views\edit_grade_converter.php 73
ERROR - 2018-12-24 01:03:14 --> Severity: Warning --> Invalid argument supplied for foreach() D:\OpenServer\domains\localhost\study\application\modules\admin\views\edit_grade_converter.php 73
ERROR - 2018-12-24 01:03:14 --> Severity: Notice --> Undefined index: text D:\OpenServer\domains\localhost\study\application\modules\admin\views\edit_grade_converter.php 60
ERROR - 2018-12-24 01:03:14 --> Severity: Notice --> Undefined index: text D:\OpenServer\domains\localhost\study\application\modules\admin\views\edit_grade_converter.php 64
ERROR - 2018-12-24 01:03:14 --> Severity: Notice --> Undefined variable: grade_converter D:\OpenServer\domains\localhost\study\application\modules\admin\views\edit_grade_converter.php 73
ERROR - 2018-12-24 01:03:14 --> Severity: Warning --> Invalid argument supplied for foreach() D:\OpenServer\domains\localhost\study\application\modules\admin\views\edit_grade_converter.php 73
ERROR - 2018-12-24 01:04:41 --> Severity: Notice --> Undefined variable: title D:\OpenServer\domains\localhost\study\application\modules\admin\views\edit_requirements.php 43
ERROR - 2018-12-24 01:04:41 --> Severity: Notice --> Undefined variable: description D:\OpenServer\domains\localhost\study\application\modules\admin\views\edit_requirements.php 52
ERROR - 2018-12-24 01:04:41 --> Severity: Notice --> Undefined variable: description D:\OpenServer\domains\localhost\study\application\modules\admin\views\edit_requirements.php 57
ERROR - 2018-12-24 01:07:43 --> 404 Page Not Found: ../modules/admin/controllers/Sysadmin/edit_requirements_ax
ERROR - 2018-12-24 01:07:49 --> 404 Page Not Found: assets/admin/assets/libs/quill/dist/quill.min.js.map
ERROR - 2018-12-24 01:07:49 --> 404 Page Not Found: assets/admin/assets/libs/popper.js/dist/umd/popper.min.js.map
ERROR - 2018-12-24 01:07:49 --> 404 Page Not Found: assets/admin/dist/css/icons/material-design-iconic-font/css/materialdesignicons.min.css.map
ERROR - 2018-12-24 01:07:49 --> 404 Page Not Found: assets/admin/assets/libs/bootstrap/dist/js/bootstrap.min.js.map
ERROR - 2018-12-24 01:11:50 --> Query error: Unknown column 'details_hy' in 'field list' - Invalid query: UPDATE `requirements`
                    SET 
                      `title_hy` = 'Դիմումի փաստաթղթեր',
                      `details_hy` = NULL,
                      `alias_hy` = 'dimumi_pastatghter',
                      `meta_keyword_hy` = NULL,
                      `meta_description_hy` = 'Համալսարան դիմելու ժամանակ Ձեզանից պահանջվում է տրամադրել մի շարք փաստաթղթեր `ապացուցելու ձեր իրավասությունը:',
                      `status` = '1'
                    WHERE `id` = '1'     
                
ERROR - 2018-12-24 01:11:56 --> 404 Page Not Found: assets/admin/assets/libs/bootstrap/dist/js/bootstrap.min.js.map
ERROR - 2018-12-24 01:11:56 --> 404 Page Not Found: assets/admin/assets/libs/popper.js/dist/umd/popper.min.js.map
ERROR - 2018-12-24 01:11:56 --> 404 Page Not Found: assets/admin/assets/libs/quill/dist/quill.min.js.map
ERROR - 2018-12-24 01:11:56 --> 404 Page Not Found: assets/admin/dist/css/icons/material-design-iconic-font/css/materialdesignicons.min.css.map
ERROR - 2018-12-24 01:11:59 --> Query error: Unknown column 'details_hy' in 'field list' - Invalid query: UPDATE `requirements`
                    SET 
                      `title_hy` = 'Դիմումի փաստաթղթեր',
                      `details_hy` = NULL,
                      `alias_hy` = 'dimumi_pastatghter',
                      `meta_keyword_hy` = NULL,
                      `meta_description_hy` = 'Համալսարան դիմելու ժամանակ Ձեզանից պահանջվում է տրամադրել մի շարք փաստաթղթեր `ապացուցելու ձեր իրավասությունը:',
                      `status` = '1'
                    WHERE `id` = '1'     
                
ERROR - 2018-12-24 01:12:33 --> 404 Page Not Found: admin/hy/edit_requirements
ERROR - 2018-12-24 01:34:51 --> 404 Page Not Found: requirement/dimumi_pastatghter
ERROR - 2018-12-24 01:38:19 --> 404 Page Not Found: requirement/dimumi_pastatghter
ERROR - 2018-12-24 01:38:20 --> 404 Page Not Found: requirement/dimumi_pastatghter
ERROR - 2018-12-24 01:39:25 --> 404 Page Not Found: requirement/dimumi_pastatghter
ERROR - 2018-12-24 01:39:40 --> 404 Page Not Found: Main/visa_information
ERROR - 2018-12-24 01:39:42 --> 404 Page Not Found: Main/visa_information
ERROR - 2018-12-24 01:39:56 --> 404 Page Not Found: Main/visa_information
ERROR - 2018-12-24 01:39:58 --> 404 Page Not Found: Main/visa_information
ERROR - 2018-12-24 01:40:00 --> 404 Page Not Found: Main/visa_information
ERROR - 2018-12-24 01:40:01 --> 404 Page Not Found: Main/visa_information
ERROR - 2018-12-24 01:40:02 --> 404 Page Not Found: Main/visa_information
ERROR - 2018-12-24 01:40:02 --> 404 Page Not Found: Main/visa_information
ERROR - 2018-12-24 01:40:03 --> 404 Page Not Found: Main/visa_information
ERROR - 2018-12-24 01:40:03 --> 404 Page Not Found: Main/visa_information
ERROR - 2018-12-24 01:40:04 --> 404 Page Not Found: Main/visa_information
ERROR - 2018-12-24 01:40:05 --> 404 Page Not Found: Main/visa_information
ERROR - 2018-12-24 01:40:05 --> 404 Page Not Found: Main/visa_information
ERROR - 2018-12-24 01:40:06 --> 404 Page Not Found: Main/visa_information
ERROR - 2018-12-24 01:40:07 --> 404 Page Not Found: Main/visa_information
ERROR - 2018-12-24 01:40:07 --> 404 Page Not Found: Main/visa_information
ERROR - 2018-12-24 01:40:07 --> 404 Page Not Found: Main/visa_information
ERROR - 2018-12-24 01:40:17 --> 404 Page Not Found: Main/visa_information
ERROR - 2018-12-24 01:40:53 --> 404 Page Not Found: Main/visa_information
ERROR - 2018-12-24 02:18:44 --> Severity: Warning --> Cannot modify header information - headers already sent by (output started at D:\OpenServer\domains\localhost\study\application\controllers\Main.php:388) D:\OpenServer\domains\localhost\study\system\core\Common.php 570
ERROR - 2018-12-24 02:18:44 --> Severity: Error --> Call to undefined method Main::reg_code() D:\OpenServer\domains\localhost\study\application\controllers\Main.php 388
ERROR - 2018-12-24 02:27:20 --> Severity: Warning --> Cannot modify header information - headers already sent by (output started at D:\OpenServer\domains\localhost\study\application\controllers\Main.php:388) D:\OpenServer\domains\localhost\study\system\core\Common.php 570
ERROR - 2018-12-24 02:27:20 --> Severity: Error --> Call to undefined method Main::reg_code() D:\OpenServer\domains\localhost\study\application\controllers\Main.php 388
ERROR - 2018-12-24 02:29:04 --> Severity: Notice --> Undefined variable: reg_code D:\OpenServer\domains\localhost\study\application\controllers\Main.php 405
ERROR - 2018-12-24 02:29:05 --> Could not find the language line "success_reg"
ERROR - 2018-12-24 02:29:09 --> Severity: Notice --> Undefined variable: reg_code D:\OpenServer\domains\localhost\study\application\controllers\Main.php 405
ERROR - 2018-12-24 02:29:10 --> Could not find the language line "success_reg"
ERROR - 2018-12-24 02:29:31 --> Could not find the language line "success_reg"
ERROR - 2018-12-24 02:31:04 --> Could not find the language line "success_reg"
ERROR - 2018-12-24 02:36:34 --> Could not find the language line "success_reg"
ERROR - 2018-12-24 02:46:55 --> Query error: Unknown column 'date_birth' in 'field list' - Invalid query: INSERT INTO `register`
					SET 
					 `first_name` = 'fdsafds',
					 `last_name` = 'fdsfads',
					 `middle_name` = 'fdsafdas',
					 `date_birth` = '1997-01-11',
					 `city` = 'fasdds',
					 `mobile` = '123',
					 `email` = 'titanmv@mail.ru',
					 `current_previous` = 'fdasfds',
					 `course` = 'fdaf',
					 `about_us` = 'fadsfdas',
					 `country` = '3',
					 `status` = '1'
ERROR - 2018-12-24 02:47:29 --> Query error: Unknown column 'country' in 'field list' - Invalid query: INSERT INTO `register`
					SET 
					 `first_name` = 'fdsafds',
					 `last_name` = 'fdsfads',
					 `middle_name` = 'fdsafdas',
					 `date_of_birth` = '1997-01-11',
					 `city` = 'fasdds',
					 `mobile` = '123',
					 `email` = 'titanmv@mail.ru',
					 `current_previous` = 'fdasfds',
					 `course` = 'fdaf',
					 `about_us` = 'fadsfdas',
					 `country` = '3',
					 `status` = '1'
ERROR - 2018-12-24 02:47:33 --> Query error: Unknown column 'country' in 'field list' - Invalid query: INSERT INTO `register`
					SET 
					 `first_name` = 'fdsafds',
					 `last_name` = 'fdsfads',
					 `middle_name` = 'fdsafdas',
					 `date_of_birth` = '1997-01-11',
					 `city` = 'fasdds',
					 `mobile` = '123',
					 `email` = 'titanmv@mail.ru',
					 `current_previous` = 'fdasfds',
					 `course` = 'fdaf',
					 `about_us` = 'fadsfdas',
					 `country` = '3',
					 `status` = '1'
ERROR - 2018-12-24 02:58:04 --> Query error: Not unique table/alias: 'register' - Invalid query: 
            SELECT
              `register`.`id`,
              `register`.`first_name`,
              `register`.`last_name`,
              `register`.`middle_name`,
              `register`.`date_of_birth`,
              `register`.`city`,
              `country`.`title_admin`,
              `register`.`mobile`,
              `register`.`email`,
              `register`.`current_previous`,
              `register`.`course`,
              `register`.`about_us`,
              `register`.`status`
            FROM 
              `register`
            LEFT JOIN `register`
              `register`.`country_id` = `country`.`id` 
            WHERE 1 

        
ERROR - 2018-12-24 02:58:50 --> Query error: Not unique table/alias: 'register' - Invalid query: 
            SELECT
              `register`.`id`,
              `register`.`first_name`,
              `register`.`last_name`,
              `register`.`middle_name`,
              `register`.`date_of_birth`,
              `register`.`city`,
              `country`.`title_admin` AS `country`,
              `register`.`mobile`,
              `register`.`email`,
              `register`.`current_previous`,
              `register`.`course`,
              `register`.`about_us`,
              `register`.`status`
            FROM 
              `register`
            LEFT JOIN `register`
              `register`.`country_id` = `country`.`id` 
            WHERE 1 

        
ERROR - 2018-12-24 03:00:08 --> Query error: Not unique table/alias: 'register' - Invalid query: 
            SELECT
              `register`.`id`,
              `register`.`first_name`,
              `register`.`last_name`,
              `register`.`middle_name`,
              `register`.`date_of_birth`,
              `register`.`city`,
              `country`.`title_` AS `country`,
              `register`.`mobile`,
              `register`.`email`,
              `register`.`current_previous`,
              `register`.`course`,
              `register`.`about_us`,
              `register`.`status`
            FROM 
              `register`
            LEFT JOIN `register`
              `register`.`country_id` = `country`.`id` 
            WHERE 1 

        
ERROR - 2018-12-24 03:00:24 --> Query error: Unknown column 'country.title_' in 'field list' - Invalid query: 
            SELECT
              `register`.`id`,
              `register`.`first_name`,
              `register`.`last_name`,
              `register`.`middle_name`,
              `register`.`date_of_birth`,
              `register`.`city`,
              `country`.`title_` AS `country`,
              `register`.`mobile`,
              `register`.`email`,
              `register`.`current_previous`,
              `register`.`course`,
              `register`.`about_us`,
              `register`.`status`
            FROM 
              `register`
            LEFT JOIN `country`
              ON `register`.`country_id` = `country`.`id` 
            WHERE 1 

        
ERROR - 2018-12-24 03:00:26 --> Query error: Unknown column 'country.title_' in 'field list' - Invalid query: 
            SELECT
              `register`.`id`,
              `register`.`first_name`,
              `register`.`last_name`,
              `register`.`middle_name`,
              `register`.`date_of_birth`,
              `register`.`city`,
              `country`.`title_` AS `country`,
              `register`.`mobile`,
              `register`.`email`,
              `register`.`current_previous`,
              `register`.`course`,
              `register`.`about_us`,
              `register`.`status`
            FROM 
              `register`
            LEFT JOIN `country`
              ON `register`.`country_id` = `country`.`id` 
            WHERE 1 

        
ERROR - 2018-12-24 03:01:00 --> Query error: Unknown column 'country.title_' in 'field list' - Invalid query: 
            SELECT
              `register`.`id`,
              `register`.`first_name`,
              `register`.`last_name`,
              `register`.`middle_name`,
              `register`.`date_of_birth`,
              `register`.`city`,
              `country`.`title_` AS `country`,
              `register`.`mobile`,
              `register`.`email`,
              `register`.`current_previous`,
              `register`.`course`,
              `register`.`about_us`,
              `register`.`status`
            FROM 
              `register`
            LEFT JOIN `country`
              ON `register`.`country_id` = `country`.`id` 
            WHERE 1 

        
ERROR - 2018-12-24 03:01:16 --> Query error: Unknown column 'country.title_' in 'field list' - Invalid query: 
            SELECT
              `register`.`id`,
              `register`.`first_name`,
              `register`.`last_name`,
              `register`.`middle_name`,
              `register`.`date_of_birth`,
              `register`.`city`,
              `country`.`title_` AS `country`,
              `register`.`mobile`,
              `register`.`email`,
              `register`.`current_previous`,
              `register`.`course`,
              `register`.`about_us`,
              `register`.`status`
            FROM 
              `register`
            LEFT JOIN `country`
              ON `register`.`country_id` = `country`.`id` 
            WHERE 1 

        
