ERROR - 2019-05-04 16:45:36 --> 404 Page Not Found: robots.txt
ERROR - 2019-05-04 16:45:47 --> 404 Page Not Found: favicon.ico
ERROR - 2019-05-04 16:48:11 --> 404 Page Not Found: costumers.html
ERROR - 2019-05-04 16:49:29 --> 404 Page Not Found: costumers.html
ERROR - 2019-05-04 16:52:50 --> 404 Page Not Found: img/costumers/costumer.png
ERROR - 2019-05-04 16:52:50 --> 404 Page Not Found: img/costumers/costumer.png
ERROR - 2019-05-04 17:45:27 --> 404 Page Not Found: gradaran.html
ERROR - 2019-05-04 17:50:17 --> 404 Page Not Found: Main/library
ERROR - 2019-05-04 17:51:24 --> 404 Page Not Found: datakan_akter.html
ERROR - 2019-05-04 17:56:22 --> 404 Page Not Found: datakan_akter.html
ERROR - 2019-05-04 18:03:57 --> 404 Page Not Found: services.html
ERROR - 2019-05-04 18:05:58 --> 404 Page Not Found: services.html
ERROR - 2019-05-04 18:13:28 --> 404 Page Not Found: datakan_akter.html
ERROR - 2019-05-04 18:13:36 --> 404 Page Not Found: datakan_akter.html
ERROR - 2019-05-04 18:13:36 --> 404 Page Not Found: does_not_exist_25883
ERROR - 2019-05-04 18:13:40 --> 404 Page Not Found: datakan_akter.html
ERROR - 2019-05-04 18:17:14 --> 404 Page Not Found: Main/iravakan_verlucutyunner
ERROR - 2019-05-04 18:17:53 --> 404 Page Not Found: Main/iravakan_verlucutyunner
ERROR - 2019-05-04 18:17:53 --> 404 Page Not Found: does_not_exist_44014
ERROR - 2019-05-04 18:17:55 --> 404 Page Not Found: Main/iravakan_verlucutyunner
ERROR - 2019-05-04 18:17:56 --> 404 Page Not Found: Main/iravakan_verlucutyunner
ERROR - 2019-05-04 18:18:16 --> 404 Page Not Found: Main/iravakan_verlucutyunner
ERROR - 2019-05-04 18:18:21 --> 404 Page Not Found: Main/iravakan_verlucutyunner
ERROR - 2019-05-04 18:18:57 --> 404 Page Not Found: Main/iravakan_verlucutyunner
ERROR - 2019-05-04 18:19:01 --> 404 Page Not Found: Main/iravakan_verlucutyunner
ERROR - 2019-05-04 18:20:13 --> 404 Page Not Found: Main/iravakan_verlucutyunner
ERROR - 2019-05-04 18:20:50 --> 404 Page Not Found: does_not_exist_11926
ERROR - 2019-05-04 18:21:02 --> 404 Page Not Found: orensdrakan_popoxutyunner
ERROR - 2019-05-04 18:21:32 --> 404 Page Not Found: orensdrakan_popoxutyunner
ERROR - 2019-05-04 18:21:41 --> 404 Page Not Found: Main/orensdrakan_popoxutyunner
ERROR - 2019-05-04 18:22:16 --> 404 Page Not Found: css/reset.css
ERROR - 2019-05-04 18:22:16 --> 404 Page Not Found: css/style.css
ERROR - 2019-05-04 18:22:17 --> 404 Page Not Found: js/jquery-3.3.1.min.js
ERROR - 2019-05-04 18:22:17 --> 404 Page Not Found: img/homepage/Logo.png
ERROR - 2019-05-04 18:22:17 --> 404 Page Not Found: img/homepage/Layer-31.png
ERROR - 2019-05-04 18:22:17 --> 404 Page Not Found: img/homepage/phone.png
ERROR - 2019-05-04 18:22:17 --> 404 Page Not Found: css/reset.css
ERROR - 2019-05-04 18:22:17 --> 404 Page Not Found: img/homepage/marker.png
ERROR - 2019-05-04 18:22:17 --> 404 Page Not Found: css/style.css
ERROR - 2019-05-04 18:22:17 --> 404 Page Not Found: js/jquery-3.3.1.min.js
ERROR - 2019-05-04 18:22:17 --> 404 Page Not Found: img/homepage/Layer-31.png
ERROR - 2019-05-04 18:22:42 --> 404 Page Not Found: css/reset.css
ERROR - 2019-05-04 18:22:42 --> 404 Page Not Found: css/style.css
ERROR - 2019-05-04 18:22:42 --> 404 Page Not Found: js/jquery-3.3.1.min.js
ERROR - 2019-05-04 18:22:42 --> 404 Page Not Found: img/homepage/Layer-31.png
ERROR - 2019-05-04 18:22:42 --> 404 Page Not Found: img/homepage/Logo.png
ERROR - 2019-05-04 18:22:42 --> 404 Page Not Found: img/homepage/marker.png
ERROR - 2019-05-04 18:22:42 --> 404 Page Not Found: img/homepage/phone.png
ERROR - 2019-05-04 18:22:42 --> 404 Page Not Found: css/reset.css
ERROR - 2019-05-04 18:22:42 --> 404 Page Not Found: css/style.css
ERROR - 2019-05-04 18:22:42 --> 404 Page Not Found: js/jquery-3.3.1.min.js
ERROR - 2019-05-04 18:22:42 --> 404 Page Not Found: img/homepage/Layer-31.png
ERROR - 2019-05-04 18:22:57 --> 404 Page Not Found: Main/iravakan_verlucutyunner
ERROR - 2019-05-04 18:23:30 --> 404 Page Not Found: Main/iravakan_verlucutyunner
ERROR - 2019-05-04 18:23:31 --> 404 Page Not Found: css/reset.css
ERROR - 2019-05-04 18:23:31 --> 404 Page Not Found: css/style.css
ERROR - 2019-05-04 18:23:31 --> 404 Page Not Found: js/jquery-3.3.1.min.js
ERROR - 2019-05-04 18:23:31 --> 404 Page Not Found: img/homepage/Logo.png
ERROR - 2019-05-04 18:23:31 --> 404 Page Not Found: img/homepage/marker.png
ERROR - 2019-05-04 18:23:31 --> 404 Page Not Found: img/homepage/Layer-31.png
ERROR - 2019-05-04 18:23:31 --> 404 Page Not Found: img/homepage/phone.png
ERROR - 2019-05-04 18:23:31 --> 404 Page Not Found: css/reset.css
ERROR - 2019-05-04 18:23:31 --> 404 Page Not Found: css/style.css
ERROR - 2019-05-04 18:23:31 --> 404 Page Not Found: js/jquery-3.3.1.min.js
ERROR - 2019-05-04 18:23:31 --> 404 Page Not Found: img/homepage/Layer-31.png
ERROR - 2019-05-04 18:25:28 --> 404 Page Not Found: services
ERROR - 2019-05-04 18:27:40 --> 404 Page Not Found: services
ERROR - 2019-05-04 18:27:47 --> 404 Page Not Found: services
ERROR - 2019-05-04 18:27:47 --> 404 Page Not Found: does_not_exist_93037
ERROR - 2019-05-04 18:28:11 --> 404 Page Not Found: services
ERROR - 2019-05-04 18:28:27 --> 404 Page Not Found: services
ERROR - 2019-05-04 21:51:25 --> 404 Page Not Found: assets/fontawesome/css/all.css
ERROR - 2019-05-04 21:51:27 --> 404 Page Not Found: assets/img/logo.png
ERROR - 2019-05-04 21:51:33 --> 404 Page Not Found: assets/fontawesome/css/all.css
ERROR - 2019-05-04 21:51:36 --> 404 Page Not Found: assets/fontawesome/css/all.css
ERROR - 2019-05-04 21:51:40 --> 404 Page Not Found: assets/fontawesome/css/all.css
ERROR - 2019-05-04 21:51:43 --> 404 Page Not Found: assets/fontawesome/css/all.css
ERROR - 2019-05-04 21:52:17 --> 404 Page Not Found: assets/fontawesome/css/all.css
ERROR - 2019-05-04 21:52:21 --> 404 Page Not Found: assets/fontawesome/css/all.css
ERROR - 2019-05-04 21:52:24 --> 404 Page Not Found: assets/fontawesome/css/all.css
ERROR - 2019-05-04 21:52:31 --> 404 Page Not Found: assets/fontawesome/css/all.css
ERROR - 2019-05-04 21:52:34 --> 404 Page Not Found: assets/fontawesome/css/all.css
ERROR - 2019-05-04 21:52:37 --> 404 Page Not Found: assets/fontawesome/css/all.css
ERROR - 2019-05-04 21:55:26 --> 404 Page Not Found: assets/fontawesome/css/all.css
ERROR - 2019-05-04 21:55:31 --> 404 Page Not Found: assets/fontawesome/css/all.css
ERROR - 2019-05-04 21:55:33 --> 404 Page Not Found: assets/fontawesome/css/all.css
ERROR - 2019-05-04 21:55:33 --> 404 Page Not Found: assets/img/background.jpg
ERROR - 2019-05-04 21:56:22 --> 404 Page Not Found: assets/fontawesome/css/all.css
ERROR - 2019-05-04 21:56:26 --> 404 Page Not Found: assets/fontawesome/css/all.css
ERROR - 2019-05-04 21:56:29 --> 404 Page Not Found: assets/fontawesome/css/all.css
ERROR - 2019-05-04 21:56:30 --> 404 Page Not Found: assets/fontawesome/css/all.css
ERROR - 2019-05-04 21:56:31 --> 404 Page Not Found: assets/fontawesome/css/all.css
ERROR - 2019-05-04 21:56:32 --> 404 Page Not Found: assets/fontawesome/css/all.css
ERROR - 2019-05-04 21:56:33 --> 404 Page Not Found: assets/img/logo.png
ERROR - 2019-05-04 21:56:36 --> 404 Page Not Found: assets/fontawesome/css/all.css
ERROR - 2019-05-04 21:56:43 --> 404 Page Not Found: assets/fontawesome/css/all.css
ERROR - 2019-05-04 21:56:48 --> 404 Page Not Found: assets/img/logo.png
ERROR - 2019-05-04 21:56:48 --> 404 Page Not Found: assets/fontawesome/css/all.css
ERROR - 2019-05-04 21:57:21 --> 404 Page Not Found: assets/fontawesome/css/all.css
ERROR - 2019-05-04 21:57:33 --> 404 Page Not Found: assets/fontawesome/css/all.css
ERROR - 2019-05-04 21:57:35 --> 404 Page Not Found: assets/fontawesome/css/all.css
ERROR - 2019-05-04 21:57:35 --> 404 Page Not Found: assets/img/logo.png
ERROR - 2019-05-04 21:57:47 --> 404 Page Not Found: assets/fontawesome/css/all.css
ERROR - 2019-05-04 22:40:00 --> 404 Page Not Found: single_news.html
ERROR - 2019-05-04 22:49:31 --> 404 Page Not Found: single_news.html
ERROR - 2019-05-04 22:59:23 --> 404 Page Not Found: admin/Sysadmin/grade_converter/
ERROR - 2019-05-04 22:59:23 --> 404 Page Not Found: does_not_exist_85310
ERROR - 2019-05-04 22:59:26 --> 404 Page Not Found: admin/User/index/
ERROR - 2019-05-04 22:59:30 --> 404 Page Not Found: admin/User/index/
ERROR - 2019-05-04 22:59:32 --> 404 Page Not Found: admin/User/index/
ERROR - 2019-05-04 22:59:33 --> 404 Page Not Found: admin/User/index/
ERROR - 2019-05-04 22:59:34 --> 404 Page Not Found: admin/User/index/
ERROR - 2019-05-04 22:59:35 --> 404 Page Not Found: admin/User/index/
ERROR - 2019-05-04 22:59:36 --> 404 Page Not Found: admin/User/index/
ERROR - 2019-05-04 22:59:37 --> 404 Page Not Found: admin/User/index/
ERROR - 2019-05-04 22:59:37 --> 404 Page Not Found: admin/User/index/
ERROR - 2019-05-04 22:59:38 --> 404 Page Not Found: admin/User/index/
ERROR - 2019-05-04 22:59:38 --> 404 Page Not Found: admin/User/index/
ERROR - 2019-05-04 22:59:39 --> 404 Page Not Found: admin/User/index/
ERROR - 2019-05-04 22:59:40 --> 404 Page Not Found: admin/User/index/
ERROR - 2019-05-04 22:59:40 --> 404 Page Not Found: admin/User/index/
ERROR - 2019-05-04 23:00:31 --> 404 Page Not Found: admin/User/index/
ERROR - 2019-05-04 23:00:32 --> 404 Page Not Found: admin
ERROR - 2019-05-04 23:00:32 --> 404 Page Not Found: admin
ERROR - 2019-05-04 23:00:33 --> 404 Page Not Found: admin
ERROR - 2019-05-04 23:00:56 --> 404 Page Not Found: admin
ERROR - 2019-05-04 23:07:01 --> 404 Page Not Found: admin
ERROR - 2019-05-04 23:09:31 --> 404 Page Not Found: admin
ERROR - 2019-05-04 23:09:39 --> 404 Page Not Found: admin/User/index/
ERROR - 2019-05-04 23:09:40 --> 404 Page Not Found: admin/
ERROR - 2019-05-04 23:09:40 --> 404 Page Not Found: admin/
ERROR - 2019-05-04 23:09:41 --> 404 Page Not Found: admin/
ERROR - 2019-05-04 23:09:41 --> 404 Page Not Found: admin/
ERROR - 2019-05-04 23:09:41 --> 404 Page Not Found: admin/
ERROR - 2019-05-04 23:09:42 --> 404 Page Not Found: admin/
ERROR - 2019-05-04 23:09:42 --> 404 Page Not Found: admin/
ERROR - 2019-05-04 23:09:42 --> 404 Page Not Found: admin/
ERROR - 2019-05-04 23:09:43 --> 404 Page Not Found: admin/
ERROR - 2019-05-04 23:09:53 --> 404 Page Not Found: admin/
ERROR - 2019-05-04 23:09:54 --> 404 Page Not Found: modules/admin/
ERROR - 2019-05-04 23:09:55 --> 404 Page Not Found: modules/admin/
ERROR - 2019-05-04 23:09:55 --> 404 Page Not Found: modules/admin/
ERROR - 2019-05-04 23:11:20 --> 404 Page Not Found: admin/User/index/
ERROR - 2019-05-04 23:13:59 --> 404 Page Not Found: does_not_exist_12321
