ERROR - 2018-11-19 00:01:02 --> 404 Page Not Found: assets/admin/dist/css/icons/material-design-iconic-font/css/materialdesignicons.min.css.map
ERROR - 2018-11-19 00:01:02 --> 404 Page Not Found: assets/admin/assets/libs/quill/dist/quill.min.js.map
ERROR - 2018-11-19 00:01:02 --> 404 Page Not Found: assets/admin/assets/libs/popper.js/dist/umd/popper.min.js.map
ERROR - 2018-11-19 00:01:02 --> 404 Page Not Found: assets/admin/assets/libs/bootstrap/dist/js/bootstrap.min.js.map
ERROR - 2018-11-19 00:01:18 --> 404 Page Not Found: assets/admin/dist/css/icons/material-design-iconic-font/css/materialdesignicons.min.css.map
ERROR - 2018-11-19 00:01:18 --> 404 Page Not Found: assets/admin/assets/libs/quill/dist/quill.min.js.map
ERROR - 2018-11-19 00:01:19 --> 404 Page Not Found: assets/admin/assets/libs/popper.js/dist/umd/popper.min.js.map
ERROR - 2018-11-19 00:01:19 --> 404 Page Not Found: assets/admin/assets/libs/bootstrap/dist/js/bootstrap.min.js.map
ERROR - 2018-11-19 00:01:21 --> 404 Page Not Found: assets/admin/assets/libs/quill/dist/quill.min.js.map
ERROR - 2018-11-19 00:01:21 --> 404 Page Not Found: assets/admin/dist/css/icons/material-design-iconic-font/css/materialdesignicons.min.css.map
ERROR - 2018-11-19 00:01:21 --> 404 Page Not Found: assets/admin/assets/libs/popper.js/dist/umd/popper.min.js.map
ERROR - 2018-11-19 00:01:21 --> 404 Page Not Found: assets/admin/assets/libs/bootstrap/dist/js/bootstrap.min.js.map
ERROR - 2018-11-19 00:01:35 --> 404 Page Not Found: assets/admin/dist/css/icons/material-design-iconic-font/css/materialdesignicons.min.css.map
ERROR - 2018-11-19 00:01:35 --> 404 Page Not Found: assets/admin/assets/libs/quill/dist/quill.min.js.map
ERROR - 2018-11-19 00:01:35 --> 404 Page Not Found: assets/admin/assets/libs/bootstrap/dist/js/bootstrap.min.js.map
ERROR - 2018-11-19 00:01:35 --> 404 Page Not Found: assets/admin/assets/libs/popper.js/dist/umd/popper.min.js.map
ERROR - 2018-11-19 00:42:39 --> 404 Page Not Found: assets/admin/assets/libs/quill/dist/quill.min.js.map
ERROR - 2018-11-19 00:42:39 --> 404 Page Not Found: assets/admin/assets/libs/popper.js/dist/umd/popper.min.js.map
ERROR - 2018-11-19 00:42:39 --> 404 Page Not Found: assets/admin/assets/libs/bootstrap/dist/js/bootstrap.min.js.map
ERROR - 2018-11-19 00:42:39 --> 404 Page Not Found: assets/admin/dist/css/icons/material-design-iconic-font/css/materialdesignicons.min.css.map
ERROR - 2018-11-19 00:43:26 --> 404 Page Not Found: assets/admin/assets/libs/quill/dist/quill.min.js.map
ERROR - 2018-11-19 00:43:26 --> 404 Page Not Found: assets/admin/dist/css/icons/material-design-iconic-font/css/materialdesignicons.min.css.map
ERROR - 2018-11-19 00:43:26 --> 404 Page Not Found: assets/admin/assets/libs/popper.js/dist/umd/popper.min.js.map
ERROR - 2018-11-19 00:43:26 --> 404 Page Not Found: assets/admin/assets/libs/bootstrap/dist/js/bootstrap.min.js.map
ERROR - 2018-11-19 00:43:54 --> 404 Page Not Found: assets/admin/assets/libs/quill/dist/quill.min.js.map
ERROR - 2018-11-19 00:43:54 --> 404 Page Not Found: assets/admin/dist/css/icons/material-design-iconic-font/css/materialdesignicons.min.css.map
ERROR - 2018-11-19 00:43:54 --> 404 Page Not Found: assets/admin/assets/libs/popper.js/dist/umd/popper.min.js.map
ERROR - 2018-11-19 00:43:54 --> 404 Page Not Found: assets/admin/assets/libs/bootstrap/dist/js/bootstrap.min.js.map
ERROR - 2018-11-19 00:44:18 --> 404 Page Not Found: assets/admin/assets/libs/quill/dist/quill.min.js.map
ERROR - 2018-11-19 00:44:18 --> 404 Page Not Found: assets/admin/dist/css/icons/material-design-iconic-font/css/materialdesignicons.min.css.map
ERROR - 2018-11-19 00:44:19 --> 404 Page Not Found: assets/admin/assets/libs/popper.js/dist/umd/popper.min.js.map
ERROR - 2018-11-19 00:44:19 --> 404 Page Not Found: assets/admin/assets/libs/bootstrap/dist/js/bootstrap.min.js.map
ERROR - 2018-11-19 00:45:58 --> 404 Page Not Found: assets/admin/assets/libs/quill/dist/quill.min.js.map
ERROR - 2018-11-19 00:45:58 --> 404 Page Not Found: assets/admin/dist/css/icons/material-design-iconic-font/css/materialdesignicons.min.css.map
ERROR - 2018-11-19 00:45:58 --> 404 Page Not Found: assets/admin/assets/libs/popper.js/dist/umd/popper.min.js.map
ERROR - 2018-11-19 00:45:58 --> 404 Page Not Found: assets/admin/assets/libs/bootstrap/dist/js/bootstrap.min.js.map
ERROR - 2018-11-19 00:46:20 --> 404 Page Not Found: assets/admin/assets/libs/quill/dist/quill.min.js.map
ERROR - 2018-11-19 00:46:21 --> 404 Page Not Found: assets/admin/dist/css/icons/material-design-iconic-font/css/materialdesignicons.min.css.map
ERROR - 2018-11-19 00:46:21 --> 404 Page Not Found: assets/admin/assets/libs/popper.js/dist/umd/popper.min.js.map
ERROR - 2018-11-19 00:46:21 --> 404 Page Not Found: assets/admin/assets/libs/bootstrap/dist/js/bootstrap.min.js.map
ERROR - 2018-11-19 00:46:30 --> 404 Page Not Found: assets/admin/assets/libs/quill/dist/quill.min.js.map
ERROR - 2018-11-19 00:46:31 --> 404 Page Not Found: assets/admin/dist/css/icons/material-design-iconic-font/css/materialdesignicons.min.css.map
ERROR - 2018-11-19 00:46:31 --> 404 Page Not Found: assets/admin/assets/libs/popper.js/dist/umd/popper.min.js.map
ERROR - 2018-11-19 00:46:31 --> 404 Page Not Found: assets/admin/assets/libs/bootstrap/dist/js/bootstrap.min.js.map
ERROR - 2018-11-19 00:46:39 --> 404 Page Not Found: assets/admin/assets/libs/quill/dist/quill.min.js.map
ERROR - 2018-11-19 00:46:40 --> 404 Page Not Found: assets/admin/dist/css/icons/material-design-iconic-font/css/materialdesignicons.min.css.map
ERROR - 2018-11-19 00:46:40 --> 404 Page Not Found: assets/admin/assets/libs/bootstrap/dist/js/bootstrap.min.js.map
ERROR - 2018-11-19 00:46:40 --> 404 Page Not Found: assets/admin/assets/libs/popper.js/dist/umd/popper.min.js.map
ERROR - 2018-11-19 00:47:31 --> 404 Page Not Found: assets/admin/assets/libs/quill/dist/quill.min.js.map
ERROR - 2018-11-19 00:47:31 --> 404 Page Not Found: assets/admin/dist/css/icons/material-design-iconic-font/css/materialdesignicons.min.css.map
ERROR - 2018-11-19 00:47:32 --> 404 Page Not Found: assets/admin/assets/libs/popper.js/dist/umd/popper.min.js.map
ERROR - 2018-11-19 00:47:32 --> 404 Page Not Found: assets/admin/assets/libs/bootstrap/dist/js/bootstrap.min.js.map
ERROR - 2018-11-19 00:47:47 --> 404 Page Not Found: assets/admin/assets/libs/quill/dist/quill.min.js.map
ERROR - 2018-11-19 00:47:47 --> 404 Page Not Found: assets/admin/dist/css/icons/material-design-iconic-font/css/materialdesignicons.min.css.map
ERROR - 2018-11-19 00:47:47 --> 404 Page Not Found: assets/admin/assets/libs/popper.js/dist/umd/popper.min.js.map
ERROR - 2018-11-19 00:47:47 --> 404 Page Not Found: assets/admin/assets/libs/bootstrap/dist/js/bootstrap.min.js.map
ERROR - 2018-11-19 00:48:17 --> 404 Page Not Found: assets/admin/assets/libs/quill/dist/quill.min.js.map
ERROR - 2018-11-19 00:48:17 --> 404 Page Not Found: assets/admin/dist/css/icons/material-design-iconic-font/css/materialdesignicons.min.css.map
ERROR - 2018-11-19 00:48:17 --> 404 Page Not Found: assets/admin/assets/libs/popper.js/dist/umd/popper.min.js.map
ERROR - 2018-11-19 00:48:17 --> 404 Page Not Found: assets/admin/assets/libs/bootstrap/dist/js/bootstrap.min.js.map
ERROR - 2018-11-19 00:52:34 --> 404 Page Not Found: assets/admin/assets/libs/quill/dist/quill.min.js.map
ERROR - 2018-11-19 00:52:34 --> 404 Page Not Found: assets/admin/dist/css/icons/material-design-iconic-font/css/materialdesignicons.min.css.map
ERROR - 2018-11-19 00:52:35 --> 404 Page Not Found: assets/admin/assets/libs/bootstrap/dist/js/bootstrap.min.js.map
ERROR - 2018-11-19 00:52:35 --> 404 Page Not Found: assets/admin/assets/libs/popper.js/dist/umd/popper.min.js.map
ERROR - 2018-11-19 00:53:13 --> 404 Page Not Found: assets/admin/assets/libs/quill/dist/quill.min.js.map
ERROR - 2018-11-19 00:53:13 --> 404 Page Not Found: assets/admin/dist/css/icons/material-design-iconic-font/css/materialdesignicons.min.css.map
ERROR - 2018-11-19 00:53:13 --> 404 Page Not Found: assets/admin/assets/libs/popper.js/dist/umd/popper.min.js.map
ERROR - 2018-11-19 00:53:13 --> 404 Page Not Found: assets/admin/assets/libs/bootstrap/dist/js/bootstrap.min.js.map
ERROR - 2018-11-19 00:53:48 --> 404 Page Not Found: assets/admin/assets/libs/quill/dist/quill.min.js.map
ERROR - 2018-11-19 00:53:48 --> 404 Page Not Found: assets/admin/dist/css/icons/material-design-iconic-font/css/materialdesignicons.min.css.map
ERROR - 2018-11-19 00:53:49 --> 404 Page Not Found: assets/admin/assets/libs/bootstrap/dist/js/bootstrap.min.js.map
ERROR - 2018-11-19 00:53:49 --> 404 Page Not Found: assets/admin/assets/libs/popper.js/dist/umd/popper.min.js.map
ERROR - 2018-11-19 00:54:25 --> 404 Page Not Found: assets/admin/assets/libs/quill/dist/quill.min.js.map
ERROR - 2018-11-19 00:54:25 --> 404 Page Not Found: assets/admin/dist/css/icons/material-design-iconic-font/css/materialdesignicons.min.css.map
ERROR - 2018-11-19 00:54:25 --> 404 Page Not Found: assets/admin/assets/libs/bootstrap/dist/js/bootstrap.min.js.map
ERROR - 2018-11-19 00:54:25 --> 404 Page Not Found: assets/admin/assets/libs/popper.js/dist/umd/popper.min.js.map
ERROR - 2018-11-19 00:57:38 --> 404 Page Not Found: assets/admin/assets/libs/quill/dist/quill.min.js.map
ERROR - 2018-11-19 00:57:38 --> 404 Page Not Found: assets/admin/dist/css/icons/material-design-iconic-font/css/materialdesignicons.min.css.map
ERROR - 2018-11-19 00:57:39 --> 404 Page Not Found: assets/admin/assets/libs/popper.js/dist/umd/popper.min.js.map
ERROR - 2018-11-19 00:57:39 --> 404 Page Not Found: assets/admin/assets/libs/bootstrap/dist/js/bootstrap.min.js.map
ERROR - 2018-11-19 00:58:02 --> 404 Page Not Found: assets/admin/assets/libs/quill/dist/quill.min.js.map
ERROR - 2018-11-19 00:58:02 --> 404 Page Not Found: assets/admin/dist/css/icons/material-design-iconic-font/css/materialdesignicons.min.css.map
ERROR - 2018-11-19 00:58:03 --> 404 Page Not Found: assets/admin/assets/libs/popper.js/dist/umd/popper.min.js.map
ERROR - 2018-11-19 00:58:03 --> 404 Page Not Found: assets/admin/assets/libs/bootstrap/dist/js/bootstrap.min.js.map
ERROR - 2018-11-19 01:03:01 --> 404 Page Not Found: assets/admin/assets/libs/popper.js/dist/umd/popper.min.js.map
ERROR - 2018-11-19 01:03:01 --> 404 Page Not Found: assets/admin/assets/libs/bootstrap/dist/js/bootstrap.min.js.map
ERROR - 2018-11-19 01:03:01 --> 404 Page Not Found: assets/admin/assets/libs/quill/dist/quill.min.js.map
ERROR - 2018-11-19 01:03:01 --> 404 Page Not Found: assets/admin/dist/css/icons/material-design-iconic-font/css/materialdesignicons.min.css.map
ERROR - 2018-11-19 01:04:42 --> 404 Page Not Found: assets/admin/assets/libs/quill/dist/quill.min.js.map
ERROR - 2018-11-19 01:04:42 --> 404 Page Not Found: assets/admin/dist/css/icons/material-design-iconic-font/css/materialdesignicons.min.css.map
ERROR - 2018-11-19 01:04:42 --> 404 Page Not Found: assets/admin/assets/libs/popper.js/dist/umd/popper.min.js.map
ERROR - 2018-11-19 01:04:42 --> 404 Page Not Found: assets/admin/assets/libs/bootstrap/dist/js/bootstrap.min.js.map
ERROR - 2018-11-19 01:05:45 --> 404 Page Not Found: assets/admin/assets/libs/quill/dist/quill.min.js.map
ERROR - 2018-11-19 01:05:46 --> 404 Page Not Found: assets/admin/dist/css/icons/material-design-iconic-font/css/materialdesignicons.min.css.map
ERROR - 2018-11-19 01:05:46 --> 404 Page Not Found: assets/admin/assets/libs/popper.js/dist/umd/popper.min.js.map
ERROR - 2018-11-19 01:05:46 --> 404 Page Not Found: assets/admin/assets/libs/bootstrap/dist/js/bootstrap.min.js.map
ERROR - 2018-11-19 01:06:55 --> 404 Page Not Found: assets/admin/assets/libs/quill/dist/quill.min.js.map
ERROR - 2018-11-19 01:06:56 --> 404 Page Not Found: assets/admin/dist/css/icons/material-design-iconic-font/css/materialdesignicons.min.css.map
ERROR - 2018-11-19 01:06:56 --> 404 Page Not Found: assets/admin/assets/libs/popper.js/dist/umd/popper.min.js.map
ERROR - 2018-11-19 01:06:56 --> 404 Page Not Found: assets/admin/assets/libs/bootstrap/dist/js/bootstrap.min.js.map
ERROR - 2018-11-19 01:07:42 --> 404 Page Not Found: assets/admin/assets/libs/quill/dist/quill.min.js.map
ERROR - 2018-11-19 01:07:42 --> 404 Page Not Found: assets/admin/dist/css/icons/material-design-iconic-font/css/materialdesignicons.min.css.map
ERROR - 2018-11-19 01:07:42 --> 404 Page Not Found: assets/admin/assets/libs/popper.js/dist/umd/popper.min.js.map
ERROR - 2018-11-19 01:07:42 --> 404 Page Not Found: assets/admin/assets/libs/bootstrap/dist/js/bootstrap.min.js.map
ERROR - 2018-11-19 01:08:44 --> 404 Page Not Found: assets/admin/assets/libs/quill/dist/quill.min.js.map
ERROR - 2018-11-19 01:08:44 --> 404 Page Not Found: assets/admin/dist/css/icons/material-design-iconic-font/css/materialdesignicons.min.css.map
ERROR - 2018-11-19 01:08:44 --> 404 Page Not Found: assets/admin/assets/libs/popper.js/dist/umd/popper.min.js.map
ERROR - 2018-11-19 01:08:44 --> 404 Page Not Found: assets/admin/assets/libs/bootstrap/dist/js/bootstrap.min.js.map
ERROR - 2018-11-19 01:11:50 --> 404 Page Not Found: assets/admin/assets/libs/quill/dist/quill.min.js.map
ERROR - 2018-11-19 01:11:50 --> 404 Page Not Found: assets/admin/dist/css/icons/material-design-iconic-font/css/materialdesignicons.min.css.map
ERROR - 2018-11-19 01:11:50 --> 404 Page Not Found: assets/admin/assets/libs/popper.js/dist/umd/popper.min.js.map
ERROR - 2018-11-19 01:11:50 --> 404 Page Not Found: assets/admin/assets/libs/bootstrap/dist/js/bootstrap.min.js.map
ERROR - 2018-11-19 01:12:27 --> 404 Page Not Found: assets/admin/assets/libs/quill/dist/quill.min.js.map
ERROR - 2018-11-19 01:12:27 --> 404 Page Not Found: assets/admin/dist/css/icons/material-design-iconic-font/css/materialdesignicons.min.css.map
ERROR - 2018-11-19 01:12:28 --> 404 Page Not Found: assets/admin/assets/libs/popper.js/dist/umd/popper.min.js.map
ERROR - 2018-11-19 01:12:28 --> 404 Page Not Found: assets/admin/assets/libs/bootstrap/dist/js/bootstrap.min.js.map
ERROR - 2018-11-19 01:13:05 --> 404 Page Not Found: assets/admin/assets/libs/popper.js/dist/umd/popper.min.js.map
ERROR - 2018-11-19 01:13:05 --> 404 Page Not Found: assets/admin/assets/libs/quill/dist/quill.min.js.map
ERROR - 2018-11-19 01:13:05 --> 404 Page Not Found: assets/admin/assets/libs/bootstrap/dist/js/bootstrap.min.js.map
ERROR - 2018-11-19 01:13:05 --> 404 Page Not Found: assets/admin/dist/css/icons/material-design-iconic-font/css/materialdesignicons.min.css.map
ERROR - 2018-11-19 01:13:58 --> 404 Page Not Found: assets/admin/assets/libs/quill/dist/quill.min.js.map
ERROR - 2018-11-19 01:13:59 --> 404 Page Not Found: assets/admin/dist/css/icons/material-design-iconic-font/css/materialdesignicons.min.css.map
ERROR - 2018-11-19 01:13:59 --> 404 Page Not Found: assets/admin/assets/libs/bootstrap/dist/js/bootstrap.min.js.map
ERROR - 2018-11-19 01:13:59 --> 404 Page Not Found: assets/admin/assets/libs/popper.js/dist/umd/popper.min.js.map
ERROR - 2018-11-19 01:17:41 --> 404 Page Not Found: assets/admin/assets/libs/quill/dist/quill.min.js.map
ERROR - 2018-11-19 01:17:41 --> 404 Page Not Found: assets/admin/dist/css/icons/material-design-iconic-font/css/materialdesignicons.min.css.map
ERROR - 2018-11-19 01:19:25 --> 404 Page Not Found: assets/admin/assets/libs/quill/dist/quill.min.js.map
ERROR - 2018-11-19 01:19:25 --> 404 Page Not Found: assets/admin/assets/libs/popper.js/dist/umd/popper.min.js.map
ERROR - 2018-11-19 01:19:25 --> 404 Page Not Found: assets/admin/assets/libs/bootstrap/dist/js/bootstrap.min.js.map
ERROR - 2018-11-19 01:19:26 --> 404 Page Not Found: assets/admin/dist/css/icons/material-design-iconic-font/css/materialdesignicons.min.css.map
ERROR - 2018-11-19 01:24:42 --> 404 Page Not Found: assets/admin/assets/libs/quill/dist/quill.min.js.map
ERROR - 2018-11-19 01:24:42 --> 404 Page Not Found: assets/admin/assets/libs/bootstrap/dist/js/bootstrap.min.js.map
ERROR - 2018-11-19 01:24:42 --> 404 Page Not Found: assets/admin/assets/libs/popper.js/dist/umd/popper.min.js.map
ERROR - 2018-11-19 01:24:42 --> 404 Page Not Found: assets/admin/dist/css/icons/material-design-iconic-font/css/materialdesignicons.min.css.map
ERROR - 2018-11-19 01:27:21 --> 404 Page Not Found: assets/admin/assets/libs/quill/dist/quill.min.js.map
ERROR - 2018-11-19 01:27:21 --> 404 Page Not Found: assets/admin/dist/css/icons/material-design-iconic-font/css/materialdesignicons.min.css.map
ERROR - 2018-11-19 01:27:21 --> 404 Page Not Found: assets/admin/assets/libs/popper.js/dist/umd/popper.min.js.map
ERROR - 2018-11-19 01:27:21 --> 404 Page Not Found: assets/admin/assets/libs/bootstrap/dist/js/bootstrap.min.js.map
ERROR - 2018-11-19 01:27:24 --> 404 Page Not Found: assets/admin/assets/libs/quill/dist/quill.min.js.map
ERROR - 2018-11-19 01:27:25 --> 404 Page Not Found: assets/admin/dist/css/icons/material-design-iconic-font/css/materialdesignicons.min.css.map
ERROR - 2018-11-19 01:27:25 --> 404 Page Not Found: assets/admin/assets/libs/popper.js/dist/umd/popper.min.js.map
ERROR - 2018-11-19 01:27:25 --> 404 Page Not Found: assets/admin/assets/libs/bootstrap/dist/js/bootstrap.min.js.map
ERROR - 2018-11-19 01:27:27 --> 404 Page Not Found: assets/admin/assets/libs/quill/dist/quill.min.js.map
ERROR - 2018-11-19 01:27:27 --> 404 Page Not Found: assets/admin/dist/css/icons/material-design-iconic-font/css/materialdesignicons.min.css.map
ERROR - 2018-11-19 01:27:27 --> 404 Page Not Found: assets/admin/assets/libs/popper.js/dist/umd/popper.min.js.map
ERROR - 2018-11-19 01:27:27 --> 404 Page Not Found: assets/admin/assets/libs/bootstrap/dist/js/bootstrap.min.js.map
ERROR - 2018-11-19 01:29:29 --> 404 Page Not Found: assets/admin/assets/libs/quill/dist/quill.min.js.map
ERROR - 2018-11-19 01:29:30 --> 404 Page Not Found: assets/admin/dist/css/icons/material-design-iconic-font/css/materialdesignicons.min.css.map
ERROR - 2018-11-19 01:29:30 --> 404 Page Not Found: assets/admin/assets/libs/popper.js/dist/umd/popper.min.js.map
ERROR - 2018-11-19 01:29:30 --> 404 Page Not Found: assets/admin/assets/libs/bootstrap/dist/js/bootstrap.min.js.map
ERROR - 2018-11-19 01:29:33 --> 404 Page Not Found: assets/admin/assets/libs/quill/dist/quill.min.js.map
ERROR - 2018-11-19 01:29:34 --> 404 Page Not Found: assets/admin/dist/css/icons/material-design-iconic-font/css/materialdesignicons.min.css.map
ERROR - 2018-11-19 01:29:34 --> 404 Page Not Found: assets/admin/assets/libs/quill/dist/quill.min.js.map
ERROR - 2018-11-19 01:29:34 --> 404 Page Not Found: assets/admin/dist/css/icons/material-design-iconic-font/css/materialdesignicons.min.css.map
ERROR - 2018-11-19 01:29:35 --> 404 Page Not Found: assets/admin/assets/libs/popper.js/dist/umd/popper.min.js.map
ERROR - 2018-11-19 01:29:35 --> 404 Page Not Found: assets/admin/assets/libs/bootstrap/dist/js/bootstrap.min.js.map
ERROR - 2018-11-19 01:29:47 --> 404 Page Not Found: assets/admin/assets/libs/quill/dist/quill.min.js.map
ERROR - 2018-11-19 01:29:47 --> 404 Page Not Found: assets/admin/assets/libs/bootstrap/dist/js/bootstrap.min.js.map
ERROR - 2018-11-19 01:29:47 --> 404 Page Not Found: assets/admin/assets/libs/popper.js/dist/umd/popper.min.js.map
ERROR - 2018-11-19 01:29:47 --> 404 Page Not Found: assets/admin/dist/css/icons/material-design-iconic-font/css/materialdesignicons.min.css.map
ERROR - 2018-11-19 01:32:55 --> 404 Page Not Found: assets/admin/assets/libs/quill/dist/quill.min.js.map
ERROR - 2018-11-19 01:32:56 --> 404 Page Not Found: assets/admin/dist/css/icons/material-design-iconic-font/css/materialdesignicons.min.css.map
ERROR - 2018-11-19 01:32:56 --> 404 Page Not Found: assets/admin/assets/libs/popper.js/dist/umd/popper.min.js.map
ERROR - 2018-11-19 01:32:56 --> 404 Page Not Found: assets/admin/assets/libs/bootstrap/dist/js/bootstrap.min.js.map
ERROR - 2018-11-19 01:32:57 --> 404 Page Not Found: assets/admin/assets/libs/quill/dist/quill.min.js.map
ERROR - 2018-11-19 01:32:57 --> 404 Page Not Found: assets/admin/dist/css/icons/material-design-iconic-font/css/materialdesignicons.min.css.map
ERROR - 2018-11-19 01:32:58 --> 404 Page Not Found: assets/admin/assets/libs/popper.js/dist/umd/popper.min.js.map
ERROR - 2018-11-19 01:32:58 --> 404 Page Not Found: assets/admin/assets/libs/bootstrap/dist/js/bootstrap.min.js.map
ERROR - 2018-11-19 01:33:00 --> 404 Page Not Found: assets/admin/assets/libs/quill/dist/quill.min.js.map
ERROR - 2018-11-19 01:33:01 --> 404 Page Not Found: assets/admin/dist/css/icons/material-design-iconic-font/css/materialdesignicons.min.css.map
ERROR - 2018-11-19 01:33:01 --> 404 Page Not Found: assets/admin/assets/libs/popper.js/dist/umd/popper.min.js.map
ERROR - 2018-11-19 01:33:01 --> 404 Page Not Found: assets/admin/assets/libs/bootstrap/dist/js/bootstrap.min.js.map
ERROR - 2018-11-19 01:38:00 --> 404 Page Not Found: ../modules/admin/controllers/Sysadmin/add_courses_ax
ERROR - 2018-11-19 20:11:41 --> 404 Page Not Found: ../modules/admin/controllers/Sysadmin/add_courses_ax
