ERROR - 2018-11-18 23:04:29 --> 404 Page Not Found: admin/hy/add_courses
ERROR - 2018-11-18 23:05:04 --> 404 Page Not Found: ../modules/admin/controllers/Sysadmin/add_courses
ERROR - 2018-11-18 23:05:06 --> 404 Page Not Found: ../modules/admin/controllers/Sysadmin/add_courses
ERROR - 2018-11-18 23:05:07 --> 404 Page Not Found: ../modules/admin/controllers/Sysadmin/add_courses
ERROR - 2018-11-18 23:05:07 --> 404 Page Not Found: ../modules/admin/controllers/Sysadmin/add_courses
ERROR - 2018-11-18 23:05:08 --> 404 Page Not Found: ../modules/admin/controllers/Sysadmin/add_courses
ERROR - 2018-11-18 23:05:22 --> 404 Page Not Found: ../modules/admin/controllers/Sysadmin/add_courses
ERROR - 2018-11-18 23:05:23 --> 404 Page Not Found: ../modules/admin/controllers/Sysadmin/add_courses
ERROR - 2018-11-18 23:06:11 --> Severity: Notice --> Undefined variable: grade_converter D:\OpenServer\domains\localhost\study\application\modules\admin\views\add_courses.php 148
ERROR - 2018-11-18 23:06:11 --> Severity: Warning --> Invalid argument supplied for foreach() D:\OpenServer\domains\localhost\study\application\modules\admin\views\add_courses.php 148
ERROR - 2018-11-18 23:07:22 --> Severity: Notice --> Undefined variable: grade_converter D:\OpenServer\domains\localhost\study\application\modules\admin\views\add_courses.php 136
ERROR - 2018-11-18 23:07:22 --> Severity: Warning --> Invalid argument supplied for foreach() D:\OpenServer\domains\localhost\study\application\modules\admin\views\add_courses.php 136
ERROR - 2018-11-18 23:07:38 --> Severity: Notice --> Undefined variable: grade_converter D:\OpenServer\domains\localhost\study\application\modules\admin\views\add_courses.php 136
ERROR - 2018-11-18 23:07:38 --> Severity: Warning --> Invalid argument supplied for foreach() D:\OpenServer\domains\localhost\study\application\modules\admin\views\add_courses.php 136
ERROR - 2018-11-18 23:08:58 --> Severity: Notice --> Undefined variable: grade_converter D:\OpenServer\domains\localhost\study\application\modules\admin\views\add_courses.php 124
ERROR - 2018-11-18 23:08:58 --> Severity: Warning --> Invalid argument supplied for foreach() D:\OpenServer\domains\localhost\study\application\modules\admin\views\add_courses.php 124
ERROR - 2018-11-18 23:09:27 --> Severity: Notice --> Undefined variable: grade_converter D:\OpenServer\domains\localhost\study\application\modules\admin\views\add_courses.php 124
ERROR - 2018-11-18 23:09:27 --> Severity: Warning --> Invalid argument supplied for foreach() D:\OpenServer\domains\localhost\study\application\modules\admin\views\add_courses.php 124
ERROR - 2018-11-18 23:14:53 --> Severity: Notice --> Undefined variable: grade_converter D:\OpenServer\domains\localhost\study\application\modules\admin\views\add_courses.php 124
ERROR - 2018-11-18 23:14:53 --> Severity: Warning --> Invalid argument supplied for foreach() D:\OpenServer\domains\localhost\study\application\modules\admin\views\add_courses.php 124
ERROR - 2018-11-18 23:15:21 --> Severity: Notice --> Undefined variable: grade_converter D:\OpenServer\domains\localhost\study\application\modules\admin\views\add_courses.php 124
ERROR - 2018-11-18 23:15:21 --> Severity: Warning --> Invalid argument supplied for foreach() D:\OpenServer\domains\localhost\study\application\modules\admin\views\add_courses.php 124
ERROR - 2018-11-18 23:36:23 --> 404 Page Not Found: Sysadmin/search_partner_universities
ERROR - 2018-11-18 23:36:30 --> 404 Page Not Found: assets/admin/assets/libs/quill/dist/quill.min.js.map
ERROR - 2018-11-18 23:36:30 --> 404 Page Not Found: assets/admin/assets/libs/popper.js/dist/umd/popper.min.js.map
ERROR - 2018-11-18 23:36:30 --> 404 Page Not Found: assets/admin/assets/libs/bootstrap/dist/js/bootstrap.min.js.map
ERROR - 2018-11-18 23:36:30 --> 404 Page Not Found: assets/admin/dist/css/icons/material-design-iconic-font/css/materialdesignicons.min.css.map
ERROR - 2018-11-18 23:36:35 --> 404 Page Not Found: assets/admin/assets/libs/quill/dist/quill.min.js.map
ERROR - 2018-11-18 23:36:35 --> 404 Page Not Found: assets/admin/dist/css/icons/material-design-iconic-font/css/materialdesignicons.min.css.map
ERROR - 2018-11-18 23:36:35 --> 404 Page Not Found: assets/admin/assets/libs/bootstrap/dist/js/bootstrap.min.js.map
ERROR - 2018-11-18 23:36:35 --> 404 Page Not Found: assets/admin/assets/libs/popper.js/dist/umd/popper.min.js.map
ERROR - 2018-11-18 23:36:35 --> 404 Page Not Found: Sysadmin/search_partner_universities
ERROR - 2018-11-18 23:36:41 --> 404 Page Not Found: Sysadmin/search_partner_universities
ERROR - 2018-11-18 23:40:14 --> 404 Page Not Found: assets/admin/assets/libs/quill/dist/quill.min.js.map
ERROR - 2018-11-18 23:40:14 --> 404 Page Not Found: assets/admin/dist/css/icons/material-design-iconic-font/css/materialdesignicons.min.css.map
ERROR - 2018-11-18 23:40:14 --> 404 Page Not Found: assets/admin/assets/libs/popper.js/dist/umd/popper.min.js.map
ERROR - 2018-11-18 23:40:14 --> 404 Page Not Found: assets/admin/assets/libs/bootstrap/dist/js/bootstrap.min.js.map
ERROR - 2018-11-18 23:40:14 --> 404 Page Not Found: Sysadmin/search_partner_universities
ERROR - 2018-11-18 23:40:20 --> 404 Page Not Found: assets/admin/assets/libs/quill/dist/quill.min.js.map
ERROR - 2018-11-18 23:40:20 --> 404 Page Not Found: assets/admin/dist/css/icons/material-design-iconic-font/css/materialdesignicons.min.css.map
ERROR - 2018-11-18 23:40:21 --> 404 Page Not Found: assets/admin/assets/libs/popper.js/dist/umd/popper.min.js.map
ERROR - 2018-11-18 23:40:21 --> 404 Page Not Found: assets/admin/assets/libs/bootstrap/dist/js/bootstrap.min.js.map
ERROR - 2018-11-18 23:40:21 --> 404 Page Not Found: Sysadmin/search_partner_universities
ERROR - 2018-11-18 23:40:25 --> 404 Page Not Found: Sysadmin/search_partner_universities
ERROR - 2018-11-18 23:41:42 --> 404 Page Not Found: Sysadmin/search_partner_universities
ERROR - 2018-11-18 23:41:47 --> 404 Page Not Found: assets/admin/assets/libs/quill/dist/quill.min.js.map
ERROR - 2018-11-18 23:41:47 --> 404 Page Not Found: assets/admin/dist/css/icons/material-design-iconic-font/css/materialdesignicons.min.css.map
ERROR - 2018-11-18 23:41:48 --> 404 Page Not Found: assets/admin/assets/libs/bootstrap/dist/js/bootstrap.min.js.map
ERROR - 2018-11-18 23:41:48 --> 404 Page Not Found: assets/admin/assets/libs/popper.js/dist/umd/popper.min.js.map
ERROR - 2018-11-18 23:41:48 --> 404 Page Not Found: admin/hy/Sysadmin/search_partner_universities
ERROR - 2018-11-18 23:42:00 --> 404 Page Not Found: admin/hy/Sysadmin/search_partner_universities
ERROR - 2018-11-18 23:43:01 --> 404 Page Not Found: admin/hy/Sysadmin/search_partner_universities
ERROR - 2018-11-18 23:43:04 --> 404 Page Not Found: admin/hy/Sysadmin/search_partner_universities
ERROR - 2018-11-18 23:43:09 --> 404 Page Not Found: admin/hy/Sysadmin/search_partner_universities
ERROR - 2018-11-18 23:44:21 --> 404 Page Not Found: admin/hy/Sysadmin/search_partner_universities
ERROR - 2018-11-18 23:44:29 --> Query error: Unknown column 'title_Sysadmin' in 'field list' - Invalid query: SELECT `id`, `title_Sysadmin` AS `name` FROM `partner_university` WHERE `status` = 1
ERROR - 2018-11-18 23:47:10 --> Query error: Unknown column 'title_Sysadmin' in 'field list' - Invalid query: SELECT `id`, `title_Sysadmin` AS `name` FROM `partner_university` WHERE `status` = 1
ERROR - 2018-11-18 23:47:16 --> Query error: Unknown column 'title_hy' in 'field list' - Invalid query: SELECT `id`, `title_hy` AS `name` FROM `partner_university` WHERE `status` = 1
ERROR - 2018-11-18 23:48:02 --> 404 Page Not Found: assets/admin/assets/libs/quill/dist/quill.min.js.map
ERROR - 2018-11-18 23:48:02 --> 404 Page Not Found: assets/admin/dist/css/icons/material-design-iconic-font/css/materialdesignicons.min.css.map
ERROR - 2018-11-18 23:48:03 --> 404 Page Not Found: assets/admin/assets/libs/popper.js/dist/umd/popper.min.js.map
ERROR - 2018-11-18 23:48:03 --> 404 Page Not Found: assets/admin/assets/libs/bootstrap/dist/js/bootstrap.min.js.map
ERROR - 2018-11-18 23:49:17 --> 404 Page Not Found: assets/admin/assets/libs/quill/dist/quill.min.js.map
ERROR - 2018-11-18 23:49:17 --> 404 Page Not Found: assets/admin/dist/css/icons/material-design-iconic-font/css/materialdesignicons.min.css.map
ERROR - 2018-11-18 23:49:17 --> 404 Page Not Found: assets/admin/assets/libs/bootstrap/dist/js/bootstrap.min.js.map
ERROR - 2018-11-18 23:49:17 --> 404 Page Not Found: assets/admin/assets/libs/popper.js/dist/umd/popper.min.js.map
ERROR - 2018-11-18 23:49:29 --> 404 Page Not Found: assets/admin/assets/libs/quill/dist/quill.min.js.map
ERROR - 2018-11-18 23:49:29 --> 404 Page Not Found: assets/admin/dist/css/icons/material-design-iconic-font/css/materialdesignicons.min.css.map
ERROR - 2018-11-18 23:49:30 --> 404 Page Not Found: assets/admin/assets/libs/popper.js/dist/umd/popper.min.js.map
ERROR - 2018-11-18 23:49:30 --> 404 Page Not Found: assets/admin/assets/libs/bootstrap/dist/js/bootstrap.min.js.map
ERROR - 2018-11-18 23:49:55 --> 404 Page Not Found: assets/admin/assets/libs/quill/dist/quill.min.js.map
ERROR - 2018-11-18 23:49:55 --> 404 Page Not Found: assets/admin/dist/css/icons/material-design-iconic-font/css/materialdesignicons.min.css.map
ERROR - 2018-11-18 23:49:55 --> 404 Page Not Found: assets/admin/assets/libs/popper.js/dist/umd/popper.min.js.map
ERROR - 2018-11-18 23:49:55 --> 404 Page Not Found: assets/admin/assets/libs/bootstrap/dist/js/bootstrap.min.js.map
ERROR - 2018-11-18 23:50:00 --> 404 Page Not Found: assets/admin/assets/libs/quill/dist/quill.min.js.map
ERROR - 2018-11-18 23:50:00 --> 404 Page Not Found: assets/admin/dist/css/icons/material-design-iconic-font/css/materialdesignicons.min.css.map
ERROR - 2018-11-18 23:50:00 --> 404 Page Not Found: assets/admin/assets/libs/popper.js/dist/umd/popper.min.js.map
ERROR - 2018-11-18 23:50:00 --> 404 Page Not Found: assets/admin/assets/libs/bootstrap/dist/js/bootstrap.min.js.map
ERROR - 2018-11-18 23:50:09 --> 404 Page Not Found: assets/admin/assets/libs/quill/dist/quill.min.js.map
ERROR - 2018-11-18 23:50:09 --> 404 Page Not Found: assets/admin/dist/css/icons/material-design-iconic-font/css/materialdesignicons.min.css.map
ERROR - 2018-11-18 23:50:09 --> 404 Page Not Found: assets/admin/assets/libs/bootstrap/dist/js/bootstrap.min.js.map
ERROR - 2018-11-18 23:50:09 --> 404 Page Not Found: assets/admin/assets/libs/popper.js/dist/umd/popper.min.js.map
ERROR - 2018-11-18 23:51:14 --> 404 Page Not Found: assets/admin/assets/libs/quill/dist/quill.min.js.map
ERROR - 2018-11-18 23:51:14 --> 404 Page Not Found: assets/admin/dist/css/icons/material-design-iconic-font/css/materialdesignicons.min.css.map
ERROR - 2018-11-18 23:51:15 --> 404 Page Not Found: assets/admin/assets/libs/popper.js/dist/umd/popper.min.js.map
ERROR - 2018-11-18 23:51:15 --> 404 Page Not Found: assets/admin/assets/libs/bootstrap/dist/js/bootstrap.min.js.map
ERROR - 2018-11-18 23:51:39 --> 404 Page Not Found: assets/admin/assets/libs/quill/dist/quill.min.js.map
ERROR - 2018-11-18 23:51:40 --> 404 Page Not Found: assets/admin/dist/css/icons/material-design-iconic-font/css/materialdesignicons.min.css.map
ERROR - 2018-11-18 23:51:40 --> 404 Page Not Found: assets/admin/assets/libs/bootstrap/dist/js/bootstrap.min.js.map
ERROR - 2018-11-18 23:51:40 --> 404 Page Not Found: assets/admin/assets/libs/popper.js/dist/umd/popper.min.js.map
ERROR - 2018-11-18 23:52:04 --> 404 Page Not Found: assets/admin/assets/libs/quill/dist/quill.min.js.map
ERROR - 2018-11-18 23:52:04 --> 404 Page Not Found: assets/admin/dist/css/icons/material-design-iconic-font/css/materialdesignicons.min.css.map
ERROR - 2018-11-18 23:52:04 --> 404 Page Not Found: assets/admin/assets/libs/popper.js/dist/umd/popper.min.js.map
ERROR - 2018-11-18 23:52:04 --> 404 Page Not Found: assets/admin/assets/libs/bootstrap/dist/js/bootstrap.min.js.map
ERROR - 2018-11-18 23:53:06 --> 404 Page Not Found: assets/admin/assets/libs/quill/dist/quill.min.js.map
ERROR - 2018-11-18 23:53:06 --> 404 Page Not Found: assets/admin/dist/css/icons/material-design-iconic-font/css/materialdesignicons.min.css.map
ERROR - 2018-11-18 23:53:06 --> 404 Page Not Found: assets/admin/assets/libs/popper.js/dist/umd/popper.min.js.map
ERROR - 2018-11-18 23:53:06 --> 404 Page Not Found: assets/admin/assets/libs/bootstrap/dist/js/bootstrap.min.js.map
ERROR - 2018-11-18 23:54:03 --> 404 Page Not Found: assets/admin/assets/libs/quill/dist/quill.min.js.map
ERROR - 2018-11-18 23:54:03 --> 404 Page Not Found: assets/admin/assets/libs/popper.js/dist/umd/popper.min.js.map
ERROR - 2018-11-18 23:54:03 --> 404 Page Not Found: assets/admin/assets/libs/bootstrap/dist/js/bootstrap.min.js.map
ERROR - 2018-11-18 23:54:03 --> 404 Page Not Found: assets/admin/dist/css/icons/material-design-iconic-font/css/materialdesignicons.min.css.map
ERROR - 2018-11-18 23:54:26 --> 404 Page Not Found: assets/admin/assets/libs/quill/dist/quill.min.js.map
ERROR - 2018-11-18 23:54:26 --> 404 Page Not Found: assets/admin/dist/css/icons/material-design-iconic-font/css/materialdesignicons.min.css.map
ERROR - 2018-11-18 23:54:26 --> 404 Page Not Found: assets/admin/assets/libs/bootstrap/dist/js/bootstrap.min.js.map
ERROR - 2018-11-18 23:54:26 --> 404 Page Not Found: assets/admin/assets/libs/popper.js/dist/umd/popper.min.js.map
ERROR - 2018-11-18 23:54:32 --> 404 Page Not Found: assets/admin/assets/libs/quill/dist/quill.min.js.map
ERROR - 2018-11-18 23:54:32 --> 404 Page Not Found: assets/admin/dist/css/icons/material-design-iconic-font/css/materialdesignicons.min.css.map
ERROR - 2018-11-18 23:54:32 --> 404 Page Not Found: assets/admin/assets/libs/popper.js/dist/umd/popper.min.js.map
ERROR - 2018-11-18 23:54:32 --> 404 Page Not Found: assets/admin/assets/libs/bootstrap/dist/js/bootstrap.min.js.map
ERROR - 2018-11-18 23:58:05 --> 404 Page Not Found: assets/admin/assets/js/typeahead.js
ERROR - 2018-11-18 23:58:05 --> 404 Page Not Found: assets/admin/assets/libs/quill/dist/quill.min.js.map
ERROR - 2018-11-18 23:58:05 --> 404 Page Not Found: assets/admin/dist/css/icons/material-design-iconic-font/css/materialdesignicons.min.css.map
ERROR - 2018-11-18 23:58:05 --> 404 Page Not Found: assets/admin/assets/js/typeahead.js
ERROR - 2018-11-18 23:58:05 --> 404 Page Not Found: assets/admin/assets/libs/popper.js/dist/umd/popper.min.js.map
ERROR - 2018-11-18 23:58:05 --> 404 Page Not Found: assets/admin/assets/libs/bootstrap/dist/js/bootstrap.min.js.map
ERROR - 2018-11-18 23:58:22 --> 404 Page Not Found: assets/admin/assets/libs/quill/dist/quill.min.js.map
ERROR - 2018-11-18 23:58:22 --> 404 Page Not Found: assets/admin/dist/css/icons/material-design-iconic-font/css/materialdesignicons.min.css.map
ERROR - 2018-11-18 23:58:23 --> 404 Page Not Found: assets/admin/assets/libs/popper.js/dist/umd/popper.min.js.map
ERROR - 2018-11-18 23:58:23 --> 404 Page Not Found: assets/admin/assets/libs/bootstrap/dist/js/bootstrap.min.js.map
ERROR - 2018-11-18 23:58:47 --> 404 Page Not Found: assets/admin/assets/libs/popper.js/dist/umd/popper.min.js.map
ERROR - 2018-11-18 23:58:47 --> 404 Page Not Found: assets/admin/assets/libs/bootstrap/dist/js/bootstrap.min.js.map
ERROR - 2018-11-18 23:58:47 --> 404 Page Not Found: assets/admin/assets/libs/quill/dist/quill.min.js.map
ERROR - 2018-11-18 23:58:47 --> 404 Page Not Found: assets/admin/dist/css/icons/material-design-iconic-font/css/materialdesignicons.min.css.map
ERROR - 2018-11-18 23:59:41 --> 404 Page Not Found: assets/admin/assets/libs/quill/dist/quill.min.js.map
ERROR - 2018-11-18 23:59:41 --> 404 Page Not Found: assets/admin/dist/css/icons/material-design-iconic-font/css/materialdesignicons.min.css.map
ERROR - 2018-11-18 23:59:42 --> 404 Page Not Found: assets/admin/assets/libs/popper.js/dist/umd/popper.min.js.map
ERROR - 2018-11-18 23:59:42 --> 404 Page Not Found: assets/admin/assets/libs/bootstrap/dist/js/bootstrap.min.js.map
