ERROR - 2018-12-16 13:52:57 --> 404 Page Not Found: course
ERROR - 2018-12-16 13:53:03 --> 404 Page Not Found: course/fdfdsfsd
ERROR - 2018-12-16 14:43:07 --> Query error: You have an error in your SQL syntax; check the manual that corresponds to your MySQL server version for the right syntax to use near 'WHERE `status` = '1' 
              AND `alias_hy` = 'fdfdsfsd' 
            L' at line 15 - Invalid query: 
            SELECT 
              `id`,
              `title_hy` AS `title`,
              `alias_hy` AS `alias`,
              `why1_hy` AS `why1`,
              `why2_hy` AS `why2`,
              `why3_hy` AS `why3`,
              `career1_hy` AS `career1`,
              `career2_hy` AS `career2`,
              `career3_hy` AS `career3`,
              `meta_keyword_hy` AS `meta_keyword`,
              `meta_description_hy` AS `meta_description`,
              `background_image`,
              `status` 
            WHERE `status` = '1' 
              AND `alias_hy` = 'fdfdsfsd' 
            LIMIT 1 
        
ERROR - 2018-12-16 14:58:03 --> 404 Page Not Found: course
ERROR - 2018-12-16 15:02:43 --> 404 Page Not Found: course
ERROR - 2018-12-16 15:08:02 --> Severity: Notice --> Undefined variable: lng D:\OpenServer\domains\localhost\study\application\views\business_management.php 44
ERROR - 2018-12-16 15:08:02 --> Severity: Notice --> Undefined variable: lng D:\OpenServer\domains\localhost\study\application\views\business_management.php 44
ERROR - 2018-12-16 15:08:02 --> Severity: Notice --> Undefined variable: lng D:\OpenServer\domains\localhost\study\application\views\business_management.php 44
ERROR - 2018-12-16 15:08:02 --> Severity: Notice --> Undefined variable: lng D:\OpenServer\domains\localhost\study\application\views\business_management.php 44
ERROR - 2018-12-16 15:08:32 --> Severity: Notice --> Undefined variable: lng D:\OpenServer\domains\localhost\study\application\views\business_management.php 44
ERROR - 2018-12-16 15:08:32 --> Severity: Notice --> Undefined variable: lng D:\OpenServer\domains\localhost\study\application\views\business_management.php 44
ERROR - 2018-12-16 15:08:32 --> Severity: Notice --> Undefined variable: lng D:\OpenServer\domains\localhost\study\application\views\business_management.php 44
ERROR - 2018-12-16 15:08:32 --> Severity: Notice --> Undefined variable: lng D:\OpenServer\domains\localhost\study\application\views\business_management.php 44
ERROR - 2018-12-16 15:08:37 --> Severity: Notice --> Undefined variable: lng D:\OpenServer\domains\localhost\study\application\views\business_management.php 44
ERROR - 2018-12-16 15:08:37 --> Severity: Notice --> Undefined variable: lng D:\OpenServer\domains\localhost\study\application\views\business_management.php 44
ERROR - 2018-12-16 15:08:37 --> Severity: Notice --> Undefined variable: lng D:\OpenServer\domains\localhost\study\application\views\business_management.php 44
ERROR - 2018-12-16 15:08:37 --> Severity: Notice --> Undefined variable: lng D:\OpenServer\domains\localhost\study\application\views\business_management.php 44
ERROR - 2018-12-16 15:08:39 --> Severity: Notice --> Undefined variable: lng D:\OpenServer\domains\localhost\study\application\views\business_management.php 44
ERROR - 2018-12-16 15:08:39 --> Severity: Notice --> Undefined variable: lng D:\OpenServer\domains\localhost\study\application\views\business_management.php 44
ERROR - 2018-12-16 15:08:39 --> Severity: Notice --> Undefined variable: lng D:\OpenServer\domains\localhost\study\application\views\business_management.php 44
ERROR - 2018-12-16 15:08:39 --> Severity: Notice --> Undefined variable: lng D:\OpenServer\domains\localhost\study\application\views\business_management.php 44
ERROR - 2018-12-16 15:08:39 --> Severity: Notice --> Undefined variable: lng D:\OpenServer\domains\localhost\study\application\views\business_management.php 44
ERROR - 2018-12-16 15:08:40 --> Severity: Notice --> Undefined variable: lng D:\OpenServer\domains\localhost\study\application\views\business_management.php 44
ERROR - 2018-12-16 15:08:40 --> Severity: Notice --> Undefined variable: lng D:\OpenServer\domains\localhost\study\application\views\business_management.php 44
ERROR - 2018-12-16 15:08:40 --> Severity: Notice --> Undefined variable: lng D:\OpenServer\domains\localhost\study\application\views\business_management.php 44
ERROR - 2018-12-16 15:08:50 --> Severity: Notice --> Undefined variable: lng D:\OpenServer\domains\localhost\study\application\views\business_management.php 44
ERROR - 2018-12-16 15:08:50 --> Severity: Notice --> Undefined variable: lng D:\OpenServer\domains\localhost\study\application\views\business_management.php 44
ERROR - 2018-12-16 15:08:50 --> Severity: Notice --> Undefined variable: lng D:\OpenServer\domains\localhost\study\application\views\business_management.php 44
ERROR - 2018-12-16 15:08:50 --> Severity: Notice --> Undefined variable: lng D:\OpenServer\domains\localhost\study\application\views\business_management.php 44
ERROR - 2018-12-16 15:08:51 --> Severity: Notice --> Undefined variable: lng D:\OpenServer\domains\localhost\study\application\views\business_management.php 44
ERROR - 2018-12-16 15:08:51 --> Severity: Notice --> Undefined variable: lng D:\OpenServer\domains\localhost\study\application\views\business_management.php 44
ERROR - 2018-12-16 15:08:51 --> Severity: Notice --> Undefined variable: lng D:\OpenServer\domains\localhost\study\application\views\business_management.php 44
ERROR - 2018-12-16 15:08:51 --> Severity: Notice --> Undefined variable: lng D:\OpenServer\domains\localhost\study\application\views\business_management.php 44
ERROR - 2018-12-16 15:08:51 --> Severity: Notice --> Undefined variable: lng D:\OpenServer\domains\localhost\study\application\views\business_management.php 44
ERROR - 2018-12-16 15:08:51 --> Severity: Notice --> Undefined variable: lng D:\OpenServer\domains\localhost\study\application\views\business_management.php 44
ERROR - 2018-12-16 15:08:51 --> Severity: Notice --> Undefined variable: lng D:\OpenServer\domains\localhost\study\application\views\business_management.php 44
ERROR - 2018-12-16 15:08:51 --> Severity: Notice --> Undefined variable: lng D:\OpenServer\domains\localhost\study\application\views\business_management.php 44
ERROR - 2018-12-16 15:08:58 --> Severity: Notice --> Undefined variable: lng D:\OpenServer\domains\localhost\study\application\views\business_management.php 44
ERROR - 2018-12-16 15:08:58 --> Severity: Notice --> Undefined variable: lng D:\OpenServer\domains\localhost\study\application\views\business_management.php 44
ERROR - 2018-12-16 15:08:58 --> Severity: Notice --> Undefined variable: lng D:\OpenServer\domains\localhost\study\application\views\business_management.php 44
ERROR - 2018-12-16 15:08:58 --> Severity: Notice --> Undefined variable: lng D:\OpenServer\domains\localhost\study\application\views\business_management.php 44
ERROR - 2018-12-16 15:08:58 --> Severity: Notice --> Undefined variable: lng D:\OpenServer\domains\localhost\study\application\views\business_management.php 44
ERROR - 2018-12-16 15:08:58 --> Severity: Notice --> Undefined variable: lng D:\OpenServer\domains\localhost\study\application\views\business_management.php 44
ERROR - 2018-12-16 15:08:58 --> Severity: Notice --> Undefined variable: lng D:\OpenServer\domains\localhost\study\application\views\business_management.php 44
ERROR - 2018-12-16 15:08:58 --> Severity: Notice --> Undefined variable: lng D:\OpenServer\domains\localhost\study\application\views\business_management.php 44
ERROR - 2018-12-16 15:08:58 --> Severity: Notice --> Undefined variable: lng D:\OpenServer\domains\localhost\study\application\views\business_management.php 44
ERROR - 2018-12-16 15:08:58 --> Severity: Notice --> Undefined variable: lng D:\OpenServer\domains\localhost\study\application\views\business_management.php 44
ERROR - 2018-12-16 15:08:58 --> Severity: Notice --> Undefined variable: lng D:\OpenServer\domains\localhost\study\application\views\business_management.php 44
ERROR - 2018-12-16 15:08:58 --> Severity: Notice --> Undefined variable: lng D:\OpenServer\domains\localhost\study\application\views\business_management.php 44
ERROR - 2018-12-16 15:09:39 --> Severity: Notice --> Undefined variable: language D:\OpenServer\domains\localhost\study\application\views\business_management.php 44
ERROR - 2018-12-16 15:09:39 --> Severity: Notice --> Undefined variable: language D:\OpenServer\domains\localhost\study\application\views\business_management.php 44
ERROR - 2018-12-16 15:09:39 --> Severity: Notice --> Undefined variable: language D:\OpenServer\domains\localhost\study\application\views\business_management.php 44
ERROR - 2018-12-16 15:09:39 --> Severity: Notice --> Undefined variable: language D:\OpenServer\domains\localhost\study\application\views\business_management.php 44
ERROR - 2018-12-16 15:12:34 --> 404 Page Not Found: university
ERROR - 2018-12-16 15:28:19 --> 404 Page Not Found: course
ERROR - 2018-12-16 15:36:06 --> 404 Page Not Found: course
ERROR - 2018-12-16 15:40:58 --> Severity: Notice --> Undefined index: title D:\OpenServer\domains\localhost\study\application\views\business_management.php 40
ERROR - 2018-12-16 15:40:58 --> Severity: Notice --> Undefined index: title D:\OpenServer\domains\localhost\study\application\views\business_management.php 40
ERROR - 2018-12-16 15:40:58 --> Severity: Notice --> Undefined index: title D:\OpenServer\domains\localhost\study\application\views\business_management.php 40
ERROR - 2018-12-16 15:40:58 --> Severity: Notice --> Undefined index: title D:\OpenServer\domains\localhost\study\application\views\business_management.php 40
ERROR - 2018-12-16 16:10:41 --> Severity: Warning --> Cannot modify header information - headers already sent by (output started at D:\OpenServer\domains\localhost\study\application\controllers\Main.php:345) D:\OpenServer\domains\localhost\study\system\core\Common.php 570
ERROR - 2018-12-16 16:10:41 --> Severity: Error --> Call to undefined method Main::reg_code() D:\OpenServer\domains\localhost\study\application\controllers\Main.php 345
ERROR - 2018-12-16 16:46:07 --> Severity: Notice --> Undefined variable: lng D:\OpenServer\domains\localhost\study\application\views\index.php 6
ERROR - 2018-12-16 17:16:31 --> Severity: Notice --> Undefined variable: image D:\OpenServer\domains\localhost\study\application\controllers\Main.php 152
ERROR - 2018-12-16 17:20:09 --> Severity: Notice --> Undefined index: description D:\OpenServer\domains\localhost\study\application\controllers\Main.php 191
ERROR - 2018-12-16 17:20:09 --> Severity: Notice --> Undefined index: keyword D:\OpenServer\domains\localhost\study\application\controllers\Main.php 191
ERROR - 2018-12-16 17:20:09 --> Severity: Notice --> Undefined index: title D:\OpenServer\domains\localhost\study\application\controllers\Main.php 191
ERROR - 2018-12-16 17:23:10 --> Severity: Warning --> Missing argument 1 for Main::meta_tags(), called in D:\OpenServer\domains\localhost\study\application\controllers\Main.php on line 231 and defined D:\OpenServer\domains\localhost\study\application\controllers\Main.php 100
ERROR - 2018-12-16 17:23:10 --> Severity: Warning --> Missing argument 2 for Main::meta_tags(), called in D:\OpenServer\domains\localhost\study\application\controllers\Main.php on line 231 and defined D:\OpenServer\domains\localhost\study\application\controllers\Main.php 100
ERROR - 2018-12-16 17:23:10 --> Severity: Warning --> Missing argument 3 for Main::meta_tags(), called in D:\OpenServer\domains\localhost\study\application\controllers\Main.php on line 231 and defined D:\OpenServer\domains\localhost\study\application\controllers\Main.php 100
ERROR - 2018-12-16 17:23:10 --> Severity: Warning --> Missing argument 4 for Main::meta_tags(), called in D:\OpenServer\domains\localhost\study\application\controllers\Main.php on line 231 and defined D:\OpenServer\domains\localhost\study\application\controllers\Main.php 100
ERROR - 2018-12-16 17:23:10 --> Severity: Notice --> Undefined variable: description D:\OpenServer\domains\localhost\study\application\controllers\Main.php 123
ERROR - 2018-12-16 17:23:10 --> Severity: Notice --> Undefined variable: keywords D:\OpenServer\domains\localhost\study\application\controllers\Main.php 124
ERROR - 2018-12-16 17:23:10 --> Severity: Notice --> Undefined variable: title D:\OpenServer\domains\localhost\study\application\controllers\Main.php 127
ERROR - 2018-12-16 17:23:10 --> Severity: Notice --> Undefined variable: image D:\OpenServer\domains\localhost\study\application\controllers\Main.php 129
ERROR - 2018-12-16 17:31:43 --> Severity: Notice --> Undefined index: background_image D:\OpenServer\domains\localhost\study\application\controllers\Main.php 689
ERROR - 2018-12-16 17:33:41 --> Severity: Warning --> Missing argument 1 for Main::meta_tags(), called in D:\OpenServer\domains\localhost\study\application\controllers\Main.php on line 833 and defined D:\OpenServer\domains\localhost\study\application\controllers\Main.php 100
ERROR - 2018-12-16 17:33:41 --> Severity: Warning --> Missing argument 2 for Main::meta_tags(), called in D:\OpenServer\domains\localhost\study\application\controllers\Main.php on line 833 and defined D:\OpenServer\domains\localhost\study\application\controllers\Main.php 100
ERROR - 2018-12-16 17:33:41 --> Severity: Warning --> Missing argument 3 for Main::meta_tags(), called in D:\OpenServer\domains\localhost\study\application\controllers\Main.php on line 833 and defined D:\OpenServer\domains\localhost\study\application\controllers\Main.php 100
ERROR - 2018-12-16 17:33:41 --> Severity: Warning --> Missing argument 4 for Main::meta_tags(), called in D:\OpenServer\domains\localhost\study\application\controllers\Main.php on line 833 and defined D:\OpenServer\domains\localhost\study\application\controllers\Main.php 100
ERROR - 2018-12-16 17:33:41 --> Severity: Notice --> Undefined variable: description D:\OpenServer\domains\localhost\study\application\controllers\Main.php 123
ERROR - 2018-12-16 17:33:41 --> Severity: Notice --> Undefined variable: keywords D:\OpenServer\domains\localhost\study\application\controllers\Main.php 124
ERROR - 2018-12-16 17:33:41 --> Severity: Notice --> Undefined variable: title D:\OpenServer\domains\localhost\study\application\controllers\Main.php 127
ERROR - 2018-12-16 17:33:41 --> Severity: Notice --> Undefined variable: image D:\OpenServer\domains\localhost\study\application\controllers\Main.php 129
ERROR - 2018-12-16 17:36:37 --> Severity: Warning --> Missing argument 1 for Main::meta_tags(), called in D:\OpenServer\domains\localhost\study\application\controllers\Main.php on line 833 and defined D:\OpenServer\domains\localhost\study\application\controllers\Main.php 100
ERROR - 2018-12-16 17:36:37 --> Severity: Warning --> Missing argument 2 for Main::meta_tags(), called in D:\OpenServer\domains\localhost\study\application\controllers\Main.php on line 833 and defined D:\OpenServer\domains\localhost\study\application\controllers\Main.php 100
ERROR - 2018-12-16 17:36:37 --> Severity: Warning --> Missing argument 3 for Main::meta_tags(), called in D:\OpenServer\domains\localhost\study\application\controllers\Main.php on line 833 and defined D:\OpenServer\domains\localhost\study\application\controllers\Main.php 100
ERROR - 2018-12-16 17:36:37 --> Severity: Warning --> Missing argument 4 for Main::meta_tags(), called in D:\OpenServer\domains\localhost\study\application\controllers\Main.php on line 833 and defined D:\OpenServer\domains\localhost\study\application\controllers\Main.php 100
ERROR - 2018-12-16 17:36:37 --> Severity: Notice --> Undefined variable: description D:\OpenServer\domains\localhost\study\application\controllers\Main.php 123
ERROR - 2018-12-16 17:36:37 --> Severity: Notice --> Undefined variable: keywords D:\OpenServer\domains\localhost\study\application\controllers\Main.php 124
ERROR - 2018-12-16 17:36:37 --> Severity: Notice --> Undefined variable: title D:\OpenServer\domains\localhost\study\application\controllers\Main.php 127
ERROR - 2018-12-16 17:36:38 --> Severity: Notice --> Undefined variable: image D:\OpenServer\domains\localhost\study\application\controllers\Main.php 129
