ERROR - 2018-11-25 13:52:46 --> 404 Page Not Found: assets/admin/assets/libs/quill/dist/quill.min.js.map
ERROR - 2018-11-25 13:52:46 --> 404 Page Not Found: assets/admin/assets/libs/bootstrap/dist/js/bootstrap.min.js.map
ERROR - 2018-11-25 13:52:46 --> 404 Page Not Found: assets/admin/dist/css/icons/material-design-iconic-font/css/materialdesignicons.min.css.map
ERROR - 2018-11-25 13:52:46 --> 404 Page Not Found: assets/admin/assets/libs/popper.js/dist/umd/popper.min.js.map
ERROR - 2018-11-25 13:57:03 --> 404 Page Not Found: assets/admin/assets/libs/popper.js/dist/umd/popper.min.js.map
ERROR - 2018-11-25 13:57:03 --> 404 Page Not Found: assets/admin/assets/libs/quill/dist/quill.min.js.map
ERROR - 2018-11-25 13:57:03 --> 404 Page Not Found: assets/admin/assets/libs/bootstrap/dist/js/bootstrap.min.js.map
ERROR - 2018-11-25 13:57:04 --> 404 Page Not Found: assets/admin/dist/css/icons/material-design-iconic-font/css/materialdesignicons.min.css.map
ERROR - 2018-11-25 14:06:59 --> 404 Page Not Found: assets/admin/assets/libs/quill/dist/quill.min.js.map
ERROR - 2018-11-25 14:06:59 --> 404 Page Not Found: assets/admin/assets/libs/popper.js/dist/umd/popper.min.js.map
ERROR - 2018-11-25 14:06:59 --> 404 Page Not Found: assets/admin/assets/libs/bootstrap/dist/js/bootstrap.min.js.map
ERROR - 2018-11-25 14:06:59 --> 404 Page Not Found: assets/admin/dist/css/icons/material-design-iconic-font/css/materialdesignicons.min.css.map
ERROR - 2018-11-25 14:07:12 --> 404 Page Not Found: assets/admin/assets/libs/quill/dist/quill.min.js.map
ERROR - 2018-11-25 14:07:12 --> 404 Page Not Found: assets/admin/assets/libs/popper.js/dist/umd/popper.min.js.map
ERROR - 2018-11-25 14:07:12 --> 404 Page Not Found: assets/admin/assets/libs/bootstrap/dist/js/bootstrap.min.js.map
ERROR - 2018-11-25 14:07:12 --> 404 Page Not Found: assets/admin/dist/css/icons/material-design-iconic-font/css/materialdesignicons.min.css.map
ERROR - 2018-11-25 14:13:31 --> 404 Page Not Found: assets/admin/assets/libs/quill/dist/quill.min.js.map
ERROR - 2018-11-25 14:13:31 --> 404 Page Not Found: assets/admin/assets/libs/bootstrap/dist/js/bootstrap.min.js.map
ERROR - 2018-11-25 14:13:32 --> 404 Page Not Found: assets/admin/dist/css/icons/material-design-iconic-font/css/materialdesignicons.min.css.map
ERROR - 2018-11-25 14:13:32 --> 404 Page Not Found: assets/admin/assets/libs/popper.js/dist/umd/popper.min.js.map
ERROR - 2018-11-25 14:14:01 --> 404 Page Not Found: assets/admin/assets/libs/quill/dist/quill.min.js.map
ERROR - 2018-11-25 14:14:01 --> 404 Page Not Found: assets/admin/assets/libs/bootstrap/dist/js/bootstrap.min.js.map
ERROR - 2018-11-25 14:14:01 --> 404 Page Not Found: assets/admin/assets/libs/popper.js/dist/umd/popper.min.js.map
ERROR - 2018-11-25 14:14:01 --> 404 Page Not Found: assets/admin/dist/css/icons/material-design-iconic-font/css/materialdesignicons.min.css.map
ERROR - 2018-11-25 14:14:08 --> 404 Page Not Found: assets/admin/assets/libs/popper.js/dist/umd/popper.min.js.map
ERROR - 2018-11-25 14:14:08 --> 404 Page Not Found: assets/admin/assets/libs/bootstrap/dist/js/bootstrap.min.js.map
ERROR - 2018-11-25 14:14:08 --> 404 Page Not Found: assets/admin/assets/libs/quill/dist/quill.min.js.map
ERROR - 2018-11-25 14:14:08 --> 404 Page Not Found: assets/admin/dist/css/icons/material-design-iconic-font/css/materialdesignicons.min.css.map
ERROR - 2018-11-25 14:15:04 --> 404 Page Not Found: assets/admin/assets/libs/quill/dist/quill.min.js.map
ERROR - 2018-11-25 14:15:04 --> 404 Page Not Found: assets/admin/assets/libs/popper.js/dist/umd/popper.min.js.map
ERROR - 2018-11-25 14:15:04 --> 404 Page Not Found: assets/admin/assets/libs/bootstrap/dist/js/bootstrap.min.js.map
ERROR - 2018-11-25 14:15:04 --> 404 Page Not Found: assets/admin/dist/css/icons/material-design-iconic-font/css/materialdesignicons.min.css.map
ERROR - 2018-11-25 14:16:44 --> 404 Page Not Found: assets/admin/assets/libs/quill/dist/quill.min.js.map
ERROR - 2018-11-25 14:16:44 --> 404 Page Not Found: assets/admin/assets/libs/popper.js/dist/umd/popper.min.js.map
ERROR - 2018-11-25 14:16:44 --> 404 Page Not Found: assets/admin/assets/libs/bootstrap/dist/js/bootstrap.min.js.map
ERROR - 2018-11-25 14:16:45 --> 404 Page Not Found: assets/admin/dist/css/icons/material-design-iconic-font/css/materialdesignicons.min.css.map
ERROR - 2018-11-25 14:18:22 --> 404 Page Not Found: assets/admin/assets/libs/popper.js/dist/umd/popper.min.js.map
ERROR - 2018-11-25 14:18:22 --> 404 Page Not Found: assets/admin/assets/libs/quill/dist/quill.min.js.map
ERROR - 2018-11-25 14:18:22 --> 404 Page Not Found: assets/admin/assets/libs/bootstrap/dist/js/bootstrap.min.js.map
ERROR - 2018-11-25 14:18:22 --> 404 Page Not Found: assets/admin/dist/css/icons/material-design-iconic-font/css/materialdesignicons.min.css.map
ERROR - 2018-11-25 14:20:13 --> 404 Page Not Found: assets/admin/assets/libs/quill/dist/quill.min.js.map
ERROR - 2018-11-25 14:20:13 --> 404 Page Not Found: assets/admin/assets/libs/bootstrap/dist/js/bootstrap.min.js.map
ERROR - 2018-11-25 14:20:13 --> 404 Page Not Found: assets/admin/assets/libs/popper.js/dist/umd/popper.min.js.map
ERROR - 2018-11-25 14:20:13 --> 404 Page Not Found: assets/admin/dist/css/icons/material-design-iconic-font/css/materialdesignicons.min.css.map
ERROR - 2018-11-25 14:20:38 --> 404 Page Not Found: assets/admin/assets/libs/quill/dist/quill.min.js.map
ERROR - 2018-11-25 14:20:38 --> 404 Page Not Found: assets/admin/assets/libs/popper.js/dist/umd/popper.min.js.map
ERROR - 2018-11-25 14:20:38 --> 404 Page Not Found: assets/admin/assets/libs/bootstrap/dist/js/bootstrap.min.js.map
ERROR - 2018-11-25 14:20:38 --> 404 Page Not Found: assets/admin/dist/css/icons/material-design-iconic-font/css/materialdesignicons.min.css.map
ERROR - 2018-11-25 14:21:37 --> 404 Page Not Found: assets/admin/assets/libs/quill/dist/quill.min.js.map
ERROR - 2018-11-25 14:21:37 --> 404 Page Not Found: assets/admin/assets/libs/popper.js/dist/umd/popper.min.js.map
ERROR - 2018-11-25 14:21:37 --> 404 Page Not Found: assets/admin/assets/libs/bootstrap/dist/js/bootstrap.min.js.map
ERROR - 2018-11-25 14:21:37 --> 404 Page Not Found: assets/admin/dist/css/icons/material-design-iconic-font/css/materialdesignicons.min.css.map
ERROR - 2018-11-25 14:22:39 --> 404 Page Not Found: assets/admin/assets/libs/popper.js/dist/umd/popper.min.js.map
ERROR - 2018-11-25 14:22:39 --> 404 Page Not Found: assets/admin/assets/libs/quill/dist/quill.min.js.map
ERROR - 2018-11-25 14:22:39 --> 404 Page Not Found: assets/admin/assets/libs/bootstrap/dist/js/bootstrap.min.js.map
ERROR - 2018-11-25 14:22:40 --> 404 Page Not Found: assets/admin/dist/css/icons/material-design-iconic-font/css/materialdesignicons.min.css.map
ERROR - 2018-11-25 14:22:51 --> 404 Page Not Found: assets/admin/assets/libs/quill/dist/quill.min.js.map
ERROR - 2018-11-25 14:22:51 --> 404 Page Not Found: assets/admin/assets/libs/popper.js/dist/umd/popper.min.js.map
ERROR - 2018-11-25 14:22:51 --> 404 Page Not Found: assets/admin/assets/libs/bootstrap/dist/js/bootstrap.min.js.map
ERROR - 2018-11-25 14:22:51 --> 404 Page Not Found: assets/admin/dist/css/icons/material-design-iconic-font/css/materialdesignicons.min.css.map
ERROR - 2018-11-25 14:23:35 --> 404 Page Not Found: assets/admin/assets/libs/quill/dist/quill.min.js.map
ERROR - 2018-11-25 14:23:35 --> 404 Page Not Found: assets/admin/assets/libs/popper.js/dist/umd/popper.min.js.map
ERROR - 2018-11-25 14:23:35 --> 404 Page Not Found: assets/admin/assets/libs/bootstrap/dist/js/bootstrap.min.js.map
ERROR - 2018-11-25 14:23:35 --> 404 Page Not Found: assets/admin/dist/css/icons/material-design-iconic-font/css/materialdesignicons.min.css.map
ERROR - 2018-11-25 14:26:08 --> 404 Page Not Found: assets/admin/assets/libs/quill/dist/quill.min.js.map
ERROR - 2018-11-25 14:26:08 --> 404 Page Not Found: assets/admin/assets/libs/popper.js/dist/umd/popper.min.js.map
ERROR - 2018-11-25 14:26:08 --> 404 Page Not Found: assets/admin/assets/libs/bootstrap/dist/js/bootstrap.min.js.map
ERROR - 2018-11-25 14:26:09 --> 404 Page Not Found: assets/admin/dist/css/icons/material-design-iconic-font/css/materialdesignicons.min.css.map
ERROR - 2018-11-25 14:27:22 --> 404 Page Not Found: assets/admin/assets/libs/quill/dist/quill.min.js.map
ERROR - 2018-11-25 14:27:22 --> 404 Page Not Found: assets/admin/assets/libs/popper.js/dist/umd/popper.min.js.map
ERROR - 2018-11-25 14:27:22 --> 404 Page Not Found: assets/admin/assets/libs/bootstrap/dist/js/bootstrap.min.js.map
ERROR - 2018-11-25 14:27:23 --> 404 Page Not Found: assets/admin/dist/css/icons/material-design-iconic-font/css/materialdesignicons.min.css.map
ERROR - 2018-11-25 14:28:12 --> 404 Page Not Found: assets/admin/assets/libs/quill/dist/quill.min.js.map
ERROR - 2018-11-25 14:28:12 --> 404 Page Not Found: assets/admin/assets/libs/bootstrap/dist/js/bootstrap.min.js.map
ERROR - 2018-11-25 14:28:12 --> 404 Page Not Found: assets/admin/assets/libs/popper.js/dist/umd/popper.min.js.map
ERROR - 2018-11-25 14:28:12 --> 404 Page Not Found: assets/admin/dist/css/icons/material-design-iconic-font/css/materialdesignicons.min.css.map
ERROR - 2018-11-25 14:29:10 --> 404 Page Not Found: assets/admin/assets/libs/jquery/dist/jquery.min.css
ERROR - 2018-11-25 14:30:05 --> 404 Page Not Found: assets/admin/assets/libs/bootstrap/dist/js/bootstrap.min.js.map
ERROR - 2018-11-25 14:30:05 --> 404 Page Not Found: assets/admin/assets/libs/quill/dist/quill.min.js.map
ERROR - 2018-11-25 14:30:05 --> 404 Page Not Found: assets/admin/assets/libs/popper.js/dist/umd/popper.min.js.map
ERROR - 2018-11-25 14:30:05 --> 404 Page Not Found: assets/admin/dist/css/icons/material-design-iconic-font/css/materialdesignicons.min.css.map
ERROR - 2018-11-25 14:30:45 --> 404 Page Not Found: assets/admin/assets/libs/popper.js/dist/umd/popper.min.js.map
ERROR - 2018-11-25 14:30:45 --> 404 Page Not Found: assets/admin/assets/libs/quill/dist/quill.min.js.map
ERROR - 2018-11-25 14:30:45 --> 404 Page Not Found: assets/admin/assets/libs/bootstrap/dist/js/bootstrap.min.js.map
ERROR - 2018-11-25 14:30:46 --> 404 Page Not Found: assets/admin/dist/css/icons/material-design-iconic-font/css/materialdesignicons.min.css.map
ERROR - 2018-11-25 14:30:48 --> 404 Page Not Found: assets/admin/assets/libs/quill/dist/quill.min.js.map
ERROR - 2018-11-25 14:30:48 --> 404 Page Not Found: assets/admin/assets/libs/bootstrap/dist/js/bootstrap.min.js.map
ERROR - 2018-11-25 14:30:48 --> 404 Page Not Found: assets/admin/assets/libs/popper.js/dist/umd/popper.min.js.map
ERROR - 2018-11-25 14:30:48 --> 404 Page Not Found: assets/admin/dist/css/icons/material-design-iconic-font/css/materialdesignicons.min.css.map
ERROR - 2018-11-25 14:33:42 --> 404 Page Not Found: assets/admin/assets/libs/quill/dist/quill.min.js.map
ERROR - 2018-11-25 14:33:42 --> 404 Page Not Found: assets/admin/assets/libs/popper.js/dist/umd/popper.min.js.map
ERROR - 2018-11-25 14:33:42 --> 404 Page Not Found: assets/admin/assets/libs/bootstrap/dist/js/bootstrap.min.js.map
ERROR - 2018-11-25 14:33:43 --> 404 Page Not Found: assets/admin/dist/css/icons/material-design-iconic-font/css/materialdesignicons.min.css.map
ERROR - 2018-11-25 14:33:49 --> 404 Page Not Found: assets/admin/assets/libs/quill/dist/quill.min.js.map
ERROR - 2018-11-25 14:33:49 --> 404 Page Not Found: assets/admin/assets/libs/popper.js/dist/umd/popper.min.js.map
ERROR - 2018-11-25 14:33:49 --> 404 Page Not Found: assets/admin/assets/libs/bootstrap/dist/js/bootstrap.min.js.map
ERROR - 2018-11-25 14:33:49 --> 404 Page Not Found: assets/admin/dist/css/icons/material-design-iconic-font/css/materialdesignicons.min.css.map
ERROR - 2018-11-25 14:33:50 --> 404 Page Not Found: assets/admin/assets/libs/quill/dist/quill.min.js.map
ERROR - 2018-11-25 14:33:50 --> 404 Page Not Found: assets/admin/assets/libs/bootstrap/dist/js/bootstrap.min.js.map
ERROR - 2018-11-25 14:33:50 --> 404 Page Not Found: assets/admin/assets/libs/popper.js/dist/umd/popper.min.js.map
ERROR - 2018-11-25 14:33:50 --> 404 Page Not Found: assets/admin/dist/css/icons/material-design-iconic-font/css/materialdesignicons.min.css.map
ERROR - 2018-11-25 14:34:18 --> 404 Page Not Found: assets/admin/assets/libs/quill/dist/quill.min.js.map
ERROR - 2018-11-25 14:34:18 --> 404 Page Not Found: assets/admin/assets/libs/popper.js/dist/umd/popper.min.js.map
ERROR - 2018-11-25 14:34:18 --> 404 Page Not Found: assets/admin/assets/libs/bootstrap/dist/js/bootstrap.min.js.map
ERROR - 2018-11-25 14:34:19 --> 404 Page Not Found: assets/admin/dist/css/icons/material-design-iconic-font/css/materialdesignicons.min.css.map
ERROR - 2018-11-25 14:34:20 --> 404 Page Not Found: assets/admin/assets/libs/bootstrap/dist/js/bootstrap.min.js.map
ERROR - 2018-11-25 14:34:20 --> 404 Page Not Found: assets/admin/assets/libs/popper.js/dist/umd/popper.min.js.map
ERROR - 2018-11-25 14:34:20 --> 404 Page Not Found: assets/admin/assets/libs/quill/dist/quill.min.js.map
ERROR - 2018-11-25 14:34:20 --> 404 Page Not Found: assets/admin/dist/css/icons/material-design-iconic-font/css/materialdesignicons.min.css.map
ERROR - 2018-11-25 14:35:15 --> 404 Page Not Found: assets/admin/assets/libs/quill/dist/quill.min.js.map
ERROR - 2018-11-25 14:35:15 --> 404 Page Not Found: assets/admin/assets/libs/popper.js/dist/umd/popper.min.js.map
ERROR - 2018-11-25 14:35:15 --> 404 Page Not Found: assets/admin/assets/libs/bootstrap/dist/js/bootstrap.min.js.map
ERROR - 2018-11-25 14:35:15 --> 404 Page Not Found: assets/admin/dist/css/icons/material-design-iconic-font/css/materialdesignicons.min.css.map
ERROR - 2018-11-25 14:35:56 --> 404 Page Not Found: assets/admin/assets/libs/quill/dist/quill.min.js.map
ERROR - 2018-11-25 14:35:56 --> 404 Page Not Found: assets/admin/assets/libs/popper.js/dist/umd/popper.min.js.map
ERROR - 2018-11-25 14:35:56 --> 404 Page Not Found: assets/admin/assets/libs/bootstrap/dist/js/bootstrap.min.js.map
ERROR - 2018-11-25 14:35:56 --> 404 Page Not Found: assets/admin/dist/css/icons/material-design-iconic-font/css/materialdesignicons.min.css.map
ERROR - 2018-11-25 14:36:24 --> 404 Page Not Found: assets/admin/assets/libs/quill/dist/quill.min.js.map
ERROR - 2018-11-25 14:36:24 --> 404 Page Not Found: assets/admin/assets/libs/popper.js/dist/umd/popper.min.js.map
ERROR - 2018-11-25 14:36:24 --> 404 Page Not Found: assets/admin/assets/libs/bootstrap/dist/js/bootstrap.min.js.map
ERROR - 2018-11-25 14:36:25 --> 404 Page Not Found: assets/admin/dist/css/icons/material-design-iconic-font/css/materialdesignicons.min.css.map
ERROR - 2018-11-25 14:37:56 --> 404 Page Not Found: assets/admin/assets/libs/quill/dist/quill.min.js.map
ERROR - 2018-11-25 14:37:56 --> 404 Page Not Found: assets/admin/assets/libs/bootstrap/dist/js/bootstrap.min.js.map
ERROR - 2018-11-25 14:37:56 --> 404 Page Not Found: assets/admin/assets/libs/popper.js/dist/umd/popper.min.js.map
ERROR - 2018-11-25 14:37:56 --> 404 Page Not Found: assets/admin/dist/css/icons/material-design-iconic-font/css/materialdesignicons.min.css.map
ERROR - 2018-11-25 14:38:29 --> 404 Page Not Found: assets/admin/assets/libs/popper.js/dist/umd/popper.min.js.map
ERROR - 2018-11-25 14:38:29 --> 404 Page Not Found: assets/admin/assets/libs/quill/dist/quill.min.js.map
ERROR - 2018-11-25 14:38:29 --> 404 Page Not Found: assets/admin/assets/libs/bootstrap/dist/js/bootstrap.min.js.map
ERROR - 2018-11-25 14:38:29 --> 404 Page Not Found: assets/admin/dist/css/icons/material-design-iconic-font/css/materialdesignicons.min.css.map
ERROR - 2018-11-25 14:39:13 --> 404 Page Not Found: assets/admin/assets/libs/popper.js/dist/umd/popper.min.js.map
ERROR - 2018-11-25 14:39:13 --> 404 Page Not Found: assets/admin/assets/libs/quill/dist/quill.min.js.map
ERROR - 2018-11-25 14:39:13 --> 404 Page Not Found: assets/admin/assets/libs/bootstrap/dist/js/bootstrap.min.js.map
ERROR - 2018-11-25 14:39:14 --> 404 Page Not Found: assets/admin/dist/css/icons/material-design-iconic-font/css/materialdesignicons.min.css.map
ERROR - 2018-11-25 14:39:19 --> 404 Page Not Found: assets/admin/assets/libs/quill/dist/quill.min.js.map
ERROR - 2018-11-25 14:39:19 --> 404 Page Not Found: assets/admin/assets/libs/bootstrap/dist/js/bootstrap.min.js.map
ERROR - 2018-11-25 14:39:19 --> 404 Page Not Found: assets/admin/assets/libs/popper.js/dist/umd/popper.min.js.map
ERROR - 2018-11-25 14:39:19 --> 404 Page Not Found: assets/admin/dist/css/icons/material-design-iconic-font/css/materialdesignicons.min.css.map
ERROR - 2018-11-25 14:39:49 --> 404 Page Not Found: assets/admin/assets/libs/quill/dist/quill.min.js.map
ERROR - 2018-11-25 14:39:49 --> 404 Page Not Found: assets/admin/assets/libs/popper.js/dist/umd/popper.min.js.map
ERROR - 2018-11-25 14:39:49 --> 404 Page Not Found: assets/admin/assets/libs/bootstrap/dist/js/bootstrap.min.js.map
ERROR - 2018-11-25 14:39:50 --> 404 Page Not Found: assets/admin/dist/css/icons/material-design-iconic-font/css/materialdesignicons.min.css.map
ERROR - 2018-11-25 14:41:05 --> 404 Page Not Found: assets/admin/dist/css/icons/material-design-iconic-font/css/materialdesignicons.min.css.map
ERROR - 2018-11-25 14:41:05 --> 404 Page Not Found: assets/admin/assets/libs/quill/dist/quill.min.js.map
ERROR - 2018-11-25 14:41:05 --> 404 Page Not Found: assets/admin/assets/libs/popper.js/dist/umd/popper.min.js.map
ERROR - 2018-11-25 14:41:05 --> 404 Page Not Found: assets/admin/assets/libs/bootstrap/dist/js/bootstrap.min.js.map
ERROR - 2018-11-25 14:41:45 --> 404 Page Not Found: assets/admin/assets/libs/quill/dist/quill.min.js.map
ERROR - 2018-11-25 14:41:45 --> 404 Page Not Found: assets/admin/assets/libs/popper.js/dist/umd/popper.min.js.map
ERROR - 2018-11-25 14:41:45 --> 404 Page Not Found: assets/admin/assets/libs/bootstrap/dist/js/bootstrap.min.js.map
ERROR - 2018-11-25 14:41:45 --> 404 Page Not Found: assets/admin/dist/css/icons/material-design-iconic-font/css/materialdesignicons.min.css.map
ERROR - 2018-11-25 14:42:20 --> 404 Page Not Found: assets/admin/assets/libs/quill/dist/quill.min.js.map
ERROR - 2018-11-25 14:42:20 --> 404 Page Not Found: assets/admin/assets/libs/bootstrap/dist/js/bootstrap.min.js.map
ERROR - 2018-11-25 14:42:20 --> 404 Page Not Found: assets/admin/assets/libs/popper.js/dist/umd/popper.min.js.map
ERROR - 2018-11-25 14:42:20 --> 404 Page Not Found: assets/admin/dist/css/icons/material-design-iconic-font/css/materialdesignicons.min.css.map
ERROR - 2018-11-25 14:42:43 --> 404 Page Not Found: assets/admin/assets/libs/popper.js/dist/umd/popper.min.js.map
ERROR - 2018-11-25 14:42:43 --> 404 Page Not Found: assets/admin/assets/libs/bootstrap/dist/js/bootstrap.min.js.map
ERROR - 2018-11-25 14:42:43 --> 404 Page Not Found: assets/admin/assets/libs/quill/dist/quill.min.js.map
ERROR - 2018-11-25 14:42:43 --> 404 Page Not Found: assets/admin/dist/css/icons/material-design-iconic-font/css/materialdesignicons.min.css.map
ERROR - 2018-11-25 14:42:50 --> 404 Page Not Found: assets/admin/assets/libs/quill/dist/quill.min.js.map
ERROR - 2018-11-25 14:42:50 --> 404 Page Not Found: assets/admin/assets/libs/bootstrap/dist/js/bootstrap.min.js.map
ERROR - 2018-11-25 14:42:50 --> 404 Page Not Found: assets/admin/assets/libs/popper.js/dist/umd/popper.min.js.map
ERROR - 2018-11-25 14:42:50 --> 404 Page Not Found: assets/admin/dist/css/icons/material-design-iconic-font/css/materialdesignicons.min.css.map
ERROR - 2018-11-25 14:43:30 --> 404 Page Not Found: assets/admin/assets/libs/quill/dist/quill.min.js.map
ERROR - 2018-11-25 14:43:30 --> 404 Page Not Found: assets/admin/assets/libs/popper.js/dist/umd/popper.min.js.map
ERROR - 2018-11-25 14:43:30 --> 404 Page Not Found: assets/admin/assets/libs/bootstrap/dist/js/bootstrap.min.js.map
ERROR - 2018-11-25 14:43:30 --> 404 Page Not Found: assets/admin/dist/css/icons/material-design-iconic-font/css/materialdesignicons.min.css.map
ERROR - 2018-11-25 14:43:44 --> 404 Page Not Found: assets/admin/assets/libs/quill/dist/quill.min.js.map
ERROR - 2018-11-25 14:43:44 --> 404 Page Not Found: assets/admin/assets/libs/popper.js/dist/umd/popper.min.js.map
ERROR - 2018-11-25 14:43:44 --> 404 Page Not Found: assets/admin/assets/libs/bootstrap/dist/js/bootstrap.min.js.map
ERROR - 2018-11-25 14:43:45 --> 404 Page Not Found: assets/admin/dist/css/icons/material-design-iconic-font/css/materialdesignicons.min.css.map
ERROR - 2018-11-25 14:43:52 --> 404 Page Not Found: assets/admin/assets/libs/quill/dist/quill.min.js.map
ERROR - 2018-11-25 14:43:52 --> 404 Page Not Found: assets/admin/assets/libs/popper.js/dist/umd/popper.min.js.map
ERROR - 2018-11-25 14:43:52 --> 404 Page Not Found: assets/admin/assets/libs/bootstrap/dist/js/bootstrap.min.js.map
ERROR - 2018-11-25 14:43:52 --> 404 Page Not Found: assets/admin/dist/css/icons/material-design-iconic-font/css/materialdesignicons.min.css.map
ERROR - 2018-11-25 14:44:26 --> 404 Page Not Found: assets/admin/assets/libs/quill/dist/quill.min.js.map
ERROR - 2018-11-25 14:44:26 --> 404 Page Not Found: assets/admin/assets/libs/popper.js/dist/umd/popper.min.js.map
ERROR - 2018-11-25 14:44:26 --> 404 Page Not Found: assets/admin/assets/libs/bootstrap/dist/js/bootstrap.min.js.map
ERROR - 2018-11-25 14:44:26 --> 404 Page Not Found: assets/admin/dist/css/icons/material-design-iconic-font/css/materialdesignicons.min.css.map
ERROR - 2018-11-25 14:45:08 --> 404 Page Not Found: assets/admin/assets/libs/quill/dist/quill.min.js.map
ERROR - 2018-11-25 14:45:08 --> 404 Page Not Found: assets/admin/assets/libs/popper.js/dist/umd/popper.min.js.map
ERROR - 2018-11-25 14:45:08 --> 404 Page Not Found: assets/admin/assets/libs/bootstrap/dist/js/bootstrap.min.js.map
ERROR - 2018-11-25 14:45:09 --> 404 Page Not Found: assets/admin/dist/css/icons/material-design-iconic-font/css/materialdesignicons.min.css.map
ERROR - 2018-11-25 14:45:29 --> 404 Page Not Found: assets/admin/assets/libs/quill/dist/quill.min.js.map
ERROR - 2018-11-25 14:45:29 --> 404 Page Not Found: assets/admin/assets/libs/bootstrap/dist/js/bootstrap.min.js.map
ERROR - 2018-11-25 14:45:29 --> 404 Page Not Found: assets/admin/assets/libs/popper.js/dist/umd/popper.min.js.map
ERROR - 2018-11-25 14:45:29 --> 404 Page Not Found: assets/admin/dist/css/icons/material-design-iconic-font/css/materialdesignicons.min.css.map
ERROR - 2018-11-25 14:45:35 --> 404 Page Not Found: assets/admin/assets/libs/quill/dist/quill.min.js.map
ERROR - 2018-11-25 14:45:35 --> 404 Page Not Found: assets/admin/assets/libs/popper.js/dist/umd/popper.min.js.map
ERROR - 2018-11-25 14:45:35 --> 404 Page Not Found: assets/admin/assets/libs/bootstrap/dist/js/bootstrap.min.js.map
ERROR - 2018-11-25 14:45:35 --> 404 Page Not Found: assets/admin/dist/css/icons/material-design-iconic-font/css/materialdesignicons.min.css.map
ERROR - 2018-11-25 14:45:53 --> 404 Page Not Found: assets/admin/assets/libs/quill/dist/quill.min.js.map
ERROR - 2018-11-25 14:45:53 --> 404 Page Not Found: assets/admin/assets/libs/popper.js/dist/umd/popper.min.js.map
ERROR - 2018-11-25 14:45:53 --> 404 Page Not Found: assets/admin/assets/libs/bootstrap/dist/js/bootstrap.min.js.map
ERROR - 2018-11-25 14:45:54 --> 404 Page Not Found: assets/admin/dist/css/icons/material-design-iconic-font/css/materialdesignicons.min.css.map
ERROR - 2018-11-25 14:46:02 --> 404 Page Not Found: assets/admin/assets/libs/popper.js/dist/umd/popper.min.js.map
ERROR - 2018-11-25 14:46:02 --> 404 Page Not Found: assets/admin/assets/libs/quill/dist/quill.min.js.map
ERROR - 2018-11-25 14:46:02 --> 404 Page Not Found: assets/admin/assets/libs/bootstrap/dist/js/bootstrap.min.js.map
ERROR - 2018-11-25 14:46:02 --> 404 Page Not Found: assets/admin/dist/css/icons/material-design-iconic-font/css/materialdesignicons.min.css.map
ERROR - 2018-11-25 14:46:18 --> 404 Page Not Found: assets/admin/assets/libs/quill/dist/quill.min.js.map
ERROR - 2018-11-25 14:46:18 --> 404 Page Not Found: assets/admin/assets/libs/popper.js/dist/umd/popper.min.js.map
ERROR - 2018-11-25 14:46:18 --> 404 Page Not Found: assets/admin/assets/libs/bootstrap/dist/js/bootstrap.min.js.map
ERROR - 2018-11-25 14:46:18 --> 404 Page Not Found: assets/admin/dist/css/icons/material-design-iconic-font/css/materialdesignicons.min.css.map
ERROR - 2018-11-25 14:46:43 --> 404 Page Not Found: assets/admin/assets/libs/popper.js/dist/umd/popper.min.js.map
ERROR - 2018-11-25 14:46:43 --> 404 Page Not Found: assets/admin/assets/libs/quill/dist/quill.min.js.map
ERROR - 2018-11-25 14:46:43 --> 404 Page Not Found: assets/admin/assets/libs/bootstrap/dist/js/bootstrap.min.js.map
ERROR - 2018-11-25 14:46:43 --> 404 Page Not Found: assets/admin/dist/css/icons/material-design-iconic-font/css/materialdesignicons.min.css.map
ERROR - 2018-11-25 14:46:53 --> 404 Page Not Found: assets/admin/assets/libs/quill/dist/quill.min.js.map
ERROR - 2018-11-25 14:46:53 --> 404 Page Not Found: assets/admin/assets/libs/popper.js/dist/umd/popper.min.js.map
ERROR - 2018-11-25 14:46:53 --> 404 Page Not Found: assets/admin/assets/libs/bootstrap/dist/js/bootstrap.min.js.map
ERROR - 2018-11-25 14:46:53 --> 404 Page Not Found: assets/admin/dist/css/icons/material-design-iconic-font/css/materialdesignicons.min.css.map
ERROR - 2018-11-25 14:46:56 --> 404 Page Not Found: assets/admin/assets/libs/quill/dist/quill.min.js.map
ERROR - 2018-11-25 14:46:56 --> 404 Page Not Found: assets/admin/assets/libs/popper.js/dist/umd/popper.min.js.map
ERROR - 2018-11-25 14:46:56 --> 404 Page Not Found: assets/admin/assets/libs/bootstrap/dist/js/bootstrap.min.js.map
ERROR - 2018-11-25 14:46:57 --> 404 Page Not Found: assets/admin/dist/css/icons/material-design-iconic-font/css/materialdesignicons.min.css.map
ERROR - 2018-11-25 14:48:29 --> 404 Page Not Found: assets/admin/assets/libs/popper.js/dist/umd/popper.min.js.map
ERROR - 2018-11-25 14:48:29 --> 404 Page Not Found: assets/admin/assets/libs/quill/dist/quill.min.js.map
ERROR - 2018-11-25 14:48:29 --> 404 Page Not Found: assets/admin/assets/libs/bootstrap/dist/js/bootstrap.min.js.map
ERROR - 2018-11-25 14:48:29 --> 404 Page Not Found: assets/admin/dist/css/icons/material-design-iconic-font/css/materialdesignicons.min.css.map
ERROR - 2018-11-25 14:48:34 --> 404 Page Not Found: assets/admin/assets/libs/popper.js/dist/umd/popper.min.js.map
ERROR - 2018-11-25 14:48:34 --> 404 Page Not Found: assets/admin/assets/libs/quill/dist/quill.min.js.map
ERROR - 2018-11-25 14:48:34 --> 404 Page Not Found: assets/admin/assets/libs/bootstrap/dist/js/bootstrap.min.js.map
ERROR - 2018-11-25 14:48:34 --> 404 Page Not Found: assets/admin/dist/css/icons/material-design-iconic-font/css/materialdesignicons.min.css.map
ERROR - 2018-11-25 14:48:46 --> 404 Page Not Found: assets/admin/assets/libs/quill/dist/quill.min.js.map
ERROR - 2018-11-25 14:48:46 --> 404 Page Not Found: assets/admin/assets/libs/popper.js/dist/umd/popper.min.js.map
ERROR - 2018-11-25 14:48:46 --> 404 Page Not Found: assets/admin/assets/libs/bootstrap/dist/js/bootstrap.min.js.map
ERROR - 2018-11-25 14:48:47 --> 404 Page Not Found: assets/admin/dist/css/icons/material-design-iconic-font/css/materialdesignicons.min.css.map
ERROR - 2018-11-25 14:49:09 --> 404 Page Not Found: assets/admin/assets/libs/quill/dist/quill.min.js.map
ERROR - 2018-11-25 14:49:09 --> 404 Page Not Found: assets/admin/assets/libs/popper.js/dist/umd/popper.min.js.map
ERROR - 2018-11-25 14:49:09 --> 404 Page Not Found: assets/admin/assets/libs/bootstrap/dist/js/bootstrap.min.js.map
ERROR - 2018-11-25 14:49:09 --> 404 Page Not Found: assets/admin/dist/css/icons/material-design-iconic-font/css/materialdesignicons.min.css.map
ERROR - 2018-11-25 14:49:18 --> 404 Page Not Found: assets/admin/assets/libs/popper.js/dist/umd/popper.min.js.map
ERROR - 2018-11-25 14:49:18 --> 404 Page Not Found: assets/admin/assets/libs/bootstrap/dist/js/bootstrap.min.js.map
ERROR - 2018-11-25 14:49:18 --> 404 Page Not Found: assets/admin/assets/libs/quill/dist/quill.min.js.map
ERROR - 2018-11-25 14:49:18 --> 404 Page Not Found: assets/admin/dist/css/icons/material-design-iconic-font/css/materialdesignicons.min.css.map
ERROR - 2018-11-25 14:49:29 --> 404 Page Not Found: assets/admin/assets/libs/quill/dist/quill.min.js.map
ERROR - 2018-11-25 14:49:29 --> 404 Page Not Found: assets/admin/assets/libs/popper.js/dist/umd/popper.min.js.map
ERROR - 2018-11-25 14:49:29 --> 404 Page Not Found: assets/admin/assets/libs/bootstrap/dist/js/bootstrap.min.js.map
ERROR - 2018-11-25 14:49:29 --> 404 Page Not Found: assets/admin/dist/css/icons/material-design-iconic-font/css/materialdesignicons.min.css.map
ERROR - 2018-11-25 14:49:47 --> 404 Page Not Found: assets/admin/assets/libs/popper.js/dist/umd/popper.min.js.map
ERROR - 2018-11-25 14:49:47 --> 404 Page Not Found: assets/admin/assets/libs/quill/dist/quill.min.js.map
ERROR - 2018-11-25 14:49:47 --> 404 Page Not Found: assets/admin/assets/libs/bootstrap/dist/js/bootstrap.min.js.map
ERROR - 2018-11-25 14:49:47 --> 404 Page Not Found: assets/admin/dist/css/icons/material-design-iconic-font/css/materialdesignicons.min.css.map
ERROR - 2018-11-25 14:56:39 --> 404 Page Not Found: assets/admin/assets/libs/quill/dist/quill.min.js.map
ERROR - 2018-11-25 14:56:39 --> 404 Page Not Found: assets/admin/assets/libs/popper.js/dist/umd/popper.min.js.map
ERROR - 2018-11-25 14:56:39 --> 404 Page Not Found: assets/admin/assets/libs/bootstrap/dist/js/bootstrap.min.js.map
ERROR - 2018-11-25 14:56:40 --> 404 Page Not Found: assets/admin/dist/css/icons/material-design-iconic-font/css/materialdesignicons.min.css.map
ERROR - 2018-11-25 14:56:52 --> 404 Page Not Found: assets/admin/assets/libs/quill/dist/quill.min.js.map
ERROR - 2018-11-25 14:56:52 --> 404 Page Not Found: assets/admin/assets/libs/popper.js/dist/umd/popper.min.js.map
ERROR - 2018-11-25 14:56:52 --> 404 Page Not Found: assets/admin/assets/libs/bootstrap/dist/js/bootstrap.min.js.map
ERROR - 2018-11-25 14:56:52 --> 404 Page Not Found: assets/admin/dist/css/icons/material-design-iconic-font/css/materialdesignicons.min.css.map
ERROR - 2018-11-25 14:57:37 --> 404 Page Not Found: assets/admin/assets/libs/popper.js/dist/umd/popper.min.js.map
ERROR - 2018-11-25 14:57:37 --> 404 Page Not Found: assets/admin/assets/libs/quill/dist/quill.min.js.map
ERROR - 2018-11-25 14:57:37 --> 404 Page Not Found: assets/admin/assets/libs/bootstrap/dist/js/bootstrap.min.js.map
ERROR - 2018-11-25 14:57:37 --> 404 Page Not Found: assets/admin/dist/css/icons/material-design-iconic-font/css/materialdesignicons.min.css.map
ERROR - 2018-11-25 14:59:00 --> 404 Page Not Found: assets/admin/assets/libs/popper.js/dist/umd/popper.min.js.map
ERROR - 2018-11-25 14:59:00 --> 404 Page Not Found: assets/admin/assets/libs/quill/dist/quill.min.js.map
ERROR - 2018-11-25 14:59:00 --> 404 Page Not Found: assets/admin/assets/libs/bootstrap/dist/js/bootstrap.min.js.map
ERROR - 2018-11-25 14:59:00 --> 404 Page Not Found: assets/admin/dist/css/icons/material-design-iconic-font/css/materialdesignicons.min.css.map
ERROR - 2018-11-25 15:01:08 --> 404 Page Not Found: assets/admin/assets/libs/popper.js/dist/umd/popper.min.js.map
ERROR - 2018-11-25 15:01:08 --> 404 Page Not Found: assets/admin/assets/libs/bootstrap/dist/js/bootstrap.min.js.map
ERROR - 2018-11-25 15:01:08 --> 404 Page Not Found: assets/admin/assets/libs/quill/dist/quill.min.js.map
ERROR - 2018-11-25 15:01:08 --> 404 Page Not Found: assets/admin/dist/css/icons/material-design-iconic-font/css/materialdesignicons.min.css.map
ERROR - 2018-11-25 15:01:19 --> 404 Page Not Found: assets/admin/assets/libs/quill/dist/quill.min.js.map
ERROR - 2018-11-25 15:01:19 --> 404 Page Not Found: assets/admin/assets/libs/popper.js/dist/umd/popper.min.js.map
ERROR - 2018-11-25 15:01:19 --> 404 Page Not Found: assets/admin/assets/libs/bootstrap/dist/js/bootstrap.min.js.map
ERROR - 2018-11-25 15:01:19 --> 404 Page Not Found: assets/admin/dist/css/icons/material-design-iconic-font/css/materialdesignicons.min.css.map
ERROR - 2018-11-25 15:02:01 --> 404 Page Not Found: assets/admin/assets/libs/quill/dist/quill.min.js.map
ERROR - 2018-11-25 15:02:01 --> 404 Page Not Found: assets/admin/assets/libs/bootstrap/dist/js/bootstrap.min.js.map
ERROR - 2018-11-25 15:02:01 --> 404 Page Not Found: assets/admin/assets/libs/popper.js/dist/umd/popper.min.js.map
ERROR - 2018-11-25 15:02:01 --> 404 Page Not Found: assets/admin/dist/css/icons/material-design-iconic-font/css/materialdesignicons.min.css.map
ERROR - 2018-11-25 15:02:29 --> 404 Page Not Found: assets/admin/assets/libs/popper.js/dist/umd/popper.min.js.map
ERROR - 2018-11-25 15:02:29 --> 404 Page Not Found: assets/admin/assets/libs/bootstrap/dist/js/bootstrap.min.js.map
ERROR - 2018-11-25 15:02:29 --> 404 Page Not Found: assets/admin/assets/libs/quill/dist/quill.min.js.map
ERROR - 2018-11-25 15:02:29 --> 404 Page Not Found: assets/admin/dist/css/icons/material-design-iconic-font/css/materialdesignicons.min.css.map
ERROR - 2018-11-25 15:04:15 --> 404 Page Not Found: assets/admin/assets/libs/popper.js/dist/umd/popper.min.js.map
ERROR - 2018-11-25 15:04:15 --> 404 Page Not Found: assets/admin/assets/libs/bootstrap/dist/js/bootstrap.min.js.map
ERROR - 2018-11-25 15:04:15 --> 404 Page Not Found: assets/admin/assets/libs/quill/dist/quill.min.js.map
ERROR - 2018-11-25 15:04:16 --> 404 Page Not Found: assets/admin/dist/css/icons/material-design-iconic-font/css/materialdesignicons.min.css.map
ERROR - 2018-11-25 15:05:23 --> 404 Page Not Found: assets/admin/assets/libs/popper.js/dist/umd/popper.min.js.map
ERROR - 2018-11-25 15:05:23 --> 404 Page Not Found: assets/admin/assets/libs/quill/dist/quill.min.js.map
ERROR - 2018-11-25 15:05:23 --> 404 Page Not Found: assets/admin/assets/libs/bootstrap/dist/js/bootstrap.min.js.map
ERROR - 2018-11-25 15:05:23 --> 404 Page Not Found: assets/admin/dist/css/icons/material-design-iconic-font/css/materialdesignicons.min.css.map
ERROR - 2018-11-25 15:05:50 --> 404 Page Not Found: assets/admin/assets/libs/quill/dist/quill.min.js.map
ERROR - 2018-11-25 15:05:50 --> 404 Page Not Found: assets/admin/assets/libs/popper.js/dist/umd/popper.min.js.map
ERROR - 2018-11-25 15:05:50 --> 404 Page Not Found: assets/admin/assets/libs/bootstrap/dist/js/bootstrap.min.js.map
ERROR - 2018-11-25 15:05:50 --> 404 Page Not Found: assets/admin/dist/css/icons/material-design-iconic-font/css/materialdesignicons.min.css.map
ERROR - 2018-11-25 15:06:30 --> 404 Page Not Found: assets/admin/assets/libs/quill/dist/quill.min.js.map
ERROR - 2018-11-25 15:06:30 --> 404 Page Not Found: assets/admin/assets/libs/popper.js/dist/umd/popper.min.js.map
ERROR - 2018-11-25 15:06:30 --> 404 Page Not Found: assets/admin/assets/libs/bootstrap/dist/js/bootstrap.min.js.map
ERROR - 2018-11-25 15:06:30 --> 404 Page Not Found: assets/admin/dist/css/icons/material-design-iconic-font/css/materialdesignicons.min.css.map
ERROR - 2018-11-25 15:06:35 --> 404 Page Not Found: assets/admin/assets/libs/quill/dist/quill.min.js.map
ERROR - 2018-11-25 15:06:35 --> 404 Page Not Found: assets/admin/assets/libs/bootstrap/dist/js/bootstrap.min.js.map
ERROR - 2018-11-25 15:06:35 --> 404 Page Not Found: assets/admin/assets/libs/popper.js/dist/umd/popper.min.js.map
ERROR - 2018-11-25 15:06:36 --> 404 Page Not Found: assets/admin/dist/css/icons/material-design-iconic-font/css/materialdesignicons.min.css.map
ERROR - 2018-11-25 15:07:33 --> 404 Page Not Found: assets/admin/assets/libs/quill/dist/quill.min.js.map
ERROR - 2018-11-25 15:07:33 --> 404 Page Not Found: assets/admin/assets/libs/bootstrap/dist/js/bootstrap.min.js.map
ERROR - 2018-11-25 15:07:33 --> 404 Page Not Found: assets/admin/assets/libs/popper.js/dist/umd/popper.min.js.map
ERROR - 2018-11-25 15:07:33 --> 404 Page Not Found: assets/admin/dist/css/icons/material-design-iconic-font/css/materialdesignicons.min.css.map
ERROR - 2018-11-25 15:09:08 --> 404 Page Not Found: assets/admin/assets/libs/quill/dist/quill.min.js.map
ERROR - 2018-11-25 15:09:08 --> 404 Page Not Found: assets/admin/assets/libs/popper.js/dist/umd/popper.min.js.map
ERROR - 2018-11-25 15:09:08 --> 404 Page Not Found: assets/admin/assets/libs/bootstrap/dist/js/bootstrap.min.js.map
ERROR - 2018-11-25 15:09:08 --> 404 Page Not Found: assets/admin/dist/css/icons/material-design-iconic-font/css/materialdesignicons.min.css.map
ERROR - 2018-11-25 15:09:29 --> 404 Page Not Found: assets/admin/assets/libs/popper.js/dist/umd/popper.min.js.map
ERROR - 2018-11-25 15:09:29 --> 404 Page Not Found: assets/admin/assets/libs/bootstrap/dist/js/bootstrap.min.js.map
ERROR - 2018-11-25 15:09:29 --> 404 Page Not Found: assets/admin/assets/libs/quill/dist/quill.min.js.map
ERROR - 2018-11-25 15:09:29 --> 404 Page Not Found: assets/admin/dist/css/icons/material-design-iconic-font/css/materialdesignicons.min.css.map
ERROR - 2018-11-25 15:10:12 --> 404 Page Not Found: assets/admin/assets/libs/popper.js/dist/umd/popper.min.js.map
ERROR - 2018-11-25 15:10:12 --> 404 Page Not Found: assets/admin/assets/libs/bootstrap/dist/js/bootstrap.min.js.map
ERROR - 2018-11-25 15:10:12 --> 404 Page Not Found: assets/admin/assets/libs/quill/dist/quill.min.js.map
ERROR - 2018-11-25 15:10:12 --> 404 Page Not Found: assets/admin/dist/css/icons/material-design-iconic-font/css/materialdesignicons.min.css.map
ERROR - 2018-11-25 15:12:23 --> 404 Page Not Found: assets/admin/assets/libs/popper.js/dist/umd/popper.min.js.map
ERROR - 2018-11-25 15:12:23 --> 404 Page Not Found: assets/admin/assets/libs/quill/dist/quill.min.js.map
ERROR - 2018-11-25 15:12:23 --> 404 Page Not Found: assets/admin/assets/libs/bootstrap/dist/js/bootstrap.min.js.map
ERROR - 2018-11-25 15:12:24 --> 404 Page Not Found: assets/admin/dist/css/icons/material-design-iconic-font/css/materialdesignicons.min.css.map
ERROR - 2018-11-25 15:13:41 --> 404 Page Not Found: assets/admin/assets/libs/quill/dist/quill.min.js.map
ERROR - 2018-11-25 15:13:41 --> 404 Page Not Found: assets/admin/assets/libs/popper.js/dist/umd/popper.min.js.map
ERROR - 2018-11-25 15:13:41 --> 404 Page Not Found: assets/admin/assets/libs/bootstrap/dist/js/bootstrap.min.js.map
ERROR - 2018-11-25 15:13:41 --> 404 Page Not Found: assets/admin/dist/css/icons/material-design-iconic-font/css/materialdesignicons.min.css.map
ERROR - 2018-11-25 15:17:57 --> 404 Page Not Found: assets/admin/assets/libs/quill/dist/quill.min.js.map
ERROR - 2018-11-25 15:17:57 --> 404 Page Not Found: assets/admin/assets/libs/popper.js/dist/umd/popper.min.js.map
ERROR - 2018-11-25 15:17:57 --> 404 Page Not Found: assets/admin/assets/libs/bootstrap/dist/js/bootstrap.min.js.map
ERROR - 2018-11-25 15:17:57 --> 404 Page Not Found: assets/admin/dist/css/icons/material-design-iconic-font/css/materialdesignicons.min.css.map
ERROR - 2018-11-25 15:18:22 --> 404 Page Not Found: assets/admin/assets/libs/quill/dist/quill.min.js.map
ERROR - 2018-11-25 15:18:22 --> 404 Page Not Found: assets/admin/assets/libs/popper.js/dist/umd/popper.min.js.map
ERROR - 2018-11-25 15:18:22 --> 404 Page Not Found: assets/admin/assets/libs/bootstrap/dist/js/bootstrap.min.js.map
ERROR - 2018-11-25 15:18:22 --> 404 Page Not Found: assets/admin/dist/css/icons/material-design-iconic-font/css/materialdesignicons.min.css.map
ERROR - 2018-11-25 15:18:42 --> 404 Page Not Found: assets/admin/assets/libs/quill/dist/quill.min.js.map
ERROR - 2018-11-25 15:18:42 --> 404 Page Not Found: assets/admin/assets/libs/popper.js/dist/umd/popper.min.js.map
ERROR - 2018-11-25 15:18:42 --> 404 Page Not Found: assets/admin/assets/libs/bootstrap/dist/js/bootstrap.min.js.map
ERROR - 2018-11-25 15:18:42 --> 404 Page Not Found: assets/admin/dist/css/icons/material-design-iconic-font/css/materialdesignicons.min.css.map
ERROR - 2018-11-25 15:19:24 --> 404 Page Not Found: assets/admin/assets/libs/quill/dist/quill.min.js.map
ERROR - 2018-11-25 15:19:24 --> 404 Page Not Found: assets/admin/assets/libs/popper.js/dist/umd/popper.min.js.map
ERROR - 2018-11-25 15:19:24 --> 404 Page Not Found: assets/admin/assets/libs/bootstrap/dist/js/bootstrap.min.js.map
ERROR - 2018-11-25 15:19:25 --> 404 Page Not Found: assets/admin/dist/css/icons/material-design-iconic-font/css/materialdesignicons.min.css.map
ERROR - 2018-11-25 15:21:41 --> 404 Page Not Found: assets/admin/assets/libs/popper.js/dist/umd/popper.min.js.map
ERROR - 2018-11-25 15:21:41 --> 404 Page Not Found: assets/admin/assets/libs/quill/dist/quill.min.js.map
ERROR - 2018-11-25 15:21:41 --> 404 Page Not Found: assets/admin/assets/libs/bootstrap/dist/js/bootstrap.min.js.map
ERROR - 2018-11-25 15:21:42 --> 404 Page Not Found: assets/admin/dist/css/icons/material-design-iconic-font/css/materialdesignicons.min.css.map
ERROR - 2018-11-25 15:21:55 --> 404 Page Not Found: assets/admin/assets/libs/quill/dist/quill.min.js.map
ERROR - 2018-11-25 15:21:55 --> 404 Page Not Found: assets/admin/assets/libs/popper.js/dist/umd/popper.min.js.map
ERROR - 2018-11-25 15:21:55 --> 404 Page Not Found: assets/admin/assets/libs/bootstrap/dist/js/bootstrap.min.js.map
ERROR - 2018-11-25 15:21:55 --> 404 Page Not Found: assets/admin/dist/css/icons/material-design-iconic-font/css/materialdesignicons.min.css.map
ERROR - 2018-11-25 15:23:53 --> 404 Page Not Found: assets/admin/assets/libs/popper.js/dist/umd/popper.min.js.map
ERROR - 2018-11-25 15:23:53 --> 404 Page Not Found: assets/admin/assets/libs/quill/dist/quill.min.js.map
ERROR - 2018-11-25 15:23:53 --> 404 Page Not Found: assets/admin/assets/libs/bootstrap/dist/js/bootstrap.min.js.map
ERROR - 2018-11-25 15:23:53 --> 404 Page Not Found: assets/admin/dist/css/icons/material-design-iconic-font/css/materialdesignicons.min.css.map
ERROR - 2018-11-25 15:24:09 --> 404 Page Not Found: assets/admin/assets/libs/quill/dist/quill.min.js.map
ERROR - 2018-11-25 15:24:09 --> 404 Page Not Found: assets/admin/assets/libs/popper.js/dist/umd/popper.min.js.map
ERROR - 2018-11-25 15:24:09 --> 404 Page Not Found: assets/admin/assets/libs/bootstrap/dist/js/bootstrap.min.js.map
ERROR - 2018-11-25 15:24:10 --> 404 Page Not Found: assets/admin/dist/css/icons/material-design-iconic-font/css/materialdesignicons.min.css.map
ERROR - 2018-11-25 15:24:19 --> 404 Page Not Found: assets/admin/assets/libs/bootstrap/dist/js/bootstrap.min.js.map
ERROR - 2018-11-25 15:24:19 --> 404 Page Not Found: assets/admin/assets/libs/popper.js/dist/umd/popper.min.js.map
ERROR - 2018-11-25 15:24:19 --> 404 Page Not Found: assets/admin/assets/libs/quill/dist/quill.min.js.map
ERROR - 2018-11-25 15:24:19 --> 404 Page Not Found: assets/admin/dist/css/icons/material-design-iconic-font/css/materialdesignicons.min.css.map
ERROR - 2018-11-25 15:24:38 --> 404 Page Not Found: assets/admin/assets/libs/bootstrap/dist/js/bootstrap.min.js.map
ERROR - 2018-11-25 15:24:38 --> 404 Page Not Found: assets/admin/assets/libs/quill/dist/quill.min.js.map
ERROR - 2018-11-25 15:24:38 --> 404 Page Not Found: assets/admin/assets/libs/popper.js/dist/umd/popper.min.js.map
ERROR - 2018-11-25 15:24:38 --> 404 Page Not Found: assets/admin/dist/css/icons/material-design-iconic-font/css/materialdesignicons.min.css.map
ERROR - 2018-11-25 15:25:58 --> 404 Page Not Found: assets/admin/assets/libs/quill/dist/quill.min.js.map
ERROR - 2018-11-25 15:25:58 --> 404 Page Not Found: assets/admin/assets/libs/popper.js/dist/umd/popper.min.js.map
ERROR - 2018-11-25 15:25:58 --> 404 Page Not Found: assets/admin/assets/libs/bootstrap/dist/js/bootstrap.min.js.map
ERROR - 2018-11-25 15:25:58 --> 404 Page Not Found: assets/admin/dist/css/icons/material-design-iconic-font/css/materialdesignicons.min.css.map
ERROR - 2018-11-25 15:27:06 --> 404 Page Not Found: assets/admin/assets/libs/quill/dist/quill.min.js.map
ERROR - 2018-11-25 15:27:06 --> 404 Page Not Found: assets/admin/assets/libs/popper.js/dist/umd/popper.min.js.map
ERROR - 2018-11-25 15:27:06 --> 404 Page Not Found: assets/admin/assets/libs/bootstrap/dist/js/bootstrap.min.js.map
ERROR - 2018-11-25 15:27:06 --> 404 Page Not Found: assets/admin/dist/css/icons/material-design-iconic-font/css/materialdesignicons.min.css.map
ERROR - 2018-11-25 15:29:08 --> 404 Page Not Found: assets/admin/assets/libs/popper.js/dist/umd/popper.min.js.map
ERROR - 2018-11-25 15:29:08 --> 404 Page Not Found: assets/admin/assets/libs/quill/dist/quill.min.js.map
ERROR - 2018-11-25 15:29:08 --> 404 Page Not Found: assets/admin/assets/libs/bootstrap/dist/js/bootstrap.min.js.map
ERROR - 2018-11-25 15:29:08 --> 404 Page Not Found: assets/admin/dist/css/icons/material-design-iconic-font/css/materialdesignicons.min.css.map
ERROR - 2018-11-25 15:32:57 --> 404 Page Not Found: assets/admin/assets/libs/quill/dist/quill.min.js.map
ERROR - 2018-11-25 15:32:57 --> 404 Page Not Found: assets/admin/assets/libs/popper.js/dist/umd/popper.min.js.map
ERROR - 2018-11-25 15:32:57 --> 404 Page Not Found: assets/admin/assets/libs/bootstrap/dist/js/bootstrap.min.js.map
ERROR - 2018-11-25 15:32:57 --> 404 Page Not Found: assets/admin/dist/css/icons/material-design-iconic-font/css/materialdesignicons.min.css.map
ERROR - 2018-11-25 15:35:01 --> 404 Page Not Found: assets/admin/assets/libs/quill/dist/quill.min.js.map
ERROR - 2018-11-25 15:35:01 --> 404 Page Not Found: assets/admin/assets/libs/popper.js/dist/umd/popper.min.js.map
ERROR - 2018-11-25 15:35:01 --> 404 Page Not Found: assets/admin/assets/libs/bootstrap/dist/js/bootstrap.min.js.map
ERROR - 2018-11-25 15:35:01 --> 404 Page Not Found: assets/admin/dist/css/icons/material-design-iconic-font/css/materialdesignicons.min.css.map
ERROR - 2018-11-25 15:37:28 --> 404 Page Not Found: assets/admin/assets/libs/popper.js/dist/umd/popper.min.js.map
ERROR - 2018-11-25 15:37:28 --> 404 Page Not Found: assets/admin/assets/libs/quill/dist/quill.min.js.map
ERROR - 2018-11-25 15:37:28 --> 404 Page Not Found: assets/admin/assets/libs/bootstrap/dist/js/bootstrap.min.js.map
ERROR - 2018-11-25 15:37:28 --> 404 Page Not Found: assets/admin/dist/css/icons/material-design-iconic-font/css/materialdesignicons.min.css.map
ERROR - 2018-11-25 15:37:41 --> 404 Page Not Found: assets/admin/assets/libs/quill/dist/quill.min.js.map
ERROR - 2018-11-25 15:37:41 --> 404 Page Not Found: assets/admin/assets/libs/popper.js/dist/umd/popper.min.js.map
ERROR - 2018-11-25 15:37:41 --> 404 Page Not Found: assets/admin/assets/libs/bootstrap/dist/js/bootstrap.min.js.map
ERROR - 2018-11-25 15:37:41 --> 404 Page Not Found: assets/admin/dist/css/icons/material-design-iconic-font/css/materialdesignicons.min.css.map
ERROR - 2018-11-25 15:37:53 --> 404 Page Not Found: assets/admin/assets/libs/popper.js/dist/umd/popper.min.js.map
ERROR - 2018-11-25 15:37:53 --> 404 Page Not Found: assets/admin/assets/libs/quill/dist/quill.min.js.map
ERROR - 2018-11-25 15:37:54 --> 404 Page Not Found: assets/admin/assets/libs/bootstrap/dist/js/bootstrap.min.js.map
ERROR - 2018-11-25 15:37:54 --> 404 Page Not Found: assets/admin/dist/css/icons/material-design-iconic-font/css/materialdesignicons.min.css.map
ERROR - 2018-11-25 15:38:10 --> 404 Page Not Found: assets/admin/assets/libs/quill/dist/quill.min.js.map
ERROR - 2018-11-25 15:38:10 --> 404 Page Not Found: assets/admin/assets/libs/popper.js/dist/umd/popper.min.js.map
ERROR - 2018-11-25 15:38:10 --> 404 Page Not Found: assets/admin/assets/libs/bootstrap/dist/js/bootstrap.min.js.map
ERROR - 2018-11-25 15:38:10 --> 404 Page Not Found: assets/admin/dist/css/icons/material-design-iconic-font/css/materialdesignicons.min.css.map
ERROR - 2018-11-25 15:38:54 --> 404 Page Not Found: assets/admin/assets/libs/quill/dist/quill.min.js.map
ERROR - 2018-11-25 15:38:54 --> 404 Page Not Found: assets/admin/assets/libs/popper.js/dist/umd/popper.min.js.map
ERROR - 2018-11-25 15:38:54 --> 404 Page Not Found: assets/admin/assets/libs/bootstrap/dist/js/bootstrap.min.js.map
ERROR - 2018-11-25 15:38:54 --> 404 Page Not Found: assets/admin/dist/css/icons/material-design-iconic-font/css/materialdesignicons.min.css.map
ERROR - 2018-11-25 15:41:27 --> 404 Page Not Found: assets/admin/assets/libs/quill/dist/quill.min.js.map
ERROR - 2018-11-25 15:41:27 --> 404 Page Not Found: assets/admin/assets/libs/popper.js/dist/umd/popper.min.js.map
ERROR - 2018-11-25 15:41:27 --> 404 Page Not Found: assets/admin/assets/libs/bootstrap/dist/js/bootstrap.min.js.map
ERROR - 2018-11-25 15:41:27 --> 404 Page Not Found: assets/admin/dist/css/icons/material-design-iconic-font/css/materialdesignicons.min.css.map
ERROR - 2018-11-25 15:42:08 --> 404 Page Not Found: assets/admin/assets/libs/quill/dist/quill.min.js.map
ERROR - 2018-11-25 15:42:08 --> 404 Page Not Found: assets/admin/assets/libs/popper.js/dist/umd/popper.min.js.map
ERROR - 2018-11-25 15:42:08 --> 404 Page Not Found: assets/admin/assets/libs/bootstrap/dist/js/bootstrap.min.js.map
ERROR - 2018-11-25 15:42:08 --> 404 Page Not Found: assets/admin/dist/css/icons/material-design-iconic-font/css/materialdesignicons.min.css.map
ERROR - 2018-11-25 15:44:18 --> 404 Page Not Found: assets/admin/assets/libs/popper.js/dist/umd/popper.min.js.map
ERROR - 2018-11-25 15:44:18 --> 404 Page Not Found: assets/admin/assets/libs/quill/dist/quill.min.js.map
ERROR - 2018-11-25 15:44:18 --> 404 Page Not Found: assets/admin/assets/libs/bootstrap/dist/js/bootstrap.min.js.map
ERROR - 2018-11-25 15:44:18 --> 404 Page Not Found: assets/admin/dist/css/icons/material-design-iconic-font/css/materialdesignicons.min.css.map
ERROR - 2018-11-25 15:46:04 --> 404 Page Not Found: assets/admin/assets/libs/popper.js/dist/umd/popper.min.js.map
ERROR - 2018-11-25 15:46:04 --> 404 Page Not Found: assets/admin/assets/libs/quill/dist/quill.min.js.map
ERROR - 2018-11-25 15:46:04 --> 404 Page Not Found: assets/admin/assets/libs/bootstrap/dist/js/bootstrap.min.js.map
ERROR - 2018-11-25 15:46:04 --> 404 Page Not Found: assets/admin/dist/css/icons/material-design-iconic-font/css/materialdesignicons.min.css.map
ERROR - 2018-11-25 15:52:32 --> 404 Page Not Found: assets/admin/assets/libs/popper.js/dist/umd/popper.min.js.map
ERROR - 2018-11-25 15:52:32 --> 404 Page Not Found: assets/admin/assets/libs/bootstrap/dist/js/bootstrap.min.js.map
ERROR - 2018-11-25 15:52:32 --> 404 Page Not Found: assets/admin/assets/libs/quill/dist/quill.min.js.map
ERROR - 2018-11-25 15:52:32 --> 404 Page Not Found: assets/admin/dist/css/icons/material-design-iconic-font/css/materialdesignicons.min.css.map
ERROR - 2018-11-25 15:53:43 --> 404 Page Not Found: assets/admin/assets/libs/quill/dist/quill.min.js.map
ERROR - 2018-11-25 15:53:43 --> 404 Page Not Found: assets/admin/assets/libs/bootstrap/dist/js/bootstrap.min.js.map
ERROR - 2018-11-25 15:53:43 --> 404 Page Not Found: assets/admin/assets/libs/popper.js/dist/umd/popper.min.js.map
ERROR - 2018-11-25 15:53:43 --> 404 Page Not Found: assets/admin/dist/css/icons/material-design-iconic-font/css/materialdesignicons.min.css.map
ERROR - 2018-11-25 15:53:56 --> 404 Page Not Found: assets/admin/assets/libs/popper.js/dist/umd/popper.min.js.map
ERROR - 2018-11-25 15:53:56 --> 404 Page Not Found: assets/admin/assets/libs/quill/dist/quill.min.js.map
ERROR - 2018-11-25 15:53:56 --> 404 Page Not Found: assets/admin/assets/libs/bootstrap/dist/js/bootstrap.min.js.map
ERROR - 2018-11-25 15:53:56 --> 404 Page Not Found: assets/admin/dist/css/icons/material-design-iconic-font/css/materialdesignicons.min.css.map
ERROR - 2018-11-25 15:54:36 --> 404 Page Not Found: assets/admin/assets/libs/popper.js/dist/umd/popper.min.js.map
ERROR - 2018-11-25 15:54:36 --> 404 Page Not Found: assets/admin/assets/libs/bootstrap/dist/js/bootstrap.min.js.map
ERROR - 2018-11-25 15:54:36 --> 404 Page Not Found: assets/admin/assets/libs/quill/dist/quill.min.js.map
ERROR - 2018-11-25 15:54:36 --> 404 Page Not Found: assets/admin/dist/css/icons/material-design-iconic-font/css/materialdesignicons.min.css.map
ERROR - 2018-11-25 15:54:47 --> 404 Page Not Found: assets/admin/assets/libs/quill/dist/quill.min.js.map
ERROR - 2018-11-25 15:54:47 --> 404 Page Not Found: assets/admin/assets/libs/popper.js/dist/umd/popper.min.js.map
ERROR - 2018-11-25 15:54:47 --> 404 Page Not Found: assets/admin/assets/libs/bootstrap/dist/js/bootstrap.min.js.map
ERROR - 2018-11-25 15:54:47 --> 404 Page Not Found: assets/admin/dist/css/icons/material-design-iconic-font/css/materialdesignicons.min.css.map
ERROR - 2018-11-25 15:55:37 --> 404 Page Not Found: assets/admin/assets/libs/quill/dist/quill.min.js.map
ERROR - 2018-11-25 15:55:37 --> 404 Page Not Found: assets/admin/assets/libs/popper.js/dist/umd/popper.min.js.map
ERROR - 2018-11-25 15:55:37 --> 404 Page Not Found: assets/admin/assets/libs/bootstrap/dist/js/bootstrap.min.js.map
ERROR - 2018-11-25 15:55:37 --> 404 Page Not Found: assets/admin/dist/css/icons/material-design-iconic-font/css/materialdesignicons.min.css.map
ERROR - 2018-11-25 15:55:59 --> 404 Page Not Found: assets/admin/assets/libs/popper.js/dist/umd/popper.min.js.map
ERROR - 2018-11-25 15:55:59 --> 404 Page Not Found: assets/admin/assets/libs/quill/dist/quill.min.js.map
ERROR - 2018-11-25 15:55:59 --> 404 Page Not Found: assets/admin/assets/libs/bootstrap/dist/js/bootstrap.min.js.map
ERROR - 2018-11-25 15:55:59 --> 404 Page Not Found: assets/admin/dist/css/icons/material-design-iconic-font/css/materialdesignicons.min.css.map
ERROR - 2018-11-25 15:56:38 --> 404 Page Not Found: assets/admin/assets/libs/popper.js/dist/umd/popper.min.js.map
ERROR - 2018-11-25 15:56:38 --> 404 Page Not Found: assets/admin/assets/libs/quill/dist/quill.min.js.map
ERROR - 2018-11-25 15:56:38 --> 404 Page Not Found: assets/admin/assets/libs/bootstrap/dist/js/bootstrap.min.js.map
ERROR - 2018-11-25 15:56:39 --> 404 Page Not Found: assets/admin/dist/css/icons/material-design-iconic-font/css/materialdesignicons.min.css.map
ERROR - 2018-11-25 15:56:46 --> 404 Page Not Found: assets/admin/assets/libs/quill/dist/quill.min.js.map
ERROR - 2018-11-25 15:56:46 --> 404 Page Not Found: assets/admin/assets/libs/popper.js/dist/umd/popper.min.js.map
ERROR - 2018-11-25 15:56:46 --> 404 Page Not Found: assets/admin/assets/libs/bootstrap/dist/js/bootstrap.min.js.map
ERROR - 2018-11-25 15:56:47 --> 404 Page Not Found: assets/admin/dist/css/icons/material-design-iconic-font/css/materialdesignicons.min.css.map
ERROR - 2018-11-25 15:57:00 --> 404 Page Not Found: assets/admin/assets/libs/popper.js/dist/umd/popper.min.js.map
ERROR - 2018-11-25 15:57:00 --> 404 Page Not Found: assets/admin/assets/libs/quill/dist/quill.min.js.map
ERROR - 2018-11-25 15:57:00 --> 404 Page Not Found: assets/admin/assets/libs/bootstrap/dist/js/bootstrap.min.js.map
ERROR - 2018-11-25 15:57:00 --> 404 Page Not Found: assets/admin/dist/css/icons/material-design-iconic-font/css/materialdesignicons.min.css.map
ERROR - 2018-11-25 15:58:05 --> 404 Page Not Found: assets/admin/assets/libs/quill/dist/quill.min.js.map
ERROR - 2018-11-25 15:58:05 --> 404 Page Not Found: assets/admin/assets/libs/popper.js/dist/umd/popper.min.js.map
ERROR - 2018-11-25 15:58:05 --> 404 Page Not Found: assets/admin/assets/libs/bootstrap/dist/js/bootstrap.min.js.map
ERROR - 2018-11-25 15:58:05 --> 404 Page Not Found: assets/admin/dist/css/icons/material-design-iconic-font/css/materialdesignicons.min.css.map
ERROR - 2018-11-25 15:58:20 --> 404 Page Not Found: assets/admin/assets/libs/quill/dist/quill.min.js.map
ERROR - 2018-11-25 15:58:20 --> 404 Page Not Found: assets/admin/assets/libs/popper.js/dist/umd/popper.min.js.map
ERROR - 2018-11-25 15:58:20 --> 404 Page Not Found: assets/admin/assets/libs/bootstrap/dist/js/bootstrap.min.js.map
ERROR - 2018-11-25 15:58:20 --> 404 Page Not Found: assets/admin/dist/css/icons/material-design-iconic-font/css/materialdesignicons.min.css.map
ERROR - 2018-11-25 15:58:35 --> 404 Page Not Found: assets/admin/assets/libs/quill/dist/quill.min.js.map
ERROR - 2018-11-25 15:58:35 --> 404 Page Not Found: assets/admin/assets/libs/bootstrap/dist/js/bootstrap.min.js.map
ERROR - 2018-11-25 15:58:35 --> 404 Page Not Found: assets/admin/assets/libs/popper.js/dist/umd/popper.min.js.map
ERROR - 2018-11-25 15:58:35 --> 404 Page Not Found: assets/admin/dist/css/icons/material-design-iconic-font/css/materialdesignicons.min.css.map
ERROR - 2018-11-25 16:00:38 --> 404 Page Not Found: assets/admin/assets/libs/popper.js/dist/umd/popper.min.js.map
ERROR - 2018-11-25 16:00:38 --> 404 Page Not Found: assets/admin/assets/libs/quill/dist/quill.min.js.map
ERROR - 2018-11-25 16:00:38 --> 404 Page Not Found: assets/admin/assets/libs/bootstrap/dist/js/bootstrap.min.js.map
ERROR - 2018-11-25 16:00:38 --> 404 Page Not Found: assets/admin/dist/css/icons/material-design-iconic-font/css/materialdesignicons.min.css.map
ERROR - 2018-11-25 16:01:20 --> 404 Page Not Found: assets/admin/assets/libs/popper.js/dist/umd/popper.min.js.map
ERROR - 2018-11-25 16:01:20 --> 404 Page Not Found: assets/admin/assets/libs/quill/dist/quill.min.js.map
ERROR - 2018-11-25 16:01:20 --> 404 Page Not Found: assets/admin/assets/libs/bootstrap/dist/js/bootstrap.min.js.map
ERROR - 2018-11-25 16:01:20 --> 404 Page Not Found: assets/admin/dist/css/icons/material-design-iconic-font/css/materialdesignicons.min.css.map
ERROR - 2018-11-25 16:01:37 --> 404 Page Not Found: assets/admin/assets/libs/quill/dist/quill.min.js.map
ERROR - 2018-11-25 16:01:37 --> 404 Page Not Found: assets/admin/assets/libs/bootstrap/dist/js/bootstrap.min.js.map
ERROR - 2018-11-25 16:01:37 --> 404 Page Not Found: assets/admin/assets/libs/popper.js/dist/umd/popper.min.js.map
ERROR - 2018-11-25 16:01:37 --> 404 Page Not Found: assets/admin/dist/css/icons/material-design-iconic-font/css/materialdesignicons.min.css.map
ERROR - 2018-11-25 16:02:00 --> 404 Page Not Found: assets/admin/assets/libs/popper.js/dist/umd/popper.min.js.map
ERROR - 2018-11-25 16:02:00 --> 404 Page Not Found: assets/admin/assets/libs/quill/dist/quill.min.js.map
ERROR - 2018-11-25 16:02:00 --> 404 Page Not Found: assets/admin/assets/libs/bootstrap/dist/js/bootstrap.min.js.map
ERROR - 2018-11-25 16:02:00 --> 404 Page Not Found: assets/admin/dist/css/icons/material-design-iconic-font/css/materialdesignicons.min.css.map
ERROR - 2018-11-25 16:02:26 --> 404 Page Not Found: assets/admin/assets/libs/quill/dist/quill.min.js.map
ERROR - 2018-11-25 16:02:26 --> 404 Page Not Found: assets/admin/assets/libs/popper.js/dist/umd/popper.min.js.map
ERROR - 2018-11-25 16:02:26 --> 404 Page Not Found: assets/admin/assets/libs/bootstrap/dist/js/bootstrap.min.js.map
ERROR - 2018-11-25 16:02:26 --> 404 Page Not Found: assets/admin/dist/css/icons/material-design-iconic-font/css/materialdesignicons.min.css.map
ERROR - 2018-11-25 16:03:37 --> 404 Page Not Found: assets/admin/assets/libs/quill/dist/quill.min.js.map
ERROR - 2018-11-25 16:03:37 --> 404 Page Not Found: assets/admin/assets/libs/bootstrap/dist/js/bootstrap.min.js.map
ERROR - 2018-11-25 16:03:37 --> 404 Page Not Found: assets/admin/assets/libs/popper.js/dist/umd/popper.min.js.map
ERROR - 2018-11-25 16:03:37 --> 404 Page Not Found: assets/admin/dist/css/icons/material-design-iconic-font/css/materialdesignicons.min.css.map
ERROR - 2018-11-25 16:04:19 --> 404 Page Not Found: assets/admin/assets/libs/quill/dist/quill.min.js.map
ERROR - 2018-11-25 16:04:19 --> 404 Page Not Found: assets/admin/assets/libs/popper.js/dist/umd/popper.min.js.map
ERROR - 2018-11-25 16:04:19 --> 404 Page Not Found: assets/admin/assets/libs/bootstrap/dist/js/bootstrap.min.js.map
ERROR - 2018-11-25 16:04:19 --> 404 Page Not Found: assets/admin/dist/css/icons/material-design-iconic-font/css/materialdesignicons.min.css.map
ERROR - 2018-11-25 16:04:31 --> 404 Page Not Found: assets/admin/assets/libs/quill/dist/quill.min.js.map
ERROR - 2018-11-25 16:04:31 --> 404 Page Not Found: assets/admin/assets/libs/popper.js/dist/umd/popper.min.js.map
ERROR - 2018-11-25 16:04:31 --> 404 Page Not Found: assets/admin/assets/libs/bootstrap/dist/js/bootstrap.min.js.map
ERROR - 2018-11-25 16:04:31 --> 404 Page Not Found: assets/admin/dist/css/icons/material-design-iconic-font/css/materialdesignicons.min.css.map
ERROR - 2018-11-25 16:08:55 --> 404 Page Not Found: assets/admin/assets/libs/popper.js/dist/umd/popper.min.js.map
ERROR - 2018-11-25 16:08:55 --> 404 Page Not Found: assets/admin/assets/libs/quill/dist/quill.min.js.map
ERROR - 2018-11-25 16:08:55 --> 404 Page Not Found: assets/admin/assets/libs/bootstrap/dist/js/bootstrap.min.js.map
ERROR - 2018-11-25 16:08:55 --> 404 Page Not Found: assets/admin/dist/css/icons/material-design-iconic-font/css/materialdesignicons.min.css.map
ERROR - 2018-11-25 16:09:30 --> 404 Page Not Found: assets/admin/assets/libs/popper.js/dist/umd/popper.min.js.map
ERROR - 2018-11-25 16:09:30 --> 404 Page Not Found: assets/admin/assets/libs/bootstrap/dist/js/bootstrap.min.js.map
ERROR - 2018-11-25 16:09:30 --> 404 Page Not Found: assets/admin/assets/libs/quill/dist/quill.min.js.map
ERROR - 2018-11-25 16:09:30 --> 404 Page Not Found: assets/admin/dist/css/icons/material-design-iconic-font/css/materialdesignicons.min.css.map
ERROR - 2018-11-25 16:09:47 --> 404 Page Not Found: assets/admin/assets/libs/popper.js/dist/umd/popper.min.js.map
ERROR - 2018-11-25 16:09:47 --> 404 Page Not Found: assets/admin/assets/libs/quill/dist/quill.min.js.map
ERROR - 2018-11-25 16:09:47 --> 404 Page Not Found: assets/admin/assets/libs/bootstrap/dist/js/bootstrap.min.js.map
ERROR - 2018-11-25 16:09:47 --> 404 Page Not Found: assets/admin/dist/css/icons/material-design-iconic-font/css/materialdesignicons.min.css.map
ERROR - 2018-11-25 16:11:30 --> 404 Page Not Found: assets/admin/assets/libs/popper.js/dist/umd/popper.min.js.map
ERROR - 2018-11-25 16:11:30 --> 404 Page Not Found: assets/admin/assets/libs/quill/dist/quill.min.js.map
ERROR - 2018-11-25 16:11:30 --> 404 Page Not Found: assets/admin/assets/libs/bootstrap/dist/js/bootstrap.min.js.map
ERROR - 2018-11-25 16:11:30 --> 404 Page Not Found: assets/admin/dist/css/icons/material-design-iconic-font/css/materialdesignicons.min.css.map
ERROR - 2018-11-25 16:12:34 --> 404 Page Not Found: assets/admin/assets/libs/quill/dist/quill.min.js.map
ERROR - 2018-11-25 16:12:34 --> 404 Page Not Found: assets/admin/assets/libs/popper.js/dist/umd/popper.min.js.map
ERROR - 2018-11-25 16:12:34 --> 404 Page Not Found: assets/admin/assets/libs/bootstrap/dist/js/bootstrap.min.js.map
ERROR - 2018-11-25 16:12:34 --> 404 Page Not Found: assets/admin/dist/css/icons/material-design-iconic-font/css/materialdesignicons.min.css.map
ERROR - 2018-11-25 16:13:56 --> 404 Page Not Found: assets/admin/assets/libs/quill/dist/quill.min.js.map
ERROR - 2018-11-25 16:13:56 --> 404 Page Not Found: assets/admin/assets/libs/popper.js/dist/umd/popper.min.js.map
ERROR - 2018-11-25 16:13:56 --> 404 Page Not Found: assets/admin/assets/libs/bootstrap/dist/js/bootstrap.min.js.map
ERROR - 2018-11-25 16:13:57 --> 404 Page Not Found: assets/admin/dist/css/icons/material-design-iconic-font/css/materialdesignicons.min.css.map
ERROR - 2018-11-25 16:17:38 --> 404 Page Not Found: assets/admin/assets/libs/quill/dist/quill.min.js.map
ERROR - 2018-11-25 16:17:38 --> 404 Page Not Found: assets/admin/assets/libs/popper.js/dist/umd/popper.min.js.map
ERROR - 2018-11-25 16:17:38 --> 404 Page Not Found: assets/admin/assets/libs/bootstrap/dist/js/bootstrap.min.js.map
ERROR - 2018-11-25 16:17:38 --> 404 Page Not Found: assets/admin/dist/css/icons/material-design-iconic-font/css/materialdesignicons.min.css.map
ERROR - 2018-11-25 16:18:42 --> 404 Page Not Found: assets/admin/assets/libs/popper.js/dist/umd/popper.min.js.map
ERROR - 2018-11-25 16:18:42 --> 404 Page Not Found: assets/admin/assets/libs/quill/dist/quill.min.js.map
ERROR - 2018-11-25 16:18:42 --> 404 Page Not Found: assets/admin/assets/libs/bootstrap/dist/js/bootstrap.min.js.map
ERROR - 2018-11-25 16:18:42 --> 404 Page Not Found: assets/admin/dist/css/icons/material-design-iconic-font/css/materialdesignicons.min.css.map
ERROR - 2018-11-25 20:46:08 --> Severity: Notice --> Undefined variable: courses_id D:\OpenServer\domains\localhost\study\application\modules\admin\controllers\Sysadmin.php 1591
ERROR - 2018-11-25 20:46:08 --> Severity: Notice --> Undefined variable: courses_id D:\OpenServer\domains\localhost\study\application\modules\admin\controllers\Sysadmin.php 1591
ERROR - 2018-11-25 20:46:08 --> Severity: Notice --> Undefined variable: courses_id D:\OpenServer\domains\localhost\study\application\modules\admin\controllers\Sysadmin.php 1591
ERROR - 2018-11-25 20:46:08 --> Severity: Notice --> Undefined variable: courses_id D:\OpenServer\domains\localhost\study\application\modules\admin\controllers\Sysadmin.php 1591
ERROR - 2018-11-25 20:46:17 --> 404 Page Not Found: assets/admin/assets/libs/popper.js/dist/umd/popper.min.js.map
ERROR - 2018-11-25 20:46:17 --> 404 Page Not Found: assets/admin/assets/libs/quill/dist/quill.min.js.map
ERROR - 2018-11-25 20:46:18 --> 404 Page Not Found: assets/admin/assets/libs/bootstrap/dist/js/bootstrap.min.js.map
ERROR - 2018-11-25 20:46:18 --> 404 Page Not Found: assets/admin/dist/css/icons/material-design-iconic-font/css/materialdesignicons.min.css.map
ERROR - 2018-11-25 20:46:22 --> Severity: Notice --> Undefined variable: courses_id D:\OpenServer\domains\localhost\study\application\modules\admin\controllers\Sysadmin.php 1591
ERROR - 2018-11-25 20:46:22 --> Severity: Notice --> Undefined variable: courses_id D:\OpenServer\domains\localhost\study\application\modules\admin\controllers\Sysadmin.php 1591
ERROR - 2018-11-25 20:46:22 --> Severity: Notice --> Undefined variable: courses_id D:\OpenServer\domains\localhost\study\application\modules\admin\controllers\Sysadmin.php 1591
ERROR - 2018-11-25 20:46:22 --> Severity: Notice --> Undefined variable: courses_id D:\OpenServer\domains\localhost\study\application\modules\admin\controllers\Sysadmin.php 1591
ERROR - 2018-11-25 20:46:38 --> 404 Page Not Found: assets/admin/assets/libs/quill/dist/quill.min.js.map
ERROR - 2018-11-25 20:46:39 --> 404 Page Not Found: assets/admin/assets/libs/bootstrap/dist/js/bootstrap.min.js.map
ERROR - 2018-11-25 20:46:39 --> 404 Page Not Found: assets/admin/dist/css/icons/material-design-iconic-font/css/materialdesignicons.min.css.map
ERROR - 2018-11-25 20:46:39 --> 404 Page Not Found: assets/admin/assets/libs/popper.js/dist/umd/popper.min.js.map
ERROR - 2018-11-25 20:46:58 --> 404 Page Not Found: assets/admin/assets/libs/quill/dist/quill.min.js.map
ERROR - 2018-11-25 20:46:58 --> 404 Page Not Found: assets/admin/assets/libs/popper.js/dist/umd/popper.min.js.map
ERROR - 2018-11-25 20:46:58 --> 404 Page Not Found: assets/admin/assets/libs/bootstrap/dist/js/bootstrap.min.js.map
ERROR - 2018-11-25 20:46:58 --> 404 Page Not Found: assets/admin/dist/css/icons/material-design-iconic-font/css/materialdesignicons.min.css.map
ERROR - 2018-11-25 20:47:12 --> 404 Page Not Found: assets/admin/assets/libs/quill/dist/quill.min.js.map
ERROR - 2018-11-25 20:47:12 --> 404 Page Not Found: assets/admin/assets/libs/bootstrap/dist/js/bootstrap.min.js.map
ERROR - 2018-11-25 20:47:12 --> 404 Page Not Found: assets/admin/assets/libs/popper.js/dist/umd/popper.min.js.map
ERROR - 2018-11-25 20:47:12 --> 404 Page Not Found: assets/admin/dist/css/icons/material-design-iconic-font/css/materialdesignicons.min.css.map
ERROR - 2018-11-25 20:47:18 --> 404 Page Not Found: assets/admin/assets/libs/popper.js/dist/umd/popper.min.js.map
ERROR - 2018-11-25 20:47:19 --> 404 Page Not Found: assets/admin/assets/libs/bootstrap/dist/js/bootstrap.min.js.map
ERROR - 2018-11-25 20:47:19 --> 404 Page Not Found: assets/admin/assets/libs/quill/dist/quill.min.js.map
ERROR - 2018-11-25 20:47:19 --> 404 Page Not Found: assets/admin/dist/css/icons/material-design-iconic-font/css/materialdesignicons.min.css.map
ERROR - 2018-11-25 20:47:22 --> 404 Page Not Found: assets/admin/assets/libs/quill/dist/quill.min.js.map
ERROR - 2018-11-25 20:47:22 --> 404 Page Not Found: assets/admin/assets/libs/bootstrap/dist/js/bootstrap.min.js.map
ERROR - 2018-11-25 20:47:22 --> 404 Page Not Found: assets/admin/assets/libs/popper.js/dist/umd/popper.min.js.map
ERROR - 2018-11-25 20:47:22 --> 404 Page Not Found: assets/admin/dist/css/icons/material-design-iconic-font/css/materialdesignicons.min.css.map
ERROR - 2018-11-25 20:48:07 --> 404 Page Not Found: assets/admin/assets/libs/quill/dist/quill.min.js.map
ERROR - 2018-11-25 20:48:07 --> 404 Page Not Found: assets/admin/assets/libs/popper.js/dist/umd/popper.min.js.map
ERROR - 2018-11-25 20:48:07 --> 404 Page Not Found: assets/admin/assets/libs/bootstrap/dist/js/bootstrap.min.js.map
ERROR - 2018-11-25 20:48:07 --> 404 Page Not Found: assets/admin/dist/css/icons/material-design-iconic-font/css/materialdesignicons.min.css.map
ERROR - 2018-11-25 20:49:41 --> 404 Page Not Found: assets/admin/assets/libs/quill/dist/quill.min.js.map
ERROR - 2018-11-25 20:49:41 --> 404 Page Not Found: assets/admin/assets/libs/popper.js/dist/umd/popper.min.js.map
ERROR - 2018-11-25 20:49:41 --> 404 Page Not Found: assets/admin/assets/libs/bootstrap/dist/js/bootstrap.min.js.map
ERROR - 2018-11-25 20:49:41 --> 404 Page Not Found: assets/admin/dist/css/icons/material-design-iconic-font/css/materialdesignicons.min.css.map
ERROR - 2018-11-25 20:50:37 --> 404 Page Not Found: assets/admin/assets/libs/quill/dist/quill.min.js.map
ERROR - 2018-11-25 20:50:37 --> 404 Page Not Found: assets/admin/assets/libs/bootstrap/dist/js/bootstrap.min.js.map
ERROR - 2018-11-25 20:50:37 --> 404 Page Not Found: assets/admin/assets/libs/popper.js/dist/umd/popper.min.js.map
ERROR - 2018-11-25 20:50:37 --> 404 Page Not Found: assets/admin/dist/css/icons/material-design-iconic-font/css/materialdesignicons.min.css.map
ERROR - 2018-11-25 20:50:42 --> 404 Page Not Found: assets/admin/assets/libs/quill/dist/quill.min.js.map
ERROR - 2018-11-25 20:50:42 --> 404 Page Not Found: assets/admin/assets/libs/popper.js/dist/umd/popper.min.js.map
ERROR - 2018-11-25 20:50:42 --> 404 Page Not Found: assets/admin/assets/libs/bootstrap/dist/js/bootstrap.min.js.map
ERROR - 2018-11-25 20:50:43 --> 404 Page Not Found: assets/admin/dist/css/icons/material-design-iconic-font/css/materialdesignicons.min.css.map
ERROR - 2018-11-25 20:51:03 --> 404 Page Not Found: assets/admin/assets/libs/quill/dist/quill.min.js.map
ERROR - 2018-11-25 20:51:03 --> 404 Page Not Found: assets/admin/assets/libs/bootstrap/dist/js/bootstrap.min.js.map
ERROR - 2018-11-25 20:51:03 --> 404 Page Not Found: assets/admin/assets/libs/popper.js/dist/umd/popper.min.js.map
ERROR - 2018-11-25 20:51:03 --> 404 Page Not Found: assets/admin/dist/css/icons/material-design-iconic-font/css/materialdesignicons.min.css.map
ERROR - 2018-11-25 20:51:06 --> 404 Page Not Found: assets/admin/assets/libs/quill/dist/quill.min.js.map
ERROR - 2018-11-25 20:51:06 --> 404 Page Not Found: assets/admin/assets/libs/bootstrap/dist/js/bootstrap.min.js.map
ERROR - 2018-11-25 20:51:06 --> 404 Page Not Found: assets/admin/assets/libs/popper.js/dist/umd/popper.min.js.map
ERROR - 2018-11-25 20:51:07 --> 404 Page Not Found: assets/admin/dist/css/icons/material-design-iconic-font/css/materialdesignicons.min.css.map
ERROR - 2018-11-25 20:51:26 --> 404 Page Not Found: assets/admin/assets/libs/quill/dist/quill.min.js.map
ERROR - 2018-11-25 20:51:26 --> 404 Page Not Found: assets/admin/assets/libs/popper.js/dist/umd/popper.min.js.map
ERROR - 2018-11-25 20:51:26 --> 404 Page Not Found: assets/admin/assets/libs/bootstrap/dist/js/bootstrap.min.js.map
ERROR - 2018-11-25 20:51:26 --> 404 Page Not Found: assets/admin/dist/css/icons/material-design-iconic-font/css/materialdesignicons.min.css.map
ERROR - 2018-11-25 20:51:38 --> 404 Page Not Found: assets/admin/dist/css/icons/material-design-iconic-font/css/materialdesignicons.min.css.map
ERROR - 2018-11-25 20:51:38 --> 404 Page Not Found: assets/admin/assets/libs/quill/dist/quill.min.js.map
ERROR - 2018-11-25 20:51:38 --> 404 Page Not Found: assets/admin/assets/libs/bootstrap/dist/js/bootstrap.min.js.map
ERROR - 2018-11-25 20:51:38 --> 404 Page Not Found: assets/admin/assets/libs/popper.js/dist/umd/popper.min.js.map
ERROR - 2018-11-25 20:52:41 --> 404 Page Not Found: assets/admin/assets/libs/quill/dist/quill.min.js.map
ERROR - 2018-11-25 20:52:41 --> 404 Page Not Found: assets/admin/assets/libs/bootstrap/dist/js/bootstrap.min.js.map
ERROR - 2018-11-25 20:52:41 --> 404 Page Not Found: assets/admin/assets/libs/popper.js/dist/umd/popper.min.js.map
ERROR - 2018-11-25 20:52:41 --> 404 Page Not Found: assets/admin/dist/css/icons/material-design-iconic-font/css/materialdesignicons.min.css.map
ERROR - 2018-11-25 20:53:22 --> 404 Page Not Found: assets/admin/assets/libs/quill/dist/quill.min.js.map
ERROR - 2018-11-25 20:53:22 --> 404 Page Not Found: assets/admin/assets/libs/popper.js/dist/umd/popper.min.js.map
ERROR - 2018-11-25 20:53:22 --> 404 Page Not Found: assets/admin/assets/libs/bootstrap/dist/js/bootstrap.min.js.map
ERROR - 2018-11-25 20:53:23 --> 404 Page Not Found: assets/admin/dist/css/icons/material-design-iconic-font/css/materialdesignicons.min.css.map
ERROR - 2018-11-25 20:53:50 --> 404 Page Not Found: assets/admin/assets/libs/quill/dist/quill.min.js.map
ERROR - 2018-11-25 20:53:50 --> 404 Page Not Found: assets/admin/assets/libs/popper.js/dist/umd/popper.min.js.map
ERROR - 2018-11-25 20:53:50 --> 404 Page Not Found: assets/admin/assets/libs/bootstrap/dist/js/bootstrap.min.js.map
ERROR - 2018-11-25 20:53:50 --> 404 Page Not Found: assets/admin/dist/css/icons/material-design-iconic-font/css/materialdesignicons.min.css.map
