ERROR - 2018-11-04 21:20:07 --> 404 Page Not Found: partner_university/single_university
ERROR - 2018-11-04 22:00:04 --> 404 Page Not Found: assets/css/localhoststudypplicationuploadsuniversitis
ERROR - 2018-11-04 22:00:07 --> 404 Page Not Found: assets/css/localhoststudy/applicationuploadsuniversitis
ERROR - 2018-11-04 22:00:09 --> 404 Page Not Found: assets/css/localhoststudy/application/uploadsuniversitis
ERROR - 2018-11-04 22:00:10 --> 404 Page Not Found: assets/css/localhoststudy/application/uploads/universitis
ERROR - 2018-11-04 22:00:19 --> 404 Page Not Found: assets/css/localhost/study/application/uploads/universitis
ERROR - 2018-11-04 22:00:21 --> 404 Page Not Found: assets/css/localhost/study/application/uploads/universitis
ERROR - 2018-11-04 22:00:25 --> 404 Page Not Found: assets/css/hlocalhost/study/application/uploads/universitis
ERROR - 2018-11-04 22:00:25 --> 404 Page Not Found: assets/css/htlocalhost/study/application/uploads/universitis
ERROR - 2018-11-04 22:00:25 --> 404 Page Not Found: assets/css/httlocalhost/study/application/uploads/universitis
ERROR - 2018-11-04 22:00:26 --> 404 Page Not Found: assets/css/httplocalhost/study/application/uploads/universitis
ERROR - 2018-11-04 22:00:27 --> 404 Page Not Found: assets/css/localhost/study/application/uploads/universitis
ERROR - 2018-11-04 22:17:30 --> 404 Page Not Found: university
ERROR - 2018-11-04 22:23:52 --> 404 Page Not Found: single_university
ERROR - 2018-11-04 22:23:53 --> 404 Page Not Found: partner_university/single_university
ERROR - 2018-11-04 22:24:03 --> 404 Page Not Found: university/brunel_university_london
ERROR - 2018-11-04 22:24:16 --> 404 Page Not Found: university/s
ERROR - 2018-11-04 22:26:32 --> Severity: Notice --> Undefined variable: lng D:\OpenServer\domains\localhost\study\application\views\partner_university.php 15
ERROR - 2018-11-04 22:55:21 --> 404 Page Not Found: assets/admin/assets/libs/quill/dist/quill.min.js.map
ERROR - 2018-11-04 22:55:21 --> 404 Page Not Found: assets/admin/assets/libs/popper.js/dist/umd/popper.min.js.map
ERROR - 2018-11-04 22:55:21 --> 404 Page Not Found: assets/admin/assets/libs/bootstrap/dist/js/bootstrap.min.js.map
ERROR - 2018-11-04 22:55:21 --> 404 Page Not Found: assets/admin/dist/css/icons/material-design-iconic-font/css/materialdesignicons.min.css.map
ERROR - 2018-11-04 22:56:15 --> 404 Page Not Found: assets/admin/assets/libs/quill/dist/quill.min.js.map
ERROR - 2018-11-04 22:56:15 --> 404 Page Not Found: assets/admin/dist/css/icons/material-design-iconic-font/css/materialdesignicons.min.css.map
ERROR - 2018-11-04 22:56:16 --> 404 Page Not Found: assets/admin/assets/libs/popper.js/dist/umd/popper.min.js.map
ERROR - 2018-11-04 22:56:16 --> 404 Page Not Found: assets/admin/assets/libs/bootstrap/dist/js/bootstrap.min.js.map
ERROR - 2018-11-04 22:56:22 --> 404 Page Not Found: assets/admin/assets/libs/quill/dist/quill.min.js.map
ERROR - 2018-11-04 22:56:22 --> 404 Page Not Found: assets/admin/dist/css/icons/material-design-iconic-font/css/materialdesignicons.min.css.map
ERROR - 2018-11-04 22:56:23 --> 404 Page Not Found: assets/admin/assets/libs/bootstrap/dist/js/bootstrap.min.js.map
ERROR - 2018-11-04 22:56:23 --> 404 Page Not Found: assets/admin/assets/libs/popper.js/dist/umd/popper.min.js.map
ERROR - 2018-11-04 23:05:41 --> 404 Page Not Found: assets/admin/assets/libs/quill/dist/quill.min.js.map
ERROR - 2018-11-04 23:05:41 --> 404 Page Not Found: assets/admin/assets/libs/bootstrap/dist/js/bootstrap.min.js.map
ERROR - 2018-11-04 23:05:41 --> 404 Page Not Found: assets/admin/assets/libs/popper.js/dist/umd/popper.min.js.map
ERROR - 2018-11-04 23:05:41 --> 404 Page Not Found: assets/admin/dist/css/icons/material-design-iconic-font/css/materialdesignicons.min.css.map
