ERROR - 2018-10-25 23:40:51 --> 404 Page Not Found: about.php
ERROR - 2018-10-25 23:41:39 --> 404 Page Not Found: assets/js/jquery-3.2.1.js
ERROR - 2018-10-25 23:41:39 --> 404 Page Not Found: assets/images/logo.png
ERROR - 2018-10-25 23:41:39 --> 404 Page Not Found: assets/js/wow.min.js
ERROR - 2018-10-25 23:41:39 --> 404 Page Not Found: uploads/menu/big/voske_dproc.png
ERROR - 2018-10-25 23:41:39 --> 404 Page Not Found: assets/css/animate.css
ERROR - 2018-10-25 23:41:39 --> 404 Page Not Found: uploads/menu/big/Voske_dproc_3.jpg
ERROR - 2018-10-25 23:41:39 --> 404 Page Not Found: uploads/menu/big/outdance_3.jpg
ERROR - 2018-10-25 23:41:39 --> 404 Page Not Found: uploads/menu/big/outdance.png
ERROR - 2018-10-25 23:41:39 --> 404 Page Not Found: uploads/menu/big/maxresdefault.jpg
ERROR - 2018-10-25 23:41:39 --> 404 Page Not Found: uploads/menu/big/azizyanner.png
ERROR - 2018-10-25 23:41:39 --> 404 Page Not Found: uploads/menu/big/full_house.png
ERROR - 2018-10-25 23:41:39 --> 404 Page Not Found: uploads/menu/big/vendetta.png
ERROR - 2018-10-25 23:41:39 --> 404 Page Not Found: uploads/menu/big/sherlok.jpg
ERROR - 2018-10-25 23:41:39 --> 404 Page Not Found: uploads/menu/big/lie_to_me.jpg
ERROR - 2018-10-25 23:41:39 --> 404 Page Not Found: uploads/menu/big/merjvace.png
ERROR - 2018-10-25 23:41:39 --> 404 Page Not Found: uploads/menu/big/domino.png
ERROR - 2018-10-25 23:41:39 --> 404 Page Not Found: assets/images/full_house.jpg
ERROR - 2018-10-25 23:41:39 --> 404 Page Not Found: uploads/thumbs/-CKEcd6_8rQ.jpg
ERROR - 2018-10-25 23:41:39 --> 404 Page Not Found: uploads/thumbs/08db0028.jpg
ERROR - 2018-10-25 23:41:39 --> 404 Page Not Found: uploads/thumbs/K4BEp1EmKtg.jpg
ERROR - 2018-10-25 23:41:39 --> 404 Page Not Found: uploads/menu/big/harsike.jpg
ERROR - 2018-10-25 23:41:39 --> 404 Page Not Found: assets/images/fb.png
ERROR - 2018-10-25 23:41:39 --> 404 Page Not Found: uploads/thumbs/38c57479.jpg
ERROR - 2018-10-25 23:41:39 --> 404 Page Not Found: assets/images/lie_to_me.jpg
ERROR - 2018-10-25 23:41:39 --> 404 Page Not Found: assets/images/voske_dproc.jpg
ERROR - 2018-10-25 23:41:39 --> 404 Page Not Found: uploads/thumbs/30b7f45d.jpg
ERROR - 2018-10-25 23:41:39 --> 404 Page Not Found: uploads/thumbs/016aa6e4.jpg
ERROR - 2018-10-25 23:41:39 --> 404 Page Not Found: uploads/thumbs/1b46c6b0.jpg
ERROR - 2018-10-25 23:41:39 --> 404 Page Not Found: uploads/thumbs/8b31ecb4.jpg
ERROR - 2018-10-25 23:41:39 --> 404 Page Not Found: uploads/thumbs/68vdBMCjb6E.jpg
ERROR - 2018-10-25 23:41:39 --> 404 Page Not Found: uploads/thumbs/v0crcPBdV9Q.jpg
ERROR - 2018-10-25 23:41:39 --> 404 Page Not Found: uploads/thumbs/1d5ac62f.jpg
ERROR - 2018-10-25 23:41:39 --> 404 Page Not Found: uploads/thumbs/tij7OvnPnOQ.jpg
ERROR - 2018-10-25 23:41:40 --> 404 Page Not Found: uploads/thumbs/2310a658.jpg
ERROR - 2018-10-25 23:41:40 --> 404 Page Not Found: uploads/thumbs/BEYAgaAQC4o.jpg
ERROR - 2018-10-25 23:41:40 --> 404 Page Not Found: uploads/thumbs/ZqwWMzvwQ1Q.jpg
ERROR - 2018-10-25 23:41:40 --> 404 Page Not Found: uploads/thumbs/N198nRRJf-c.jpg
ERROR - 2018-10-25 23:41:40 --> 404 Page Not Found: uploads/thumbs/RwB-wD0-lVw.jpg
ERROR - 2018-10-25 23:41:40 --> 404 Page Not Found: uploads/thumbs/ocYl_WhZTCU.jpg
ERROR - 2018-10-25 23:41:41 --> 404 Page Not Found: assets/images/logo.png
ERROR - 2018-10-25 23:41:47 --> 404 Page Not Found: assets/js/jquery-3.2.1.js
ERROR - 2018-10-25 23:41:47 --> 404 Page Not Found: assets/js/wow.min.js
ERROR - 2018-10-25 23:41:47 --> 404 Page Not Found: uploads/menu/big/voske_dproc.png
ERROR - 2018-10-25 23:41:47 --> 404 Page Not Found: uploads/menu/big/Voske_dproc_3.jpg
ERROR - 2018-10-25 23:41:47 --> 404 Page Not Found: assets/images/logo.png
ERROR - 2018-10-25 23:41:47 --> 404 Page Not Found: assets/css/animate.css
ERROR - 2018-10-25 23:41:47 --> 404 Page Not Found: uploads/menu/big/full_house.png
ERROR - 2018-10-25 23:41:47 --> 404 Page Not Found: uploads/menu/big/azizyanner.png
ERROR - 2018-10-25 23:41:47 --> 404 Page Not Found: uploads/menu/big/maxresdefault.jpg
ERROR - 2018-10-25 23:41:47 --> 404 Page Not Found: uploads/menu/big/outdance_3.jpg
ERROR - 2018-10-25 23:41:47 --> 404 Page Not Found: uploads/menu/big/outdance.png
ERROR - 2018-10-25 23:41:47 --> 404 Page Not Found: uploads/menu/big/sherlok.jpg
ERROR - 2018-10-25 23:41:47 --> 404 Page Not Found: uploads/menu/big/domino.png
ERROR - 2018-10-25 23:41:47 --> 404 Page Not Found: uploads/menu/big/lie_to_me.jpg
ERROR - 2018-10-25 23:41:47 --> 404 Page Not Found: uploads/menu/big/harsike.jpg
ERROR - 2018-10-25 23:41:48 --> 404 Page Not Found: uploads/menu/big/vendetta.png
ERROR - 2018-10-25 23:41:48 --> 404 Page Not Found: uploads/menu/big/merjvace.png
ERROR - 2018-10-25 23:41:48 --> 404 Page Not Found: assets/js/wow.min.js
ERROR - 2018-10-25 23:41:48 --> 404 Page Not Found: uploads/thumbs/-CKEcd6_8rQ.jpg
ERROR - 2018-10-25 23:41:48 --> 404 Page Not Found: assets/images/full_house.jpg
ERROR - 2018-10-25 23:41:48 --> 404 Page Not Found: uploads/thumbs/38c57479.jpg
ERROR - 2018-10-25 23:41:48 --> 404 Page Not Found: uploads/thumbs/08db0028.jpg
ERROR - 2018-10-25 23:41:48 --> 404 Page Not Found: uploads/thumbs/K4BEp1EmKtg.jpg
ERROR - 2018-10-25 23:41:48 --> 404 Page Not Found: assets/images/fb.png
ERROR - 2018-10-25 23:41:48 --> 404 Page Not Found: uploads/thumbs/1b46c6b0.jpg
ERROR - 2018-10-25 23:41:48 --> 404 Page Not Found: assets/images/voske_dproc.jpg
ERROR - 2018-10-25 23:41:48 --> 404 Page Not Found: assets/images/lie_to_me.jpg
ERROR - 2018-10-25 23:41:48 --> 404 Page Not Found: uploads/thumbs/30b7f45d.jpg
ERROR - 2018-10-25 23:41:48 --> 404 Page Not Found: uploads/thumbs/016aa6e4.jpg
ERROR - 2018-10-25 23:41:48 --> 404 Page Not Found: uploads/thumbs/8b31ecb4.jpg
ERROR - 2018-10-25 23:41:48 --> 404 Page Not Found: uploads/thumbs/v0crcPBdV9Q.jpg
ERROR - 2018-10-25 23:41:48 --> 404 Page Not Found: uploads/thumbs/68vdBMCjb6E.jpg
ERROR - 2018-10-25 23:41:48 --> 404 Page Not Found: uploads/thumbs/tij7OvnPnOQ.jpg
ERROR - 2018-10-25 23:41:48 --> 404 Page Not Found: uploads/thumbs/2310a658.jpg
ERROR - 2018-10-25 23:41:48 --> 404 Page Not Found: uploads/thumbs/1d5ac62f.jpg
ERROR - 2018-10-25 23:41:48 --> 404 Page Not Found: uploads/thumbs/BEYAgaAQC4o.jpg
ERROR - 2018-10-25 23:41:48 --> 404 Page Not Found: uploads/thumbs/ocYl_WhZTCU.jpg
ERROR - 2018-10-25 23:41:48 --> 404 Page Not Found: uploads/thumbs/N198nRRJf-c.jpg
ERROR - 2018-10-25 23:41:48 --> 404 Page Not Found: uploads/thumbs/ZqwWMzvwQ1Q.jpg
ERROR - 2018-10-25 23:41:48 --> 404 Page Not Found: uploads/thumbs/RwB-wD0-lVw.jpg
ERROR - 2018-10-25 23:41:50 --> 404 Page Not Found: assets/images/logo.png
ERROR - 2018-10-25 23:52:11 --> 404 Page Not Found: img/logo.png
ERROR - 2018-10-25 23:52:11 --> 404 Page Not Found: assets/images/full_house.jpg
ERROR - 2018-10-25 23:52:11 --> 404 Page Not Found: assets/js/jquery-3.2.1.js
ERROR - 2018-10-25 23:52:11 --> 404 Page Not Found: assets/js/wow.min.js
ERROR - 2018-10-25 23:52:12 --> 404 Page Not Found: uploads/thumbs/-CKEcd6_8rQ.jpg
ERROR - 2018-10-25 23:52:12 --> 404 Page Not Found: uploads/thumbs/08db0028.jpg
ERROR - 2018-10-25 23:52:12 --> 404 Page Not Found: uploads/thumbs/38c57479.jpg
ERROR - 2018-10-25 23:52:12 --> 404 Page Not Found: uploads/thumbs/1b46c6b0.jpg
ERROR - 2018-10-25 23:52:12 --> 404 Page Not Found: assets/images/voske_dproc.jpg
ERROR - 2018-10-25 23:52:12 --> 404 Page Not Found: assets/images/lie_to_me.jpg
ERROR - 2018-10-25 23:52:12 --> 404 Page Not Found: uploads/thumbs/K4BEp1EmKtg.jpg
ERROR - 2018-10-25 23:52:12 --> 404 Page Not Found: uploads/thumbs/016aa6e4.jpg
ERROR - 2018-10-25 23:52:12 --> 404 Page Not Found: uploads/thumbs/68vdBMCjb6E.jpg
ERROR - 2018-10-25 23:52:12 --> 404 Page Not Found: uploads/thumbs/30b7f45d.jpg
ERROR - 2018-10-25 23:52:12 --> 404 Page Not Found: uploads/thumbs/8b31ecb4.jpg
ERROR - 2018-10-25 23:52:12 --> 404 Page Not Found: uploads/thumbs/tij7OvnPnOQ.jpg
ERROR - 2018-10-25 23:52:12 --> 404 Page Not Found: uploads/thumbs/2310a658.jpg
ERROR - 2018-10-25 23:52:12 --> 404 Page Not Found: uploads/thumbs/v0crcPBdV9Q.jpg
ERROR - 2018-10-25 23:52:12 --> 404 Page Not Found: uploads/thumbs/1d5ac62f.jpg
ERROR - 2018-10-25 23:52:12 --> 404 Page Not Found: assets/js/jquery-3.2.1.js
ERROR - 2018-10-25 23:52:12 --> 404 Page Not Found: uploads/thumbs/ZqwWMzvwQ1Q.jpg
ERROR - 2018-10-25 23:52:12 --> 404 Page Not Found: uploads/thumbs/ocYl_WhZTCU.jpg
ERROR - 2018-10-25 23:52:12 --> 404 Page Not Found: uploads/thumbs/RwB-wD0-lVw.jpg
ERROR - 2018-10-25 23:52:12 --> 404 Page Not Found: uploads/thumbs/BEYAgaAQC4o.jpg
ERROR - 2018-10-25 23:52:12 --> 404 Page Not Found: uploads/thumbs/N198nRRJf-c.jpg
ERROR - 2018-10-25 23:52:12 --> 404 Page Not Found: assets/js/wow.min.js
ERROR - 2018-10-25 23:52:49 --> 404 Page Not Found: assets/images/full_house.jpg
ERROR - 2018-10-25 23:52:49 --> 404 Page Not Found: assets/js/jquery-3.2.1.js
ERROR - 2018-10-25 23:52:49 --> 404 Page Not Found: assets/js/wow.min.js
ERROR - 2018-10-25 23:52:49 --> 404 Page Not Found: assets/images/voske_dproc.jpg
ERROR - 2018-10-25 23:52:49 --> 404 Page Not Found: uploads/thumbs/1b46c6b0.jpg
ERROR - 2018-10-25 23:52:49 --> 404 Page Not Found: uploads/thumbs/08db0028.jpg
ERROR - 2018-10-25 23:52:49 --> 404 Page Not Found: assets/images/lie_to_me.jpg
ERROR - 2018-10-25 23:52:49 --> 404 Page Not Found: assets/js/jquery-3.2.1.js
ERROR - 2018-10-25 23:52:49 --> 404 Page Not Found: uploads/thumbs/30b7f45d.jpg
ERROR - 2018-10-25 23:52:49 --> 404 Page Not Found: uploads/thumbs/38c57479.jpg
ERROR - 2018-10-25 23:52:49 --> 404 Page Not Found: uploads/thumbs/016aa6e4.jpg
ERROR - 2018-10-25 23:52:49 --> 404 Page Not Found: uploads/thumbs/-CKEcd6_8rQ.jpg
ERROR - 2018-10-25 23:52:49 --> 404 Page Not Found: uploads/thumbs/v0crcPBdV9Q.jpg
ERROR - 2018-10-25 23:52:49 --> 404 Page Not Found: uploads/thumbs/K4BEp1EmKtg.jpg
ERROR - 2018-10-25 23:52:49 --> 404 Page Not Found: uploads/thumbs/8b31ecb4.jpg
ERROR - 2018-10-25 23:52:49 --> 404 Page Not Found: uploads/thumbs/tij7OvnPnOQ.jpg
ERROR - 2018-10-25 23:52:49 --> 404 Page Not Found: uploads/thumbs/68vdBMCjb6E.jpg
ERROR - 2018-10-25 23:52:49 --> 404 Page Not Found: uploads/thumbs/2310a658.jpg
ERROR - 2018-10-25 23:52:49 --> 404 Page Not Found: assets/js/wow.min.js
ERROR - 2018-10-25 23:52:49 --> 404 Page Not Found: uploads/thumbs/ZqwWMzvwQ1Q.jpg
ERROR - 2018-10-25 23:52:50 --> 404 Page Not Found: uploads/thumbs/BEYAgaAQC4o.jpg
ERROR - 2018-10-25 23:52:50 --> 404 Page Not Found: uploads/thumbs/1d5ac62f.jpg
ERROR - 2018-10-25 23:52:50 --> 404 Page Not Found: uploads/thumbs/RwB-wD0-lVw.jpg
ERROR - 2018-10-25 23:52:50 --> 404 Page Not Found: uploads/thumbs/N198nRRJf-c.jpg
ERROR - 2018-10-25 23:52:50 --> 404 Page Not Found: uploads/thumbs/ocYl_WhZTCU.jpg
ERROR - 2018-10-25 23:54:59 --> 404 Page Not Found: about
