ERROR - 2019-05-05 14:39:26 --> Severity: Warning --> Cannot modify header information - headers already sent by (output started at D:\OpenServer\domains\aik.am\application\controllers\Main.php:10) D:\OpenServer\domains\aik.am\system\core\Common.php 570
ERROR - 2019-05-05 14:39:26 --> Severity: Compile Error --> Cannot redeclare Main::$publishment D:\OpenServer\domains\aik.am\application\controllers\Main.php 10
ERROR - 2019-05-05 14:40:46 --> Query error: Table 'global_study_am.content' doesn't exist - Invalid query: 
            SELECT
                `title_hy` AS `title`,
                `date`,
                `text_hy` AS `text`
            FROM
               `content`
            WHERE `type_id` = '1'
            LIMIT 1
         
ERROR - 2019-05-05 14:58:57 --> 404 Page Not Found: favicon.ico
ERROR - 2019-05-05 15:01:17 --> 404 Page Not Found: favicon.ico
ERROR - 2019-05-05 15:01:41 --> 404 Page Not Found: favicon.ico
ERROR - 2019-05-05 15:01:52 --> Query error: Table 'aik.basic_settings' doesn't exist - Invalid query: 
            SELECT
                `id`,
                `title_hy` AS `title`,
                `meta_keyword_hy` AS keyword,
                `meta_description_hy` AS description,
                `status` 
             FROM 
                `basic_settings`  
            WHERE status = 1
            LIMIT 1   
        
ERROR - 2019-05-05 15:04:13 --> Severity: Warning --> date_format() expects parameter 1 to be DateTime, string given D:\OpenServer\domains\aik.am\application\views\publishment.php 15
ERROR - 2019-05-05 15:04:28 --> Severity: Warning --> date_format() expects parameter 1 to be DateTime, string given D:\OpenServer\domains\aik.am\application\views\publishment.php 15
ERROR - 2019-05-05 15:04:30 --> Severity: Warning --> date_format() expects parameter 1 to be DateTime, string given D:\OpenServer\domains\aik.am\application\views\publishment.php 15
ERROR - 2019-05-05 15:04:35 --> Severity: Warning --> date_format() expects parameter 1 to be DateTime, string given D:\OpenServer\domains\aik.am\application\views\publishment.php 15
ERROR - 2019-05-05 15:04:40 --> Severity: Warning --> date_format() expects parameter 1 to be DateTime, string given D:\OpenServer\domains\aik.am\application\views\publishment.php 15
ERROR - 2019-05-05 15:04:40 --> Severity: Warning --> date_format() expects parameter 1 to be DateTime, string given D:\OpenServer\domains\aik.am\application\views\publishment.php 15
ERROR - 2019-05-05 15:04:40 --> Severity: Warning --> date_format() expects parameter 1 to be DateTime, string given D:\OpenServer\domains\aik.am\application\views\publishment.php 15
ERROR - 2019-05-05 15:04:40 --> Severity: Warning --> date_format() expects parameter 1 to be DateTime, string given D:\OpenServer\domains\aik.am\application\views\publishment.php 15
ERROR - 2019-05-05 15:04:41 --> Severity: Warning --> date_format() expects parameter 1 to be DateTime, string given D:\OpenServer\domains\aik.am\application\views\publishment.php 15
ERROR - 2019-05-05 15:04:41 --> Severity: Warning --> date_format() expects parameter 1 to be DateTime, string given D:\OpenServer\domains\aik.am\application\views\publishment.php 15
ERROR - 2019-05-05 15:04:41 --> Severity: Warning --> date_format() expects parameter 1 to be DateTime, string given D:\OpenServer\domains\aik.am\application\views\publishment.php 15
ERROR - 2019-05-05 15:04:42 --> Severity: Warning --> date_format() expects parameter 1 to be DateTime, string given D:\OpenServer\domains\aik.am\application\views\publishment.php 15
ERROR - 2019-05-05 15:04:42 --> Severity: Warning --> date_format() expects parameter 1 to be DateTime, string given D:\OpenServer\domains\aik.am\application\views\publishment.php 15
ERROR - 2019-05-05 15:04:42 --> Severity: Warning --> date_format() expects parameter 1 to be DateTime, string given D:\OpenServer\domains\aik.am\application\views\publishment.php 15
ERROR - 2019-05-05 15:04:42 --> Severity: Warning --> date_format() expects parameter 1 to be DateTime, string given D:\OpenServer\domains\aik.am\application\views\publishment.php 15
ERROR - 2019-05-05 15:04:42 --> Severity: Warning --> date_format() expects parameter 1 to be DateTime, string given D:\OpenServer\domains\aik.am\application\views\publishment.php 15
ERROR - 2019-05-05 15:04:42 --> Severity: Warning --> date_format() expects parameter 1 to be DateTime, string given D:\OpenServer\domains\aik.am\application\views\publishment.php 15
ERROR - 2019-05-05 15:04:43 --> Severity: Warning --> date_format() expects parameter 1 to be DateTime, string given D:\OpenServer\domains\aik.am\application\views\publishment.php 15
ERROR - 2019-05-05 15:04:43 --> Severity: Warning --> date_format() expects parameter 1 to be DateTime, string given D:\OpenServer\domains\aik.am\application\views\publishment.php 15
ERROR - 2019-05-05 15:04:43 --> Severity: Warning --> date_format() expects parameter 1 to be DateTime, string given D:\OpenServer\domains\aik.am\application\views\publishment.php 15
ERROR - 2019-05-05 15:04:44 --> Severity: Warning --> date_format() expects parameter 1 to be DateTime, string given D:\OpenServer\domains\aik.am\application\views\publishment.php 15
ERROR - 2019-05-05 15:04:44 --> Severity: Warning --> date_format() expects parameter 1 to be DateTime, string given D:\OpenServer\domains\aik.am\application\views\publishment.php 15
ERROR - 2019-05-05 15:04:44 --> Severity: Warning --> date_format() expects parameter 1 to be DateTime, string given D:\OpenServer\domains\aik.am\application\views\publishment.php 15
ERROR - 2019-05-05 15:04:44 --> Severity: Warning --> date_format() expects parameter 1 to be DateTime, string given D:\OpenServer\domains\aik.am\application\views\publishment.php 15
ERROR - 2019-05-05 15:04:44 --> Severity: Warning --> date_format() expects parameter 1 to be DateTime, string given D:\OpenServer\domains\aik.am\application\views\publishment.php 15
ERROR - 2019-05-05 15:04:44 --> Severity: Warning --> date_format() expects parameter 1 to be DateTime, string given D:\OpenServer\domains\aik.am\application\views\publishment.php 15
ERROR - 2019-05-05 15:04:45 --> Severity: Warning --> date_format() expects parameter 1 to be DateTime, string given D:\OpenServer\domains\aik.am\application\views\publishment.php 15
ERROR - 2019-05-05 15:04:45 --> Severity: Warning --> date_format() expects parameter 1 to be DateTime, string given D:\OpenServer\domains\aik.am\application\views\publishment.php 15
ERROR - 2019-05-05 15:04:45 --> Severity: Warning --> date_format() expects parameter 1 to be DateTime, string given D:\OpenServer\domains\aik.am\application\views\publishment.php 15
ERROR - 2019-05-05 15:04:46 --> Severity: Warning --> date_format() expects parameter 1 to be DateTime, string given D:\OpenServer\domains\aik.am\application\views\publishment.php 15
ERROR - 2019-05-05 15:04:47 --> 404 Page Not Found: favicon.ico
ERROR - 2019-05-05 15:04:58 --> 404 Page Not Found: favicon.ico
ERROR - 2019-05-05 15:25:35 --> Query error: Table 'aik.basic_settings' doesn't exist - Invalid query: 
            SELECT
                `id`,
                `title_hy` AS `title`,
                `meta_keyword_hy` AS keyword,
                `meta_description_hy` AS description,
                `status` 
             FROM 
                `basic_settings`  
            WHERE status = 1
            LIMIT 1   
        
ERROR - 2019-05-05 15:29:19 --> Query error: Table 'aik.courses' doesn't exist - Invalid query: 
            SELECT 
                `title_hy` AS `title`, 
                `alias_hy` AS `alias`  
              FROM 
                `courses` 
            WHERE `status` = '1'
        
ERROR - 2019-05-05 15:31:06 --> Query error: Table 'aik.courses' doesn't exist - Invalid query: 
            SELECT 
                `title_hy` AS `title`, 
                `alias_hy` AS `alias`  
              FROM 
                `courses` 
            WHERE `status` = '1'
        
ERROR - 2019-05-05 15:31:07 --> 404 Page Not Found: does_not_exist_65612
ERROR - 2019-05-05 15:40:50 --> Query error: Table 'aik.basic_settings' doesn't exist - Invalid query: 
            SELECT
                `title_hy` AS `title`
             FROM 
                `basic_settings`  
            WHERE status = 1
            LIMIT 1   
        
ERROR - 2019-05-05 15:45:32 --> Query error: Table 'aik.basic_settings' doesn't exist - Invalid query: 
            SELECT
                `title_hy` AS `title`
             FROM 
                `basic_settings`  
            WHERE status = 1
            LIMIT 1   
        
ERROR - 2019-05-05 15:47:51 --> Query error: Table 'aik.basic_settings' doesn't exist - Invalid query: 
            SELECT
                `title_hy` AS `title`
             FROM 
                `basic_settings`  
            WHERE status = 1
            LIMIT 1   
        
ERROR - 2019-05-05 15:48:17 --> Query error: Table 'aik.basic_settings' doesn't exist - Invalid query: 
            SELECT
                `title_hy` AS `title`
             FROM 
                `basic_settings`  
            WHERE status = 1
            LIMIT 1   
        
ERROR - 2019-05-05 15:48:17 --> 404 Page Not Found: does_not_exist_8354
ERROR - 2019-05-05 15:48:19 --> Query error: Table 'aik.basic_settings' doesn't exist - Invalid query: 
            SELECT
                `title_hy` AS `title`
             FROM 
                `basic_settings`  
            WHERE status = 1
            LIMIT 1   
        
ERROR - 2019-05-05 15:48:27 --> Query error: Table 'aik.basic_settings' doesn't exist - Invalid query: 
            SELECT
                `title_hy` AS `title`
             FROM 
                `basic_settings`  
            WHERE status = 1
            LIMIT 1   
        
ERROR - 2019-05-05 19:16:24 --> 404 Page Not Found: robots.txt
ERROR - 2019-05-05 19:16:24 --> 404 Page Not Found: js/owlcarousel/owl.carousel.min.js
ERROR - 2019-05-05 19:16:24 --> 404 Page Not Found: robots.txt
ERROR - 2019-05-05 19:16:30 --> 404 Page Not Found: favicon.ico
ERROR - 2019-05-05 19:18:17 --> 404 Page Not Found: js/owlcarousel/owl.carousel.min.js
ERROR - 2019-05-05 19:18:22 --> 404 Page Not Found: js/owlcarousel/owl.carousel.min.js
ERROR - 2019-05-05 19:18:22 --> 404 Page Not Found: js/owlcarousel/owl.carousel.min.js
ERROR - 2019-05-05 19:18:27 --> Query error: Table 'aik.about_us' doesn't exist - Invalid query: 
            SELECT
                `about_hy` AS `about`,
                `why_apply_hy` AS `why_apply`,
                `why_recruit_hy` AS `why_recruit`,
                `meta_keyword_hy` AS keyword,
                `meta_description_hy` AS description
            FROM
               `about_us`
            WHERE `status` = '1'
            LIMIT 1
         
ERROR - 2019-05-05 19:19:26 --> 404 Page Not Found: js/owlcarousel/owl.carousel.min.js
ERROR - 2019-05-05 19:19:27 --> 404 Page Not Found: js/owlcarousel/owl.carousel.min.js
ERROR - 2019-05-05 21:02:25 --> 404 Page Not Found: favicon.ico
ERROR - 2019-05-05 21:03:56 --> 404 Page Not Found: favicon.ico
ERROR - 2019-05-05 21:05:52 --> Could not find the language line "news"
ERROR - 2019-05-05 21:05:52 --> Could not find the language line "news"
ERROR - 2019-05-05 21:11:07 --> 404 Page Not Found: js/owlcarousel/owl.carousel.min.js
ERROR - 2019-05-05 21:11:08 --> 404 Page Not Found: js/owlcarousel/owl.carousel.min.js
ERROR - 2019-05-05 21:11:09 --> 404 Page Not Found: js/owlcarousel/owl.carousel.min.js
ERROR - 2019-05-05 21:11:09 --> 404 Page Not Found: js/owlcarousel/owl.carousel.min.js
ERROR - 2019-05-05 21:11:09 --> 404 Page Not Found: js/owlcarousel/owl.carousel.min.js
ERROR - 2019-05-05 21:11:11 --> 404 Page Not Found: favicon.ico
ERROR - 2019-05-05 21:11:15 --> 404 Page Not Found: js/owlcarousel/owl.carousel.min.js
ERROR - 2019-05-05 21:11:16 --> 404 Page Not Found: js/owlcarousel/owl.carousel.min.js
ERROR - 2019-05-05 21:11:21 --> 404 Page Not Found: js/owlcarousel/owl.carousel.min.js
ERROR - 2019-05-05 21:11:21 --> 404 Page Not Found: js/owlcarousel/owl.carousel.min.js
ERROR - 2019-05-05 21:13:42 --> 404 Page Not Found: js/owlcarousel/owl.carousel.min.js
ERROR - 2019-05-05 21:13:47 --> 404 Page Not Found: ru
ERROR - 2019-05-05 21:15:20 --> 404 Page Not Found: ru
ERROR - 2019-05-05 21:15:21 --> 404 Page Not Found: does_not_exist_64779
ERROR - 2019-05-05 21:15:23 --> 404 Page Not Found: js/owlcarousel/owl.carousel.min.js
ERROR - 2019-05-05 21:15:23 --> 404 Page Not Found: js/owlcarousel/owl.carousel.min.js
ERROR - 2019-05-05 21:16:16 --> 404 Page Not Found: js/owlcarousel/owl.carousel.min.js
ERROR - 2019-05-05 21:16:16 --> 404 Page Not Found: js/owlcarousel/owl.carousel.min.js
ERROR - 2019-05-05 21:17:26 --> 404 Page Not Found: js/owlcarousel/owl.carousel.min.js
ERROR - 2019-05-05 21:17:27 --> 404 Page Not Found: js/owlcarousel/owl.carousel.min.js
ERROR - 2019-05-05 21:17:27 --> 404 Page Not Found: js/owlcarousel/owl.carousel.min.js
ERROR - 2019-05-05 21:17:29 --> 404 Page Not Found: favicon.ico
ERROR - 2019-05-05 21:17:33 --> 404 Page Not Found: ru
ERROR - 2019-05-05 21:17:36 --> 404 Page Not Found: ru
ERROR - 2019-05-05 21:17:41 --> 404 Page Not Found: js/owlcarousel/owl.carousel.min.js
ERROR - 2019-05-05 21:17:41 --> 404 Page Not Found: js/owlcarousel/owl.carousel.min.js
ERROR - 2019-05-05 21:17:45 --> 404 Page Not Found: js/owlcarousel/owl.carousel.min.js
ERROR - 2019-05-05 21:17:46 --> 404 Page Not Found: js/owlcarousel/owl.carousel.min.js
ERROR - 2019-05-05 21:17:48 --> 404 Page Not Found: js/owlcarousel/owl.carousel.min.js
ERROR - 2019-05-05 21:17:48 --> 404 Page Not Found: js/owlcarousel/owl.carousel.min.js
ERROR - 2019-05-05 21:17:53 --> 404 Page Not Found: js/owlcarousel/owl.carousel.min.js
ERROR - 2019-05-05 21:17:54 --> 404 Page Not Found: js/owlcarousel/owl.carousel.min.js
ERROR - 2019-05-05 21:17:58 --> 404 Page Not Found: js/owlcarousel/owl.carousel.min.js
ERROR - 2019-05-05 21:17:58 --> 404 Page Not Found: js/owlcarousel/owl.carousel.min.js
ERROR - 2019-05-05 21:18:04 --> 404 Page Not Found: js/owlcarousel/owl.carousel.min.js
ERROR - 2019-05-05 21:18:05 --> 404 Page Not Found: js/owlcarousel/owl.carousel.min.js
ERROR - 2019-05-05 21:20:15 --> 404 Page Not Found: js/owlcarousel/owl.carousel.min.js
ERROR - 2019-05-05 21:20:15 --> 404 Page Not Found: js/owlcarousel/owl.carousel.min.js
ERROR - 2019-05-05 21:20:36 --> 404 Page Not Found: ru
ERROR - 2019-05-05 21:21:06 --> 404 Page Not Found: favicon.ico
ERROR - 2019-05-05 21:21:09 --> Query error: Table 'aik.about_us' doesn't exist - Invalid query: 
            SELECT
                `about_ru` AS `about`,
                `why_apply_ru` AS `why_apply`,
                `why_recruit_ru` AS `why_recruit`,
                `meta_keyword_ru` AS keyword,
                `meta_description_ru` AS description
            FROM
               `about_us`
            WHERE `status` = '1'
            LIMIT 1
         
ERROR - 2019-05-05 21:21:17 --> Could not find the language line "news"
ERROR - 2019-05-05 21:21:17 --> Could not find the language line "news"
ERROR - 2019-05-05 21:59:36 --> Could not find the language line "news"
ERROR - 2019-05-05 21:59:36 --> Could not find the language line "news"
ERROR - 2019-05-05 22:01:20 --> Query error: Table 'aik.about_us' doesn't exist - Invalid query: 
            SELECT
                `about_hy` AS `about`,
                `why_apply_hy` AS `why_apply`,
                `why_recruit_hy` AS `why_recruit`,
                `meta_keyword_hy` AS keyword,
                `meta_description_hy` AS description
            FROM
               `about_us`
            WHERE `status` = '1'
            LIMIT 1
         
ERROR - 2019-05-05 22:07:30 --> Could not find the language line "news"
ERROR - 2019-05-05 22:07:30 --> Could not find the language line "news"
ERROR - 2019-05-05 22:07:56 --> Could not find the language line "news"
ERROR - 2019-05-05 22:07:56 --> Could not find the language line "news"
ERROR - 2019-05-05 22:10:44 --> Query error: Table 'aik.partner_university' doesn't exist - Invalid query: 
            SELECT 
                `short_name_hy` AS `short_name`, 
                `alias_hy` AS `alias`  
              FROM 
                `partner_university` 
            WHERE `status` = '1'
        
ERROR - 2019-05-05 22:11:48 --> Could not find the language line "judicial_acts"
ERROR - 2019-05-05 22:11:48 --> Could not find the language line "judicial_acts"
ERROR - 2019-05-05 22:12:38 --> Query error: You have an error in your SQL syntax; check the manual that corresponds to your MySQL server version for the right syntax to use near '`text_ru` <> ''
             ORDER BY `id` desc' at line 8 - Invalid query: 
            SELECT
                `title_ru` AS `title`,
                `date`,
                `text_ru` AS `text`
            FROM
               `content`
            WHERE `type_id` = '2'
            `text_ru` <> ''
             ORDER BY `id` desc
         
ERROR - 2019-05-05 22:14:17 --> Query error: You have an error in your SQL syntax; check the manual that corresponds to your MySQL server version for the right syntax to use near '`text_ru` <> ''
             ORDER BY `id` desc' at line 8 - Invalid query: 
            SELECT
                `title_ru` AS `title`,
                `date`,
                `text_ru` AS `text`
            FROM
               `content`
            WHERE `type_id` = '2'
            `text_ru` <> ''
             ORDER BY `id` desc
         
ERROR - 2019-05-05 22:14:17 --> 404 Page Not Found: does_not_exist_48835
ERROR - 2019-05-05 22:14:18 --> Query error: You have an error in your SQL syntax; check the manual that corresponds to your MySQL server version for the right syntax to use near '`text_ru` <> ''
             ORDER BY `id` desc' at line 8 - Invalid query: 
            SELECT
                `title_ru` AS `title`,
                `date`,
                `text_ru` AS `text`
            FROM
               `content`
            WHERE `type_id` = '2'
            `text_ru` <> ''
             ORDER BY `id` desc
         
ERROR - 2019-05-05 22:14:44 --> Query error: You have an error in your SQL syntax; check the manual that corresponds to your MySQL server version for the right syntax to use near '`text_ru` <> ''
             ORDER BY `id` desc' at line 8 - Invalid query: 
            SELECT
                `title_ru` AS `title`,
                `date`,
                `text_ru` AS `text`
            FROM
               `content`
            WHERE `type_id` = '2'
            `text_ru` <> ''
             ORDER BY `id` desc
         
ERROR - 2019-05-05 22:14:55 --> Query error: You have an error in your SQL syntax; check the manual that corresponds to your MySQL server version for the right syntax to use near '`text_ru` <> ''
             ORDER BY `id` desc' at line 8 - Invalid query: 
            SELECT
                `title_ru` AS `title`,
                `date`,
                `text_ru` AS `text`
            FROM
               `content`
            WHERE `type_id` = '2'
            `text_ru` <> ''
             ORDER BY `id` desc
         
ERROR - 2019-05-05 23:33:14 --> 404 Page Not Found: favicon.ico
ERROR - 2019-05-05 23:33:29 --> Severity: Parsing Error --> syntax error, unexpected '?>' D:\OpenServer\domains\aik.am\application\views\news.php 16
ERROR - 2019-05-05 23:33:29 --> 404 Page Not Found: does_not_exist_41194
ERROR - 2019-05-05 23:34:44 --> 404 Page Not Found: single_news/1
ERROR - 2019-05-05 23:35:38 --> 404 Page Not Found: single_news/1
ERROR - 2019-05-05 23:35:38 --> 404 Page Not Found: does_not_exist_71757
ERROR - 2019-05-05 23:35:39 --> 404 Page Not Found: single_news/1
ERROR - 2019-05-05 23:35:40 --> 404 Page Not Found: single_news/1
ERROR - 2019-05-05 23:35:46 --> 404 Page Not Found: single_news/1
ERROR - 2019-05-05 23:35:47 --> 404 Page Not Found: single_news/1
ERROR - 2019-05-05 23:39:21 --> 404 Page Not Found: single_news/1
ERROR - 2019-05-05 23:39:22 --> 404 Page Not Found: single_news/1
ERROR - 2019-05-05 23:39:23 --> 404 Page Not Found: single_news/1
ERROR - 2019-05-05 23:39:24 --> 404 Page Not Found: single_news/1
ERROR - 2019-05-05 23:39:24 --> 404 Page Not Found: single_news/1
ERROR - 2019-05-05 23:39:28 --> 404 Page Not Found: single_news/1
ERROR - 2019-05-05 23:39:28 --> 404 Page Not Found: favicon.ico
ERROR - 2019-05-05 23:39:29 --> 404 Page Not Found: single_news/1
ERROR - 2019-05-05 23:39:29 --> 404 Page Not Found: favicon.ico
ERROR - 2019-05-05 23:39:29 --> 404 Page Not Found: single_news/1
ERROR - 2019-05-05 23:39:30 --> 404 Page Not Found: favicon.ico
ERROR - 2019-05-05 23:39:30 --> 404 Page Not Found: single_news/1
ERROR - 2019-05-05 23:39:30 --> 404 Page Not Found: favicon.ico
ERROR - 2019-05-05 23:40:25 --> 404 Page Not Found: single_news/1
ERROR - 2019-05-05 23:40:26 --> 404 Page Not Found: single_news/1
ERROR - 2019-05-05 23:40:26 --> 404 Page Not Found: single_news/1
ERROR - 2019-05-05 23:40:27 --> 404 Page Not Found: single_news/1
ERROR - 2019-05-05 23:40:28 --> 404 Page Not Found: single_news/1
ERROR - 2019-05-05 23:40:29 --> 404 Page Not Found: single_news/1
ERROR - 2019-05-05 23:40:29 --> 404 Page Not Found: single_news/1
ERROR - 2019-05-05 23:40:30 --> 404 Page Not Found: single_news/1
ERROR - 2019-05-05 23:40:30 --> 404 Page Not Found: single_news/1
ERROR - 2019-05-05 23:40:31 --> 404 Page Not Found: single_news/1
ERROR - 2019-05-05 23:40:31 --> 404 Page Not Found: single_news/1
ERROR - 2019-05-05 23:40:32 --> 404 Page Not Found: single_news/1
ERROR - 2019-05-05 23:40:32 --> 404 Page Not Found: single_news/1
ERROR - 2019-05-05 23:40:33 --> 404 Page Not Found: single_news/1
ERROR - 2019-05-05 23:40:46 --> 404 Page Not Found: single_news/1
ERROR - 2019-05-05 23:40:47 --> 404 Page Not Found: single_news/1
ERROR - 2019-05-05 23:40:48 --> 404 Page Not Found: single_news/1
ERROR - 2019-05-05 23:41:39 --> 404 Page Not Found: single_news/1
ERROR - 2019-05-05 23:43:01 --> Severity: Warning --> Illegal string offset 'date' D:\OpenServer\domains\aik.am\application\views\news.php 15
ERROR - 2019-05-05 23:43:01 --> Severity: Warning --> date_format() expects parameter 1 to be DateTime, boolean given D:\OpenServer\domains\aik.am\application\views\news.php 15
ERROR - 2019-05-05 23:43:01 --> Severity: Warning --> Illegal string offset 'text' D:\OpenServer\domains\aik.am\application\views\news.php 16
ERROR - 2019-05-05 23:43:01 --> Severity: Warning --> Illegal string offset 'id' D:\OpenServer\domains\aik.am\application\views\news.php 16
ERROR - 2019-05-05 23:43:01 --> Severity: Warning --> Illegal string offset 'date' D:\OpenServer\domains\aik.am\application\views\news.php 15
ERROR - 2019-05-05 23:43:01 --> Severity: Warning --> Illegal string offset 'text' D:\OpenServer\domains\aik.am\application\views\news.php 16
ERROR - 2019-05-05 23:43:01 --> Severity: Warning --> Illegal string offset 'id' D:\OpenServer\domains\aik.am\application\views\news.php 16
ERROR - 2019-05-05 23:43:01 --> Severity: Warning --> Illegal string offset 'date' D:\OpenServer\domains\aik.am\application\views\news.php 15
ERROR - 2019-05-05 23:43:01 --> Severity: Warning --> date_format() expects parameter 1 to be DateTime, boolean given D:\OpenServer\domains\aik.am\application\views\news.php 15
ERROR - 2019-05-05 23:43:01 --> Severity: Warning --> Illegal string offset 'text' D:\OpenServer\domains\aik.am\application\views\news.php 16
ERROR - 2019-05-05 23:43:01 --> Severity: Warning --> Illegal string offset 'id' D:\OpenServer\domains\aik.am\application\views\news.php 16
ERROR - 2019-05-05 23:43:01 --> Severity: Warning --> Illegal string offset 'date' D:\OpenServer\domains\aik.am\application\views\news.php 15
ERROR - 2019-05-05 23:43:01 --> Severity: Warning --> Illegal string offset 'text' D:\OpenServer\domains\aik.am\application\views\news.php 16
ERROR - 2019-05-05 23:43:01 --> Severity: Warning --> Illegal string offset 'id' D:\OpenServer\domains\aik.am\application\views\news.php 16
ERROR - 2019-05-05 23:44:24 --> Severity: Warning --> Illegal string offset 'date' D:\OpenServer\domains\aik.am\application\views\news.php 15
ERROR - 2019-05-05 23:44:24 --> Severity: Warning --> date_format() expects parameter 1 to be DateTime, boolean given D:\OpenServer\domains\aik.am\application\views\news.php 15
ERROR - 2019-05-05 23:44:24 --> Severity: Warning --> Illegal string offset 'text' D:\OpenServer\domains\aik.am\application\views\news.php 16
ERROR - 2019-05-05 23:44:24 --> Severity: Warning --> Illegal string offset 'id' D:\OpenServer\domains\aik.am\application\views\news.php 16
ERROR - 2019-05-05 23:44:24 --> Severity: Warning --> Illegal string offset 'date' D:\OpenServer\domains\aik.am\application\views\news.php 15
ERROR - 2019-05-05 23:44:24 --> Severity: Warning --> Illegal string offset 'text' D:\OpenServer\domains\aik.am\application\views\news.php 16
ERROR - 2019-05-05 23:44:24 --> Severity: Warning --> Illegal string offset 'id' D:\OpenServer\domains\aik.am\application\views\news.php 16
ERROR - 2019-05-05 23:44:24 --> Severity: Warning --> Illegal string offset 'date' D:\OpenServer\domains\aik.am\application\views\news.php 15
ERROR - 2019-05-05 23:44:24 --> Severity: Warning --> date_format() expects parameter 1 to be DateTime, boolean given D:\OpenServer\domains\aik.am\application\views\news.php 15
ERROR - 2019-05-05 23:44:24 --> Severity: Warning --> Illegal string offset 'text' D:\OpenServer\domains\aik.am\application\views\news.php 16
ERROR - 2019-05-05 23:44:24 --> Severity: Warning --> Illegal string offset 'id' D:\OpenServer\domains\aik.am\application\views\news.php 16
ERROR - 2019-05-05 23:44:24 --> Severity: Warning --> Illegal string offset 'date' D:\OpenServer\domains\aik.am\application\views\news.php 15
ERROR - 2019-05-05 23:44:24 --> Severity: Warning --> Illegal string offset 'text' D:\OpenServer\domains\aik.am\application\views\news.php 16
ERROR - 2019-05-05 23:44:24 --> Severity: Warning --> Illegal string offset 'id' D:\OpenServer\domains\aik.am\application\views\news.php 16
ERROR - 2019-05-05 23:44:26 --> 404 Page Not Found: single_news/img/news/news1.png
ERROR - 2019-05-05 23:45:11 --> Severity: Notice --> Undefined variable: row D:\OpenServer\domains\aik.am\application\views\single_news.php 7
ERROR - 2019-05-05 23:45:11 --> 404 Page Not Found: single_news/img/news/news1.png
ERROR - 2019-05-05 23:45:16 --> 404 Page Not Found: single_news/img/news/news1.png
ERROR - 2019-05-05 23:45:22 --> 404 Page Not Found: single_news/img/news/news1.png
ERROR - 2019-05-05 23:46:56 --> 404 Page Not Found: single_news/img/news/news1.png
ERROR - 2019-05-05 23:46:59 --> 404 Page Not Found: single_news/img/news/news1.png
ERROR - 2019-05-05 23:47:04 --> 404 Page Not Found: single_news/img/news/news1.png
ERROR - 2019-05-05 23:47:36 --> 404 Page Not Found: single_news/img/news/news1.png
ERROR - 2019-05-05 23:47:37 --> 404 Page Not Found: single_news/img/news/news1.png
ERROR - 2019-05-05 23:47:39 --> 404 Page Not Found: favicon.ico
ERROR - 2019-05-05 23:48:19 --> 404 Page Not Found: single_news/img/news/news1.png
ERROR - 2019-05-05 23:48:23 --> 404 Page Not Found: single_news/img/news/news1.png
ERROR - 2019-05-05 23:49:28 --> Severity: Parsing Error --> syntax error, unexpected '?>' D:\OpenServer\domains\aik.am\application\views\single_news.php 9
ERROR - 2019-05-05 23:49:33 --> 404 Page Not Found: admin/assets/uploads/94789-terminal-e1556973323769.jpg
ERROR - 2019-05-05 23:49:36 --> 404 Page Not Found: admin/assets/uploads/94789-terminal-e1556973323769.jpg
ERROR - 2019-05-05 23:50:03 --> 404 Page Not Found: admin/assets/uploads/94789-terminal-e1556973323769.jpg
