ERROR - 2018-11-17 14:34:59 --> 404 Page Not Found: assets/admin/dist/css/icons/material-design-iconic-font/css/materialdesignicons.min.css.map
ERROR - 2018-11-17 14:34:59 --> 404 Page Not Found: assets/admin/assets/libs/quill/dist/quill.min.js.map
ERROR - 2018-11-17 14:34:59 --> 404 Page Not Found: assets/admin/assets/libs/bootstrap/dist/js/bootstrap.min.js.map
ERROR - 2018-11-17 14:34:59 --> 404 Page Not Found: assets/admin/assets/libs/popper.js/dist/umd/popper.min.js.map
ERROR - 2018-11-17 14:35:47 --> 404 Page Not Found: assets/admin/assets/libs/quill/dist/quill.min.js.map
ERROR - 2018-11-17 14:35:47 --> 404 Page Not Found: assets/admin/dist/css/icons/material-design-iconic-font/css/materialdesignicons.min.css.map
ERROR - 2018-11-17 14:35:47 --> 404 Page Not Found: assets/admin/assets/libs/bootstrap/dist/js/bootstrap.min.js.map
ERROR - 2018-11-17 14:35:47 --> 404 Page Not Found: assets/admin/assets/libs/popper.js/dist/umd/popper.min.js.map
ERROR - 2018-11-17 14:36:12 --> 404 Page Not Found: assets/admin/assets/libs/quill/dist/quill.min.js.map
ERROR - 2018-11-17 14:36:13 --> 404 Page Not Found: assets/admin/dist/css/icons/material-design-iconic-font/css/materialdesignicons.min.css.map
ERROR - 2018-11-17 14:36:13 --> 404 Page Not Found: assets/admin/assets/libs/popper.js/dist/umd/popper.min.js.map
ERROR - 2018-11-17 14:36:13 --> 404 Page Not Found: assets/admin/assets/libs/bootstrap/dist/js/bootstrap.min.js.map
ERROR - 2018-11-17 14:37:46 --> 404 Page Not Found: assets/admin/assets/libs/quill/dist/quill.min.js.map
ERROR - 2018-11-17 14:37:46 --> 404 Page Not Found: assets/admin/dist/css/icons/material-design-iconic-font/css/materialdesignicons.min.css.map
ERROR - 2018-11-17 14:37:46 --> 404 Page Not Found: assets/admin/assets/libs/popper.js/dist/umd/popper.min.js.map
ERROR - 2018-11-17 14:37:46 --> 404 Page Not Found: assets/admin/assets/libs/bootstrap/dist/js/bootstrap.min.js.map
ERROR - 2018-11-17 14:38:04 --> Severity: Warning --> explode() expects parameter 2 to be string, array given D:\OpenServer\domains\localhost\study\application\modules\admin\controllers\Sysadmin.php 938
ERROR - 2018-11-17 14:39:03 --> 404 Page Not Found: assets/admin/assets/libs/quill/dist/quill.min.js.map
ERROR - 2018-11-17 14:39:03 --> 404 Page Not Found: assets/admin/dist/css/icons/material-design-iconic-font/css/materialdesignicons.min.css.map
ERROR - 2018-11-17 14:39:04 --> 404 Page Not Found: assets/admin/assets/libs/popper.js/dist/umd/popper.min.js.map
ERROR - 2018-11-17 14:39:04 --> 404 Page Not Found: assets/admin/assets/libs/bootstrap/dist/js/bootstrap.min.js.map
ERROR - 2018-11-17 14:46:11 --> 404 Page Not Found: assets/admin/assets/libs/quill/dist/quill.min.js.map
ERROR - 2018-11-17 14:46:11 --> 404 Page Not Found: assets/admin/dist/css/icons/material-design-iconic-font/css/materialdesignicons.min.css.map
ERROR - 2018-11-17 14:46:11 --> 404 Page Not Found: assets/admin/assets/libs/bootstrap/dist/js/bootstrap.min.js.map
ERROR - 2018-11-17 14:46:11 --> 404 Page Not Found: assets/admin/assets/libs/popper.js/dist/umd/popper.min.js.map
ERROR - 2018-11-17 14:46:15 --> 404 Page Not Found: assets/admin/assets/libs/quill/dist/quill.min.js.map
ERROR - 2018-11-17 14:46:15 --> 404 Page Not Found: assets/admin/dist/css/icons/material-design-iconic-font/css/materialdesignicons.min.css.map
ERROR - 2018-11-17 14:46:15 --> 404 Page Not Found: assets/admin/assets/libs/popper.js/dist/umd/popper.min.js.map
ERROR - 2018-11-17 14:46:15 --> 404 Page Not Found: assets/admin/assets/libs/bootstrap/dist/js/bootstrap.min.js.map
ERROR - 2018-11-17 14:46:55 --> 404 Page Not Found: assets/admin/assets/libs/quill/dist/quill.min.js.map
ERROR - 2018-11-17 14:46:55 --> 404 Page Not Found: assets/admin/dist/css/icons/material-design-iconic-font/css/materialdesignicons.min.css.map
ERROR - 2018-11-17 14:46:55 --> 404 Page Not Found: assets/admin/assets/libs/popper.js/dist/umd/popper.min.js.map
ERROR - 2018-11-17 14:46:55 --> 404 Page Not Found: assets/admin/assets/libs/bootstrap/dist/js/bootstrap.min.js.map
ERROR - 2018-11-17 14:55:22 --> 404 Page Not Found: assets/admin/assets/libs/popper.js/dist/umd/popper.min.js.map
ERROR - 2018-11-17 14:55:22 --> 404 Page Not Found: assets/admin/assets/libs/quill/dist/quill.min.js.map
ERROR - 2018-11-17 14:55:22 --> 404 Page Not Found: assets/admin/assets/libs/bootstrap/dist/js/bootstrap.min.js.map
ERROR - 2018-11-17 14:55:23 --> 404 Page Not Found: assets/admin/dist/css/icons/material-design-iconic-font/css/materialdesignicons.min.css.map
ERROR - 2018-11-17 15:01:16 --> 404 Page Not Found: assets/admin/assets/libs/quill/dist/quill.min.js.map
ERROR - 2018-11-17 15:01:16 --> 404 Page Not Found: assets/admin/dist/css/icons/material-design-iconic-font/css/materialdesignicons.min.css.map
ERROR - 2018-11-17 15:01:17 --> 404 Page Not Found: assets/admin/assets/libs/popper.js/dist/umd/popper.min.js.map
ERROR - 2018-11-17 15:01:17 --> 404 Page Not Found: assets/admin/assets/libs/bootstrap/dist/js/bootstrap.min.js.map
ERROR - 2018-11-17 15:01:20 --> Query error: You have an error in your SQL syntax; check the manual that corresponds to your MySQL server version for the right syntax to use near 'badge-pill badge-primary'>', `children`.`title_hy`, '</span>') AS `children`,
 ' at line 4 - Invalid query: 
            SELECT 
                `id`,
                `title_hy` AS `title`,
                GROUP_CONCAT(CONCAT('<span class='badge badge-pill badge-primary'>', `children`.`title_hy`, '</span>') AS `children`,
                `status`
              FROM 
                `grade_converter`
            LEFT JOIN `grade_converter` AS `children` 
                ON FIND_IN_SET(`children`.`id`, `grade_converter`.`child_ids`)
            WHERE `status` = '1'        
        
ERROR - 2018-11-17 15:02:26 --> Query error: You have an error in your SQL syntax; check the manual that corresponds to your MySQL server version for the right syntax to use near 'AS `children`,
                `status`
              FROM 
                `' at line 4 - Invalid query: 
            SELECT 
                `id`,
                `title_hy` AS `title`,
                GROUP_CONCAT(CONCAT("<span class='badge badge-pill badge-primary'>", `children`.`title_hy`, "</span>") AS `children`,
                `status`
              FROM 
                `grade_converter`
            LEFT JOIN `grade_converter` AS `children` 
                ON FIND_IN_SET(`children`.`id`, `grade_converter`.`child_ids`)
            WHERE `status` = '1'        
        
ERROR - 2018-11-17 15:02:29 --> Query error: You have an error in your SQL syntax; check the manual that corresponds to your MySQL server version for the right syntax to use near 'AS `children`,
                `status`
              FROM 
                `' at line 4 - Invalid query: 
            SELECT 
                `id`,
                `title_hy` AS `title`,
                GROUP_CONCAT(CONCAT("<span class='badge badge-pill badge-primary'>", `children`.`title_hy`, "</span>") AS `children`,
                `status`
              FROM 
                `grade_converter`
            LEFT JOIN `grade_converter` AS `children` 
                ON FIND_IN_SET(`children`.`id`, `grade_converter`.`child_ids`)
            WHERE `status` = '1'        
        
ERROR - 2018-11-17 15:04:22 --> Query error: Column 'id' in field list is ambiguous - Invalid query: 
            SELECT 
                `id`,
                `title_hy` AS `title`,
                GROUP_CONCAT(CONCAT("<span class='badge badge-pill badge-primary'>", `children`.`title_hy`, "</span>") SEPARATOR '' ) AS `children`,
                `status`
              FROM 
                `grade_converter`
            LEFT JOIN `grade_converter` AS `children` 
                ON FIND_IN_SET(`children`.`id`, `grade_converter`.`child_ids`)
            WHERE `status` = '1'        
        
ERROR - 2018-11-17 15:04:57 --> Query error: Column 'id' in field list is ambiguous - Invalid query: 
            SELECT 
                `id`,
                `title_hy` AS `title`,
                GROUP_CONCAT(CONCAT("<span class='badge badge-pill badge-primary'>", `children`.`title_hy`, "</span>") SEPARATOR '' ) AS `children`,
                `status`
              FROM 
                `grade_converter`
            LEFT JOIN `grade_converter` AS `children` 
                ON FIND_IN_SET(`children`.`id`, `grade_converter`.`child_ids`)
            WHERE `status` = '1'        
        
ERROR - 2018-11-17 15:05:00 --> Query error: Column 'id' in field list is ambiguous - Invalid query: 
            SELECT 
                `id`,
                `title_hy` AS `title`,
                GROUP_CONCAT(CONCAT("<span class='badge badge-pill badge-primary'>", `children`.`title_hy`, "</span>") SEPARATOR '' ) AS `children`,
                `status`
              FROM 
                `grade_converter`
            LEFT JOIN `grade_converter` AS `children` 
                ON FIND_IN_SET(`children`.`id`, `grade_converter`.`child_ids`)
            WHERE `status` = '1'        
        
ERROR - 2018-11-17 15:05:45 --> 404 Page Not Found: assets/admin/assets/libs/quill/dist/quill.min.js.map
ERROR - 2018-11-17 15:05:45 --> 404 Page Not Found: assets/admin/dist/css/icons/material-design-iconic-font/css/materialdesignicons.min.css.map
ERROR - 2018-11-17 15:05:46 --> 404 Page Not Found: assets/admin/assets/libs/popper.js/dist/umd/popper.min.js.map
ERROR - 2018-11-17 15:05:46 --> 404 Page Not Found: assets/admin/assets/libs/bootstrap/dist/js/bootstrap.min.js.map
ERROR - 2018-11-17 15:43:25 --> 404 Page Not Found: admin/hy/edit_grade_converter/1
ERROR - 2018-11-17 15:43:58 --> 404 Page Not Found: admin/hy/edit_grade_converter/1
ERROR - 2018-11-17 15:44:00 --> 404 Page Not Found: admin/hy/edit_grade_converter/1
ERROR - 2018-11-17 15:44:34 --> Query error: Unknown column 'title_hy' in 'field list' - Invalid query: 
            SELECT
              `id`,
              `title_hy` AS `title`,
              `text_hy` AS `text`,
              `child_ids`,
              `meta_keyword_hy` AS `meta_keyword`,
              `meta_description_hy` AS `meta_description`,
              `status`
            FROM 
              `partner_university`
            WHERE `id` = '1'
            LIMIT 1
        
ERROR - 2018-11-17 15:45:34 --> Severity: Notice --> Undefined variable: grade_converter D:\OpenServer\domains\localhost\study\application\modules\admin\views\edit_grade_converter.php 71
ERROR - 2018-11-17 15:45:34 --> Severity: Warning --> Invalid argument supplied for foreach() D:\OpenServer\domains\localhost\study\application\modules\admin\views\edit_grade_converter.php 71
ERROR - 2018-11-17 15:46:58 --> Severity: Notice --> Undefined variable: grade_converter D:\OpenServer\domains\localhost\study\application\modules\admin\views\edit_grade_converter.php 73
ERROR - 2018-11-17 15:46:58 --> Severity: Warning --> Invalid argument supplied for foreach() D:\OpenServer\domains\localhost\study\application\modules\admin\views\edit_grade_converter.php 73
ERROR - 2018-11-17 15:47:08 --> Severity: Notice --> Undefined variable: grade_converter D:\OpenServer\domains\localhost\study\application\modules\admin\views\edit_grade_converter.php 73
ERROR - 2018-11-17 15:47:08 --> Severity: Warning --> Invalid argument supplied for foreach() D:\OpenServer\domains\localhost\study\application\modules\admin\views\edit_grade_converter.php 73
ERROR - 2018-11-17 15:54:46 --> 404 Page Not Found: ../modules/admin/controllers/Sysadmin/edit_grade_converter_ax
ERROR - 2018-11-17 16:32:02 --> 404 Page Not Found: admin/hy/edit_grade_converter
ERROR - 2018-11-17 16:36:25 --> 404 Page Not Found: assets/admin/assets/libs/quill/dist/quill.min.js.map
ERROR - 2018-11-17 16:36:25 --> 404 Page Not Found: assets/admin/assets/libs/bootstrap/dist/js/bootstrap.min.js.map
ERROR - 2018-11-17 16:36:25 --> 404 Page Not Found: assets/admin/assets/libs/popper.js/dist/umd/popper.min.js.map
ERROR - 2018-11-17 16:36:25 --> 404 Page Not Found: assets/admin/dist/css/icons/material-design-iconic-font/css/materialdesignicons.min.css.map
ERROR - 2018-11-17 16:38:39 --> 404 Page Not Found: assets/admin/assets/libs/quill/dist/quill.min.js.map
ERROR - 2018-11-17 16:38:39 --> 404 Page Not Found: assets/admin/dist/css/icons/material-design-iconic-font/css/materialdesignicons.min.css.map
ERROR - 2018-11-17 16:38:39 --> 404 Page Not Found: assets/admin/assets/libs/popper.js/dist/umd/popper.min.js.map
ERROR - 2018-11-17 16:38:39 --> 404 Page Not Found: assets/admin/assets/libs/bootstrap/dist/js/bootstrap.min.js.map
ERROR - 2018-11-17 16:43:10 --> 404 Page Not Found: assets/admin/assets/libs/quill/dist/quill.min.js.map
ERROR - 2018-11-17 16:43:10 --> 404 Page Not Found: assets/admin/dist/css/icons/material-design-iconic-font/css/materialdesignicons.min.css.map
ERROR - 2018-11-17 16:43:10 --> 404 Page Not Found: assets/admin/assets/libs/bootstrap/dist/js/bootstrap.min.js.map
ERROR - 2018-11-17 16:43:10 --> 404 Page Not Found: assets/admin/assets/libs/popper.js/dist/umd/popper.min.js.map
ERROR - 2018-11-17 16:43:21 --> 404 Page Not Found: assets/admin/assets/libs/quill/dist/quill.min.js.map
ERROR - 2018-11-17 16:43:21 --> 404 Page Not Found: assets/admin/dist/css/icons/material-design-iconic-font/css/materialdesignicons.min.css.map
ERROR - 2018-11-17 16:43:21 --> 404 Page Not Found: assets/admin/assets/libs/popper.js/dist/umd/popper.min.js.map
ERROR - 2018-11-17 16:43:21 --> 404 Page Not Found: assets/admin/assets/libs/bootstrap/dist/js/bootstrap.min.js.map
ERROR - 2018-11-17 16:43:31 --> 404 Page Not Found: assets/admin/assets/libs/quill/dist/quill.min.js.map
ERROR - 2018-11-17 16:43:31 --> 404 Page Not Found: assets/admin/dist/css/icons/material-design-iconic-font/css/materialdesignicons.min.css.map
ERROR - 2018-11-17 16:43:31 --> 404 Page Not Found: assets/admin/assets/libs/popper.js/dist/umd/popper.min.js.map
ERROR - 2018-11-17 16:43:31 --> 404 Page Not Found: assets/admin/assets/libs/bootstrap/dist/js/bootstrap.min.js.map
ERROR - 2018-11-17 16:49:11 --> Severity: Warning --> Cannot modify header information - headers already sent by (output started at D:\OpenServer\domains\localhost\study\application\modules\admin\controllers\Sysadmin.php:576) D:\OpenServer\domains\localhost\study\system\core\Common.php 570
ERROR - 2018-11-17 16:49:11 --> Severity: Compile Error --> Can't use method return value in write context D:\OpenServer\domains\localhost\study\application\modules\admin\controllers\Sysadmin.php 576
ERROR - 2018-11-17 16:53:15 --> 404 Page Not Found: assets/admin/assets/libs/quill/dist/quill.min.js.map
ERROR - 2018-11-17 16:53:15 --> 404 Page Not Found: assets/admin/dist/css/icons/material-design-iconic-font/css/materialdesignicons.min.css.map
ERROR - 2018-11-17 16:53:15 --> 404 Page Not Found: assets/admin/assets/libs/popper.js/dist/umd/popper.min.js.map
ERROR - 2018-11-17 16:53:15 --> 404 Page Not Found: assets/admin/assets/libs/bootstrap/dist/js/bootstrap.min.js.map
ERROR - 2018-11-17 16:56:31 --> 404 Page Not Found: assets/admin/assets/libs/quill/dist/quill.min.js.map
ERROR - 2018-11-17 16:56:31 --> 404 Page Not Found: assets/admin/dist/css/icons/material-design-iconic-font/css/materialdesignicons.min.css.map
ERROR - 2018-11-17 16:56:31 --> 404 Page Not Found: assets/admin/assets/libs/bootstrap/dist/js/bootstrap.min.js.map
ERROR - 2018-11-17 16:56:31 --> 404 Page Not Found: assets/admin/assets/libs/popper.js/dist/umd/popper.min.js.map
ERROR - 2018-11-17 17:01:03 --> 404 Page Not Found: assets/admin/assets/libs/popper.js/dist/umd/popper.min.js.map
ERROR - 2018-11-17 17:01:03 --> 404 Page Not Found: assets/admin/assets/libs/bootstrap/dist/js/bootstrap.min.js.map
ERROR - 2018-11-17 17:01:03 --> 404 Page Not Found: assets/admin/assets/libs/quill/dist/quill.min.js.map
ERROR - 2018-11-17 17:01:03 --> 404 Page Not Found: assets/admin/dist/css/icons/material-design-iconic-font/css/materialdesignicons.min.css.map
ERROR - 2018-11-17 17:01:29 --> 404 Page Not Found: assets/admin/assets/libs/quill/dist/quill.min.js.map
ERROR - 2018-11-17 17:01:29 --> 404 Page Not Found: assets/admin/dist/css/icons/material-design-iconic-font/css/materialdesignicons.min.css.map
ERROR - 2018-11-17 17:01:29 --> 404 Page Not Found: assets/admin/assets/libs/popper.js/dist/umd/popper.min.js.map
ERROR - 2018-11-17 17:01:29 --> 404 Page Not Found: assets/admin/assets/libs/bootstrap/dist/js/bootstrap.min.js.map
ERROR - 2018-11-17 17:01:45 --> 404 Page Not Found: assets/admin/assets/libs/popper.js/dist/umd/popper.min.js.map
ERROR - 2018-11-17 17:01:45 --> 404 Page Not Found: assets/admin/assets/libs/bootstrap/dist/js/bootstrap.min.js.map
ERROR - 2018-11-17 17:01:45 --> 404 Page Not Found: assets/admin/assets/libs/quill/dist/quill.min.js.map
ERROR - 2018-11-17 17:01:45 --> 404 Page Not Found: assets/admin/dist/css/icons/material-design-iconic-font/css/materialdesignicons.min.css.map
ERROR - 2018-11-17 17:02:11 --> 404 Page Not Found: assets/admin/assets/libs/quill/dist/quill.min.js.map
ERROR - 2018-11-17 17:02:11 --> 404 Page Not Found: assets/admin/dist/css/icons/material-design-iconic-font/css/materialdesignicons.min.css.map
ERROR - 2018-11-17 17:02:11 --> 404 Page Not Found: assets/admin/assets/libs/bootstrap/dist/js/bootstrap.min.js.map
ERROR - 2018-11-17 17:02:11 --> 404 Page Not Found: assets/admin/assets/libs/popper.js/dist/umd/popper.min.js.map
ERROR - 2018-11-17 17:03:17 --> 404 Page Not Found: assets/admin/assets/libs/quill/dist/quill.min.js.map
ERROR - 2018-11-17 17:03:17 --> 404 Page Not Found: assets/admin/dist/css/icons/material-design-iconic-font/css/materialdesignicons.min.css.map
ERROR - 2018-11-17 17:03:17 --> 404 Page Not Found: assets/admin/assets/libs/popper.js/dist/umd/popper.min.js.map
ERROR - 2018-11-17 17:03:17 --> 404 Page Not Found: assets/admin/assets/libs/bootstrap/dist/js/bootstrap.min.js.map
ERROR - 2018-11-17 17:04:47 --> Severity: Notice --> Array to string conversion D:\OpenServer\domains\localhost\study\application\modules\admin\controllers\Sysadmin.php 204
ERROR - 2018-11-17 17:04:52 --> 404 Page Not Found: assets/admin/assets/libs/quill/dist/quill.min.js.map
ERROR - 2018-11-17 17:04:52 --> 404 Page Not Found: assets/admin/assets/libs/bootstrap/dist/js/bootstrap.min.js.map
ERROR - 2018-11-17 17:04:52 --> 404 Page Not Found: assets/admin/assets/libs/popper.js/dist/umd/popper.min.js.map
ERROR - 2018-11-17 17:04:52 --> 404 Page Not Found: assets/admin/dist/css/icons/material-design-iconic-font/css/materialdesignicons.min.css.map
ERROR - 2018-11-17 17:04:55 --> Severity: Notice --> Array to string conversion D:\OpenServer\domains\localhost\study\application\modules\admin\controllers\Sysadmin.php 204
ERROR - 2018-11-17 17:06:05 --> 404 Page Not Found: assets/admin/assets/libs/quill/dist/quill.min.js.map
ERROR - 2018-11-17 17:06:05 --> 404 Page Not Found: assets/admin/dist/css/icons/material-design-iconic-font/css/materialdesignicons.min.css.map
ERROR - 2018-11-17 17:06:05 --> 404 Page Not Found: assets/admin/assets/libs/bootstrap/dist/js/bootstrap.min.js.map
ERROR - 2018-11-17 17:06:06 --> 404 Page Not Found: assets/admin/assets/libs/popper.js/dist/umd/popper.min.js.map
ERROR - 2018-11-17 17:06:36 --> Severity: Notice --> Undefined variable: grade_converter D:\OpenServer\domains\localhost\study\application\modules\admin\views\edit_partner_university.php 155
ERROR - 2018-11-17 17:06:36 --> Severity: Warning --> Invalid argument supplied for foreach() D:\OpenServer\domains\localhost\study\application\modules\admin\views\edit_partner_university.php 155
ERROR - 2018-11-17 17:08:20 --> Severity: Notice --> Undefined variable: grade_converter D:\OpenServer\domains\localhost\study\application\modules\admin\views\edit_partner_university.php 155
ERROR - 2018-11-17 17:08:20 --> Severity: Warning --> Invalid argument supplied for foreach() D:\OpenServer\domains\localhost\study\application\modules\admin\views\edit_partner_university.php 155
ERROR - 2018-11-17 17:09:46 --> Severity: Notice --> Undefined variable: lang D:\OpenServer\domains\localhost\study\application\modules\admin\controllers\Sysadmin.php 749
ERROR - 2018-11-17 17:09:46 --> Query error: Unknown column 'title_' in 'field list' - Invalid query: 
            SELECT 
                `id`,
                `title_` AS `title`
             FROM
                `grade_converter` 
            WHERE `status` = '1'      
        
ERROR - 2018-11-17 17:09:46 --> Severity: Warning --> Cannot modify header information - headers already sent by (output started at D:\OpenServer\domains\localhost\study\system\core\Exceptions.php:271) D:\OpenServer\domains\localhost\study\system\core\Common.php 570
ERROR - 2018-11-17 17:10:03 --> Severity: Notice --> Undefined variable: lang D:\OpenServer\domains\localhost\study\application\modules\admin\controllers\Sysadmin.php 749
ERROR - 2018-11-17 17:10:03 --> Query error: Unknown column 'title_' in 'field list' - Invalid query: 
            SELECT 
                `id`,
                `title_` AS `title`
             FROM
                `grade_converter` 
            WHERE `status` = '1'      
        
ERROR - 2018-11-17 17:10:03 --> Severity: Warning --> Cannot modify header information - headers already sent by (output started at D:\OpenServer\domains\localhost\study\system\core\Exceptions.php:271) D:\OpenServer\domains\localhost\study\system\core\Common.php 570
ERROR - 2018-11-17 17:16:23 --> 404 Page Not Found: assets/admin/assets/libs/quill/dist/quill.min.js.map
ERROR - 2018-11-17 17:16:23 --> 404 Page Not Found: assets/admin/assets/libs/popper.js/dist/umd/popper.min.js.map
ERROR - 2018-11-17 17:16:23 --> 404 Page Not Found: assets/admin/assets/libs/bootstrap/dist/js/bootstrap.min.js.map
ERROR - 2018-11-17 17:16:24 --> 404 Page Not Found: assets/admin/dist/css/icons/material-design-iconic-font/css/materialdesignicons.min.css.map
ERROR - 2018-11-17 17:20:43 --> 404 Page Not Found: assets/admin/assets/libs/quill/dist/quill.min.js.map
ERROR - 2018-11-17 17:20:44 --> 404 Page Not Found: assets/admin/dist/css/icons/material-design-iconic-font/css/materialdesignicons.min.css.map
ERROR - 2018-11-17 17:20:44 --> 404 Page Not Found: assets/admin/assets/libs/bootstrap/dist/js/bootstrap.min.js.map
ERROR - 2018-11-17 17:20:44 --> 404 Page Not Found: assets/admin/assets/libs/popper.js/dist/umd/popper.min.js.map
ERROR - 2018-11-17 17:21:12 --> 404 Page Not Found: assets/admin/assets/libs/quill/dist/quill.min.js.map
ERROR - 2018-11-17 17:21:12 --> 404 Page Not Found: assets/admin/assets/libs/popper.js/dist/umd/popper.min.js.map
ERROR - 2018-11-17 17:21:12 --> 404 Page Not Found: assets/admin/assets/libs/bootstrap/dist/js/bootstrap.min.js.map
ERROR - 2018-11-17 17:21:12 --> 404 Page Not Found: assets/admin/dist/css/icons/material-design-iconic-font/css/materialdesignicons.min.css.map
ERROR - 2018-11-17 17:21:35 --> 404 Page Not Found: assets/admin/assets/libs/quill/dist/quill.min.js.map
ERROR - 2018-11-17 17:21:36 --> 404 Page Not Found: assets/admin/dist/css/icons/material-design-iconic-font/css/materialdesignicons.min.css.map
ERROR - 2018-11-17 17:21:36 --> 404 Page Not Found: assets/admin/assets/libs/bootstrap/dist/js/bootstrap.min.js.map
ERROR - 2018-11-17 17:21:36 --> 404 Page Not Found: assets/admin/assets/libs/popper.js/dist/umd/popper.min.js.map
ERROR - 2018-11-17 17:34:42 --> Severity: Warning --> implode(): Invalid arguments passed D:\OpenServer\domains\localhost\study\application\modules\admin\controllers\Sysadmin.php 653
ERROR - 2018-11-17 17:34:49 --> 404 Page Not Found: assets/admin/assets/libs/quill/dist/quill.min.js.map
ERROR - 2018-11-17 17:34:49 --> 404 Page Not Found: assets/admin/assets/libs/popper.js/dist/umd/popper.min.js.map
ERROR - 2018-11-17 17:34:49 --> 404 Page Not Found: assets/admin/assets/libs/bootstrap/dist/js/bootstrap.min.js.map
ERROR - 2018-11-17 17:34:50 --> 404 Page Not Found: assets/admin/dist/css/icons/material-design-iconic-font/css/materialdesignicons.min.css.map
ERROR - 2018-11-17 17:34:52 --> Severity: Warning --> implode(): Invalid arguments passed D:\OpenServer\domains\localhost\study\application\modules\admin\controllers\Sysadmin.php 653
ERROR - 2018-11-17 17:35:44 --> 404 Page Not Found: assets/admin/assets/libs/quill/dist/quill.min.js.map
ERROR - 2018-11-17 17:35:44 --> 404 Page Not Found: assets/admin/dist/css/icons/material-design-iconic-font/css/materialdesignicons.min.css.map
ERROR - 2018-11-17 17:35:45 --> 404 Page Not Found: assets/admin/assets/libs/popper.js/dist/umd/popper.min.js.map
ERROR - 2018-11-17 17:35:45 --> 404 Page Not Found: assets/admin/assets/libs/bootstrap/dist/js/bootstrap.min.js.map
ERROR - 2018-11-17 17:48:45 --> 404 Page Not Found: grade_converter
ERROR - 2018-11-17 17:48:50 --> 404 Page Not Found: pahe/ds
ERROR - 2018-11-17 18:10:56 --> Query error: Unknown column 'children.status' in 'where clause' - Invalid query: 
            SELECT
                `id`
              FROM
               `grade_converter`    
            WHERE `grade_converter`.`status` = '1'  
             AND `children`.`status` = '1'
             AND `grade_converter`.`alias_hy` = 'lmklnkl'
           LIMIT 1  
        
ERROR - 2018-11-17 18:14:46 --> Severity: Notice --> Undefined variable: result D:\OpenServer\domains\localhost\study\application\views\grade_converter.php 7
ERROR - 2018-11-17 18:15:08 --> Severity: Notice --> Undefined variable: result D:\OpenServer\domains\localhost\study\application\views\grade_converter.php 7
ERROR - 2018-11-17 18:15:10 --> Severity: Notice --> Undefined variable: result D:\OpenServer\domains\localhost\study\application\views\grade_converter.php 7
ERROR - 2018-11-17 18:15:12 --> Severity: Notice --> Undefined variable: result D:\OpenServer\domains\localhost\study\application\views\grade_converter.php 7
ERROR - 2018-11-17 18:15:13 --> Severity: Notice --> Undefined variable: result D:\OpenServer\domains\localhost\study\application\views\grade_converter.php 7
ERROR - 2018-11-17 18:15:30 --> Severity: Notice --> Undefined variable: result D:\OpenServer\domains\localhost\study\application\views\grade_converter.php 7
ERROR - 2018-11-17 18:15:38 --> Severity: Notice --> Undefined variable: result D:\OpenServer\domains\localhost\study\application\views\grade_converter.php 7
ERROR - 2018-11-17 18:15:39 --> Severity: Notice --> Undefined variable: result D:\OpenServer\domains\localhost\study\application\views\grade_converter.php 7
ERROR - 2018-11-17 18:15:40 --> Severity: Notice --> Undefined variable: result D:\OpenServer\domains\localhost\study\application\views\grade_converter.php 7
ERROR - 2018-11-17 18:16:14 --> Severity: Notice --> Undefined index: result D:\OpenServer\domains\localhost\study\application\controllers\Main.php 431
ERROR - 2018-11-17 18:16:38 --> Severity: Notice --> Undefined index: result D:\OpenServer\domains\localhost\study\application\controllers\Main.php 431
ERROR - 2018-11-17 18:16:40 --> Severity: Notice --> Undefined index: result D:\OpenServer\domains\localhost\study\application\controllers\Main.php 431
ERROR - 2018-11-17 18:17:16 --> Severity: Notice --> Undefined index: result D:\OpenServer\domains\localhost\study\application\controllers\Main.php 431
ERROR - 2018-11-17 18:17:36 --> Severity: Notice --> Undefined index: result D:\OpenServer\domains\localhost\study\application\controllers\Main.php 431
ERROR - 2018-11-17 18:34:52 --> Severity: Warning --> Illegal string offset 'title' D:\OpenServer\domains\localhost\study\application\views\grade_converter.php 16
ERROR - 2018-11-17 18:34:52 --> Severity: Warning --> Illegal string offset 'title' D:\OpenServer\domains\localhost\study\application\views\grade_converter.php 18
ERROR - 2018-11-17 18:34:52 --> Severity: Warning --> Illegal string offset 'title' D:\OpenServer\domains\localhost\study\application\views\grade_converter.php 20
ERROR - 2018-11-17 18:34:52 --> Severity: Warning --> Illegal string offset 'title' D:\OpenServer\domains\localhost\study\application\views\grade_converter.php 23
ERROR - 2018-11-17 18:34:52 --> Severity: Warning --> Invalid argument supplied for foreach() D:\OpenServer\domains\localhost\study\application\views\grade_converter.php 23
ERROR - 2018-11-17 18:35:35 --> Severity: Warning --> Illegal string offset 'title' D:\OpenServer\domains\localhost\study\application\views\grade_converter.php 16
ERROR - 2018-11-17 18:35:35 --> Severity: Warning --> Illegal string offset 'title' D:\OpenServer\domains\localhost\study\application\views\grade_converter.php 18
ERROR - 2018-11-17 18:35:35 --> Severity: Warning --> Illegal string offset 'title' D:\OpenServer\domains\localhost\study\application\views\grade_converter.php 20
ERROR - 2018-11-17 18:35:35 --> Severity: Warning --> Illegal string offset 'title' D:\OpenServer\domains\localhost\study\application\views\grade_converter.php 23
ERROR - 2018-11-17 18:35:35 --> Severity: Warning --> Invalid argument supplied for foreach() D:\OpenServer\domains\localhost\study\application\views\grade_converter.php 23
ERROR - 2018-11-17 18:35:50 --> Severity: Warning --> Illegal string offset 'title' D:\OpenServer\domains\localhost\study\application\views\grade_converter.php 16
ERROR - 2018-11-17 18:35:50 --> Severity: Warning --> Illegal string offset 'title' D:\OpenServer\domains\localhost\study\application\views\grade_converter.php 18
ERROR - 2018-11-17 18:35:50 --> Severity: Warning --> Illegal string offset 'title' D:\OpenServer\domains\localhost\study\application\views\grade_converter.php 20
ERROR - 2018-11-17 18:35:50 --> Severity: Warning --> Illegal string offset 'title' D:\OpenServer\domains\localhost\study\application\views\grade_converter.php 23
ERROR - 2018-11-17 18:35:50 --> Severity: Warning --> Invalid argument supplied for foreach() D:\OpenServer\domains\localhost\study\application\views\grade_converter.php 23
ERROR - 2018-11-17 18:37:55 --> Severity: Notice --> Undefined variable: lng D:\OpenServer\domains\localhost\study\application\views\grade_converter.php 27
ERROR - 2018-11-17 18:37:55 --> Severity: Notice --> Undefined index: key D:\OpenServer\domains\localhost\study\application\views\grade_converter.php 27
ERROR - 2018-11-17 18:37:55 --> Severity: Notice --> Undefined variable: lng D:\OpenServer\domains\localhost\study\application\views\grade_converter.php 27
ERROR - 2018-11-17 18:37:55 --> Severity: Notice --> Undefined index: key D:\OpenServer\domains\localhost\study\application\views\grade_converter.php 27
ERROR - 2018-11-17 18:37:55 --> Severity: Notice --> Undefined variable: lng D:\OpenServer\domains\localhost\study\application\views\grade_converter.php 27
ERROR - 2018-11-17 18:37:55 --> Severity: Notice --> Undefined index: key D:\OpenServer\domains\localhost\study\application\views\grade_converter.php 27
ERROR - 2018-11-17 18:37:55 --> Severity: Notice --> Undefined variable: lng D:\OpenServer\domains\localhost\study\application\views\grade_converter.php 27
ERROR - 2018-11-17 18:37:55 --> Severity: Notice --> Undefined index: key D:\OpenServer\domains\localhost\study\application\views\grade_converter.php 27
ERROR - 2018-11-17 18:38:47 --> Severity: Notice --> Undefined variable: lng D:\OpenServer\domains\localhost\study\application\views\grade_converter.php 27
ERROR - 2018-11-17 18:38:47 --> Severity: Notice --> Undefined index: key D:\OpenServer\domains\localhost\study\application\views\grade_converter.php 27
ERROR - 2018-11-17 18:38:47 --> Severity: Notice --> Undefined variable: lng D:\OpenServer\domains\localhost\study\application\views\grade_converter.php 27
ERROR - 2018-11-17 18:38:47 --> Severity: Notice --> Undefined index: key D:\OpenServer\domains\localhost\study\application\views\grade_converter.php 27
ERROR - 2018-11-17 18:38:47 --> Severity: Notice --> Undefined variable: lng D:\OpenServer\domains\localhost\study\application\views\grade_converter.php 27
ERROR - 2018-11-17 18:38:47 --> Severity: Notice --> Undefined index: key D:\OpenServer\domains\localhost\study\application\views\grade_converter.php 27
ERROR - 2018-11-17 18:38:47 --> Severity: Notice --> Undefined variable: lng D:\OpenServer\domains\localhost\study\application\views\grade_converter.php 27
ERROR - 2018-11-17 18:38:47 --> Severity: Notice --> Undefined index: key D:\OpenServer\domains\localhost\study\application\views\grade_converter.php 27
ERROR - 2018-11-17 18:38:51 --> Severity: Notice --> Undefined variable: lng D:\OpenServer\domains\localhost\study\application\views\grade_converter.php 27
ERROR - 2018-11-17 18:38:51 --> Severity: Notice --> Undefined index: key D:\OpenServer\domains\localhost\study\application\views\grade_converter.php 27
ERROR - 2018-11-17 18:38:51 --> Severity: Notice --> Undefined variable: lng D:\OpenServer\domains\localhost\study\application\views\grade_converter.php 27
ERROR - 2018-11-17 18:38:51 --> Severity: Notice --> Undefined index: key D:\OpenServer\domains\localhost\study\application\views\grade_converter.php 27
ERROR - 2018-11-17 18:38:51 --> Severity: Notice --> Undefined variable: lng D:\OpenServer\domains\localhost\study\application\views\grade_converter.php 27
ERROR - 2018-11-17 18:38:51 --> Severity: Notice --> Undefined index: key D:\OpenServer\domains\localhost\study\application\views\grade_converter.php 27
ERROR - 2018-11-17 18:38:51 --> Severity: Notice --> Undefined variable: lng D:\OpenServer\domains\localhost\study\application\views\grade_converter.php 27
ERROR - 2018-11-17 18:38:51 --> Severity: Notice --> Undefined index: key D:\OpenServer\domains\localhost\study\application\views\grade_converter.php 27
ERROR - 2018-11-17 18:38:54 --> Severity: Notice --> Undefined variable: lng D:\OpenServer\domains\localhost\study\application\views\grade_converter.php 27
ERROR - 2018-11-17 18:38:54 --> Severity: Notice --> Undefined index: key D:\OpenServer\domains\localhost\study\application\views\grade_converter.php 27
ERROR - 2018-11-17 18:38:54 --> Severity: Notice --> Undefined variable: lng D:\OpenServer\domains\localhost\study\application\views\grade_converter.php 27
ERROR - 2018-11-17 18:38:54 --> Severity: Notice --> Undefined index: key D:\OpenServer\domains\localhost\study\application\views\grade_converter.php 27
ERROR - 2018-11-17 18:38:54 --> Severity: Notice --> Undefined variable: lng D:\OpenServer\domains\localhost\study\application\views\grade_converter.php 27
ERROR - 2018-11-17 18:38:54 --> Severity: Notice --> Undefined index: key D:\OpenServer\domains\localhost\study\application\views\grade_converter.php 27
ERROR - 2018-11-17 18:38:54 --> Severity: Notice --> Undefined variable: lng D:\OpenServer\domains\localhost\study\application\views\grade_converter.php 27
ERROR - 2018-11-17 18:38:54 --> Severity: Notice --> Undefined index: key D:\OpenServer\domains\localhost\study\application\views\grade_converter.php 27
ERROR - 2018-11-17 18:39:12 --> Severity: Notice --> Undefined variable: lng D:\OpenServer\domains\localhost\study\application\views\grade_converter.php 27
ERROR - 2018-11-17 18:39:12 --> Severity: Notice --> Undefined index: key D:\OpenServer\domains\localhost\study\application\views\grade_converter.php 27
ERROR - 2018-11-17 18:39:12 --> Severity: Notice --> Undefined variable: lng D:\OpenServer\domains\localhost\study\application\views\grade_converter.php 27
ERROR - 2018-11-17 18:39:12 --> Severity: Notice --> Undefined index: key D:\OpenServer\domains\localhost\study\application\views\grade_converter.php 27
ERROR - 2018-11-17 18:39:12 --> Severity: Notice --> Undefined variable: lng D:\OpenServer\domains\localhost\study\application\views\grade_converter.php 27
ERROR - 2018-11-17 18:39:12 --> Severity: Notice --> Undefined index: key D:\OpenServer\domains\localhost\study\application\views\grade_converter.php 27
ERROR - 2018-11-17 18:39:12 --> Severity: Notice --> Undefined variable: lng D:\OpenServer\domains\localhost\study\application\views\grade_converter.php 27
ERROR - 2018-11-17 18:39:12 --> Severity: Notice --> Undefined index: key D:\OpenServer\domains\localhost\study\application\views\grade_converter.php 27
ERROR - 2018-11-17 18:39:14 --> Severity: Notice --> Undefined variable: lng D:\OpenServer\domains\localhost\study\application\views\grade_converter.php 27
ERROR - 2018-11-17 18:39:14 --> Severity: Notice --> Undefined index: key D:\OpenServer\domains\localhost\study\application\views\grade_converter.php 27
ERROR - 2018-11-17 18:39:14 --> Severity: Notice --> Undefined variable: lng D:\OpenServer\domains\localhost\study\application\views\grade_converter.php 27
ERROR - 2018-11-17 18:39:14 --> Severity: Notice --> Undefined index: key D:\OpenServer\domains\localhost\study\application\views\grade_converter.php 27
ERROR - 2018-11-17 18:39:14 --> Severity: Notice --> Undefined variable: lng D:\OpenServer\domains\localhost\study\application\views\grade_converter.php 27
ERROR - 2018-11-17 18:39:14 --> Severity: Notice --> Undefined index: key D:\OpenServer\domains\localhost\study\application\views\grade_converter.php 27
ERROR - 2018-11-17 18:39:14 --> Severity: Notice --> Undefined variable: lng D:\OpenServer\domains\localhost\study\application\views\grade_converter.php 27
ERROR - 2018-11-17 18:39:14 --> Severity: Notice --> Undefined index: key D:\OpenServer\domains\localhost\study\application\views\grade_converter.php 27
ERROR - 2018-11-17 18:39:16 --> Severity: Notice --> Undefined variable: lng D:\OpenServer\domains\localhost\study\application\views\grade_converter.php 27
ERROR - 2018-11-17 18:39:16 --> Severity: Notice --> Undefined index: key D:\OpenServer\domains\localhost\study\application\views\grade_converter.php 27
ERROR - 2018-11-17 18:39:16 --> Severity: Notice --> Undefined variable: lng D:\OpenServer\domains\localhost\study\application\views\grade_converter.php 27
ERROR - 2018-11-17 18:39:16 --> Severity: Notice --> Undefined index: key D:\OpenServer\domains\localhost\study\application\views\grade_converter.php 27
ERROR - 2018-11-17 18:39:16 --> Severity: Notice --> Undefined variable: lng D:\OpenServer\domains\localhost\study\application\views\grade_converter.php 27
ERROR - 2018-11-17 18:39:16 --> Severity: Notice --> Undefined index: key D:\OpenServer\domains\localhost\study\application\views\grade_converter.php 27
ERROR - 2018-11-17 18:39:16 --> Severity: Notice --> Undefined variable: lng D:\OpenServer\domains\localhost\study\application\views\grade_converter.php 27
ERROR - 2018-11-17 18:39:16 --> Severity: Notice --> Undefined index: key D:\OpenServer\domains\localhost\study\application\views\grade_converter.php 27
ERROR - 2018-11-17 18:39:17 --> Severity: Notice --> Undefined variable: lng D:\OpenServer\domains\localhost\study\application\views\grade_converter.php 27
ERROR - 2018-11-17 18:39:17 --> Severity: Notice --> Undefined index: key D:\OpenServer\domains\localhost\study\application\views\grade_converter.php 27
ERROR - 2018-11-17 18:39:17 --> Severity: Notice --> Undefined variable: lng D:\OpenServer\domains\localhost\study\application\views\grade_converter.php 27
ERROR - 2018-11-17 18:39:17 --> Severity: Notice --> Undefined index: key D:\OpenServer\domains\localhost\study\application\views\grade_converter.php 27
ERROR - 2018-11-17 18:39:17 --> Severity: Notice --> Undefined variable: lng D:\OpenServer\domains\localhost\study\application\views\grade_converter.php 27
ERROR - 2018-11-17 18:39:17 --> Severity: Notice --> Undefined index: key D:\OpenServer\domains\localhost\study\application\views\grade_converter.php 27
ERROR - 2018-11-17 18:39:17 --> Severity: Notice --> Undefined variable: lng D:\OpenServer\domains\localhost\study\application\views\grade_converter.php 27
ERROR - 2018-11-17 18:39:17 --> Severity: Notice --> Undefined index: key D:\OpenServer\domains\localhost\study\application\views\grade_converter.php 27
ERROR - 2018-11-17 18:39:17 --> Severity: Notice --> Undefined variable: lng D:\OpenServer\domains\localhost\study\application\views\grade_converter.php 27
ERROR - 2018-11-17 18:39:18 --> Severity: Notice --> Undefined index: key D:\OpenServer\domains\localhost\study\application\views\grade_converter.php 27
ERROR - 2018-11-17 18:39:18 --> Severity: Notice --> Undefined variable: lng D:\OpenServer\domains\localhost\study\application\views\grade_converter.php 27
ERROR - 2018-11-17 18:39:18 --> Severity: Notice --> Undefined index: key D:\OpenServer\domains\localhost\study\application\views\grade_converter.php 27
ERROR - 2018-11-17 18:39:18 --> Severity: Notice --> Undefined variable: lng D:\OpenServer\domains\localhost\study\application\views\grade_converter.php 27
ERROR - 2018-11-17 18:39:18 --> Severity: Notice --> Undefined index: key D:\OpenServer\domains\localhost\study\application\views\grade_converter.php 27
ERROR - 2018-11-17 18:39:18 --> Severity: Notice --> Undefined variable: lng D:\OpenServer\domains\localhost\study\application\views\grade_converter.php 27
ERROR - 2018-11-17 18:39:18 --> Severity: Notice --> Undefined index: key D:\OpenServer\domains\localhost\study\application\views\grade_converter.php 27
ERROR - 2018-11-17 18:39:18 --> Severity: Notice --> Undefined variable: lng D:\OpenServer\domains\localhost\study\application\views\grade_converter.php 27
ERROR - 2018-11-17 18:39:18 --> Severity: Notice --> Undefined index: key D:\OpenServer\domains\localhost\study\application\views\grade_converter.php 27
ERROR - 2018-11-17 18:39:18 --> Severity: Notice --> Undefined variable: lng D:\OpenServer\domains\localhost\study\application\views\grade_converter.php 27
ERROR - 2018-11-17 18:39:18 --> Severity: Notice --> Undefined index: key D:\OpenServer\domains\localhost\study\application\views\grade_converter.php 27
ERROR - 2018-11-17 18:39:18 --> Severity: Notice --> Undefined variable: lng D:\OpenServer\domains\localhost\study\application\views\grade_converter.php 27
ERROR - 2018-11-17 18:39:18 --> Severity: Notice --> Undefined index: key D:\OpenServer\domains\localhost\study\application\views\grade_converter.php 27
ERROR - 2018-11-17 18:39:18 --> Severity: Notice --> Undefined variable: lng D:\OpenServer\domains\localhost\study\application\views\grade_converter.php 27
ERROR - 2018-11-17 18:39:18 --> Severity: Notice --> Undefined index: key D:\OpenServer\domains\localhost\study\application\views\grade_converter.php 27
ERROR - 2018-11-17 18:39:18 --> Severity: Notice --> Undefined variable: lng D:\OpenServer\domains\localhost\study\application\views\grade_converter.php 27
ERROR - 2018-11-17 18:39:18 --> Severity: Notice --> Undefined index: key D:\OpenServer\domains\localhost\study\application\views\grade_converter.php 27
ERROR - 2018-11-17 18:39:19 --> Severity: Notice --> Undefined variable: lng D:\OpenServer\domains\localhost\study\application\views\grade_converter.php 27
ERROR - 2018-11-17 18:39:19 --> Severity: Notice --> Undefined index: key D:\OpenServer\domains\localhost\study\application\views\grade_converter.php 27
ERROR - 2018-11-17 18:39:19 --> Severity: Notice --> Undefined variable: lng D:\OpenServer\domains\localhost\study\application\views\grade_converter.php 27
ERROR - 2018-11-17 18:39:19 --> Severity: Notice --> Undefined index: key D:\OpenServer\domains\localhost\study\application\views\grade_converter.php 27
ERROR - 2018-11-17 18:39:19 --> Severity: Notice --> Undefined variable: lng D:\OpenServer\domains\localhost\study\application\views\grade_converter.php 27
ERROR - 2018-11-17 18:39:19 --> Severity: Notice --> Undefined index: key D:\OpenServer\domains\localhost\study\application\views\grade_converter.php 27
ERROR - 2018-11-17 18:39:19 --> Severity: Notice --> Undefined variable: lng D:\OpenServer\domains\localhost\study\application\views\grade_converter.php 27
ERROR - 2018-11-17 18:39:19 --> Severity: Notice --> Undefined index: key D:\OpenServer\domains\localhost\study\application\views\grade_converter.php 27
ERROR - 2018-11-17 18:39:19 --> Severity: Notice --> Undefined variable: lng D:\OpenServer\domains\localhost\study\application\views\grade_converter.php 27
ERROR - 2018-11-17 18:39:19 --> Severity: Notice --> Undefined index: key D:\OpenServer\domains\localhost\study\application\views\grade_converter.php 27
ERROR - 2018-11-17 18:39:19 --> Severity: Notice --> Undefined variable: lng D:\OpenServer\domains\localhost\study\application\views\grade_converter.php 27
ERROR - 2018-11-17 18:39:19 --> Severity: Notice --> Undefined index: key D:\OpenServer\domains\localhost\study\application\views\grade_converter.php 27
ERROR - 2018-11-17 18:39:19 --> Severity: Notice --> Undefined variable: lng D:\OpenServer\domains\localhost\study\application\views\grade_converter.php 27
ERROR - 2018-11-17 18:39:19 --> Severity: Notice --> Undefined index: key D:\OpenServer\domains\localhost\study\application\views\grade_converter.php 27
ERROR - 2018-11-17 18:39:19 --> Severity: Notice --> Undefined variable: lng D:\OpenServer\domains\localhost\study\application\views\grade_converter.php 27
ERROR - 2018-11-17 18:39:19 --> Severity: Notice --> Undefined index: key D:\OpenServer\domains\localhost\study\application\views\grade_converter.php 27
ERROR - 2018-11-17 18:39:19 --> Severity: Notice --> Undefined variable: lng D:\OpenServer\domains\localhost\study\application\views\grade_converter.php 27
ERROR - 2018-11-17 18:39:19 --> Severity: Notice --> Undefined index: key D:\OpenServer\domains\localhost\study\application\views\grade_converter.php 27
ERROR - 2018-11-17 18:39:19 --> Severity: Notice --> Undefined variable: lng D:\OpenServer\domains\localhost\study\application\views\grade_converter.php 27
ERROR - 2018-11-17 18:39:19 --> Severity: Notice --> Undefined index: key D:\OpenServer\domains\localhost\study\application\views\grade_converter.php 27
ERROR - 2018-11-17 18:39:19 --> Severity: Notice --> Undefined variable: lng D:\OpenServer\domains\localhost\study\application\views\grade_converter.php 27
ERROR - 2018-11-17 18:39:19 --> Severity: Notice --> Undefined index: key D:\OpenServer\domains\localhost\study\application\views\grade_converter.php 27
ERROR - 2018-11-17 18:39:19 --> Severity: Notice --> Undefined variable: lng D:\OpenServer\domains\localhost\study\application\views\grade_converter.php 27
ERROR - 2018-11-17 18:39:19 --> Severity: Notice --> Undefined index: key D:\OpenServer\domains\localhost\study\application\views\grade_converter.php 27
ERROR - 2018-11-17 18:39:19 --> Severity: Notice --> Undefined variable: lng D:\OpenServer\domains\localhost\study\application\views\grade_converter.php 27
ERROR - 2018-11-17 18:39:19 --> Severity: Notice --> Undefined index: key D:\OpenServer\domains\localhost\study\application\views\grade_converter.php 27
ERROR - 2018-11-17 18:39:19 --> Severity: Notice --> Undefined variable: lng D:\OpenServer\domains\localhost\study\application\views\grade_converter.php 27
ERROR - 2018-11-17 18:39:19 --> Severity: Notice --> Undefined index: key D:\OpenServer\domains\localhost\study\application\views\grade_converter.php 27
ERROR - 2018-11-17 18:39:19 --> Severity: Notice --> Undefined variable: lng D:\OpenServer\domains\localhost\study\application\views\grade_converter.php 27
ERROR - 2018-11-17 18:39:19 --> Severity: Notice --> Undefined index: key D:\OpenServer\domains\localhost\study\application\views\grade_converter.php 27
ERROR - 2018-11-17 18:39:19 --> Severity: Notice --> Undefined variable: lng D:\OpenServer\domains\localhost\study\application\views\grade_converter.php 27
ERROR - 2018-11-17 18:39:19 --> Severity: Notice --> Undefined index: key D:\OpenServer\domains\localhost\study\application\views\grade_converter.php 27
ERROR - 2018-11-17 18:39:19 --> Severity: Notice --> Undefined variable: lng D:\OpenServer\domains\localhost\study\application\views\grade_converter.php 27
ERROR - 2018-11-17 18:39:19 --> Severity: Notice --> Undefined index: key D:\OpenServer\domains\localhost\study\application\views\grade_converter.php 27
ERROR - 2018-11-17 18:39:20 --> Severity: Notice --> Undefined variable: lng D:\OpenServer\domains\localhost\study\application\views\grade_converter.php 27
ERROR - 2018-11-17 18:39:20 --> Severity: Notice --> Undefined index: key D:\OpenServer\domains\localhost\study\application\views\grade_converter.php 27
ERROR - 2018-11-17 18:39:20 --> Severity: Notice --> Undefined variable: lng D:\OpenServer\domains\localhost\study\application\views\grade_converter.php 27
ERROR - 2018-11-17 18:39:20 --> Severity: Notice --> Undefined index: key D:\OpenServer\domains\localhost\study\application\views\grade_converter.php 27
ERROR - 2018-11-17 18:39:20 --> Severity: Notice --> Undefined variable: lng D:\OpenServer\domains\localhost\study\application\views\grade_converter.php 27
ERROR - 2018-11-17 18:39:20 --> Severity: Notice --> Undefined index: key D:\OpenServer\domains\localhost\study\application\views\grade_converter.php 27
ERROR - 2018-11-17 18:39:20 --> Severity: Notice --> Undefined variable: lng D:\OpenServer\domains\localhost\study\application\views\grade_converter.php 27
ERROR - 2018-11-17 18:39:20 --> Severity: Notice --> Undefined index: key D:\OpenServer\domains\localhost\study\application\views\grade_converter.php 27
ERROR - 2018-11-17 18:39:20 --> Severity: Notice --> Undefined variable: lng D:\OpenServer\domains\localhost\study\application\views\grade_converter.php 27
ERROR - 2018-11-17 18:39:20 --> Severity: Notice --> Undefined index: key D:\OpenServer\domains\localhost\study\application\views\grade_converter.php 27
ERROR - 2018-11-17 18:39:20 --> Severity: Notice --> Undefined variable: lng D:\OpenServer\domains\localhost\study\application\views\grade_converter.php 27
ERROR - 2018-11-17 18:39:20 --> Severity: Notice --> Undefined index: key D:\OpenServer\domains\localhost\study\application\views\grade_converter.php 27
ERROR - 2018-11-17 18:39:20 --> Severity: Notice --> Undefined variable: lng D:\OpenServer\domains\localhost\study\application\views\grade_converter.php 27
ERROR - 2018-11-17 18:39:20 --> Severity: Notice --> Undefined index: key D:\OpenServer\domains\localhost\study\application\views\grade_converter.php 27
ERROR - 2018-11-17 18:39:20 --> Severity: Notice --> Undefined variable: lng D:\OpenServer\domains\localhost\study\application\views\grade_converter.php 27
ERROR - 2018-11-17 18:39:20 --> Severity: Notice --> Undefined index: key D:\OpenServer\domains\localhost\study\application\views\grade_converter.php 27
ERROR - 2018-11-17 18:39:20 --> Severity: Notice --> Undefined variable: lng D:\OpenServer\domains\localhost\study\application\views\grade_converter.php 27
ERROR - 2018-11-17 18:39:20 --> Severity: Notice --> Undefined index: key D:\OpenServer\domains\localhost\study\application\views\grade_converter.php 27
ERROR - 2018-11-17 18:39:20 --> Severity: Notice --> Undefined variable: lng D:\OpenServer\domains\localhost\study\application\views\grade_converter.php 27
ERROR - 2018-11-17 18:39:20 --> Severity: Notice --> Undefined index: key D:\OpenServer\domains\localhost\study\application\views\grade_converter.php 27
ERROR - 2018-11-17 18:39:20 --> Severity: Notice --> Undefined variable: lng D:\OpenServer\domains\localhost\study\application\views\grade_converter.php 27
ERROR - 2018-11-17 18:39:20 --> Severity: Notice --> Undefined index: key D:\OpenServer\domains\localhost\study\application\views\grade_converter.php 27
ERROR - 2018-11-17 18:39:20 --> Severity: Notice --> Undefined variable: lng D:\OpenServer\domains\localhost\study\application\views\grade_converter.php 27
ERROR - 2018-11-17 18:39:20 --> Severity: Notice --> Undefined index: key D:\OpenServer\domains\localhost\study\application\views\grade_converter.php 27
ERROR - 2018-11-17 18:39:20 --> Severity: Notice --> Undefined variable: lng D:\OpenServer\domains\localhost\study\application\views\grade_converter.php 27
ERROR - 2018-11-17 18:39:20 --> Severity: Notice --> Undefined index: key D:\OpenServer\domains\localhost\study\application\views\grade_converter.php 27
ERROR - 2018-11-17 18:39:20 --> Severity: Notice --> Undefined variable: lng D:\OpenServer\domains\localhost\study\application\views\grade_converter.php 27
ERROR - 2018-11-17 18:39:20 --> Severity: Notice --> Undefined index: key D:\OpenServer\domains\localhost\study\application\views\grade_converter.php 27
ERROR - 2018-11-17 18:39:20 --> Severity: Notice --> Undefined variable: lng D:\OpenServer\domains\localhost\study\application\views\grade_converter.php 27
ERROR - 2018-11-17 18:39:20 --> Severity: Notice --> Undefined index: key D:\OpenServer\domains\localhost\study\application\views\grade_converter.php 27
ERROR - 2018-11-17 18:39:20 --> Severity: Notice --> Undefined variable: lng D:\OpenServer\domains\localhost\study\application\views\grade_converter.php 27
ERROR - 2018-11-17 18:39:20 --> Severity: Notice --> Undefined index: key D:\OpenServer\domains\localhost\study\application\views\grade_converter.php 27
ERROR - 2018-11-17 18:39:20 --> Severity: Notice --> Undefined variable: lng D:\OpenServer\domains\localhost\study\application\views\grade_converter.php 27
ERROR - 2018-11-17 18:39:20 --> Severity: Notice --> Undefined index: key D:\OpenServer\domains\localhost\study\application\views\grade_converter.php 27
ERROR - 2018-11-17 18:39:20 --> Severity: Notice --> Undefined variable: lng D:\OpenServer\domains\localhost\study\application\views\grade_converter.php 27
ERROR - 2018-11-17 18:39:20 --> Severity: Notice --> Undefined index: key D:\OpenServer\domains\localhost\study\application\views\grade_converter.php 27
ERROR - 2018-11-17 18:39:45 --> Severity: Notice --> Undefined variable: lng D:\OpenServer\domains\localhost\study\application\views\grade_converter.php 27
ERROR - 2018-11-17 18:39:45 --> Severity: Notice --> Undefined variable: lng D:\OpenServer\domains\localhost\study\application\views\grade_converter.php 27
ERROR - 2018-11-17 18:39:45 --> Severity: Notice --> Undefined variable: lng D:\OpenServer\domains\localhost\study\application\views\grade_converter.php 27
ERROR - 2018-11-17 18:39:46 --> Severity: Notice --> Undefined variable: lng D:\OpenServer\domains\localhost\study\application\views\grade_converter.php 27
ERROR - 2018-11-17 18:40:21 --> Severity: Notice --> Undefined variable: lng D:\OpenServer\domains\localhost\study\application\views\grade_converter.php 27
ERROR - 2018-11-17 18:40:21 --> Severity: Notice --> Undefined variable: lng D:\OpenServer\domains\localhost\study\application\views\grade_converter.php 27
ERROR - 2018-11-17 18:40:21 --> Severity: Notice --> Undefined variable: lng D:\OpenServer\domains\localhost\study\application\views\grade_converter.php 27
ERROR - 2018-11-17 18:40:21 --> Severity: Notice --> Undefined variable: lng D:\OpenServer\domains\localhost\study\application\views\grade_converter.php 27
ERROR - 2018-11-17 18:40:21 --> Severity: Notice --> Undefined variable: lng D:\OpenServer\domains\localhost\study\application\views\grade_converter.php 27
ERROR - 2018-11-17 18:40:21 --> Severity: Notice --> Undefined variable: lng D:\OpenServer\domains\localhost\study\application\views\grade_converter.php 27
ERROR - 2018-11-17 18:40:21 --> Severity: Notice --> Undefined variable: lng D:\OpenServer\domains\localhost\study\application\views\grade_converter.php 27
ERROR - 2018-11-17 18:40:22 --> Severity: Notice --> Undefined variable: lng D:\OpenServer\domains\localhost\study\application\views\grade_converter.php 27
ERROR - 2018-11-17 18:40:22 --> Severity: Notice --> Undefined variable: lng D:\OpenServer\domains\localhost\study\application\views\grade_converter.php 27
ERROR - 2018-11-17 18:40:22 --> Severity: Notice --> Undefined variable: lng D:\OpenServer\domains\localhost\study\application\views\grade_converter.php 27
ERROR - 2018-11-17 18:40:22 --> Severity: Notice --> Undefined variable: lng D:\OpenServer\domains\localhost\study\application\views\grade_converter.php 27
ERROR - 2018-11-17 18:40:22 --> Severity: Notice --> Undefined variable: lng D:\OpenServer\domains\localhost\study\application\views\grade_converter.php 27
ERROR - 2018-11-17 18:40:22 --> Severity: Notice --> Undefined variable: lng D:\OpenServer\domains\localhost\study\application\views\grade_converter.php 27
ERROR - 2018-11-17 18:40:22 --> Severity: Notice --> Undefined variable: lng D:\OpenServer\domains\localhost\study\application\views\grade_converter.php 27
ERROR - 2018-11-17 18:40:22 --> Severity: Notice --> Undefined variable: lng D:\OpenServer\domains\localhost\study\application\views\grade_converter.php 27
ERROR - 2018-11-17 18:40:22 --> Severity: Notice --> Undefined variable: lng D:\OpenServer\domains\localhost\study\application\views\grade_converter.php 27
ERROR - 2018-11-17 18:40:22 --> Severity: Notice --> Undefined variable: lng D:\OpenServer\domains\localhost\study\application\views\grade_converter.php 27
ERROR - 2018-11-17 18:40:22 --> Severity: Notice --> Undefined variable: lng D:\OpenServer\domains\localhost\study\application\views\grade_converter.php 27
ERROR - 2018-11-17 18:40:22 --> Severity: Notice --> Undefined variable: lng D:\OpenServer\domains\localhost\study\application\views\grade_converter.php 27
ERROR - 2018-11-17 18:40:22 --> Severity: Notice --> Undefined variable: lng D:\OpenServer\domains\localhost\study\application\views\grade_converter.php 27
ERROR - 2018-11-17 18:40:22 --> Severity: Notice --> Undefined variable: lng D:\OpenServer\domains\localhost\study\application\views\grade_converter.php 27
ERROR - 2018-11-17 18:40:22 --> Severity: Notice --> Undefined variable: lng D:\OpenServer\domains\localhost\study\application\views\grade_converter.php 27
ERROR - 2018-11-17 18:40:22 --> Severity: Notice --> Undefined variable: lng D:\OpenServer\domains\localhost\study\application\views\grade_converter.php 27
ERROR - 2018-11-17 18:40:22 --> Severity: Notice --> Undefined variable: lng D:\OpenServer\domains\localhost\study\application\views\grade_converter.php 27
ERROR - 2018-11-17 18:40:22 --> Severity: Notice --> Undefined variable: lng D:\OpenServer\domains\localhost\study\application\views\grade_converter.php 27
ERROR - 2018-11-17 18:40:22 --> Severity: Notice --> Undefined variable: lng D:\OpenServer\domains\localhost\study\application\views\grade_converter.php 27
ERROR - 2018-11-17 18:40:22 --> Severity: Notice --> Undefined variable: lng D:\OpenServer\domains\localhost\study\application\views\grade_converter.php 27
ERROR - 2018-11-17 18:40:22 --> Severity: Notice --> Undefined variable: lng D:\OpenServer\domains\localhost\study\application\views\grade_converter.php 27
ERROR - 2018-11-17 18:40:22 --> Severity: Notice --> Undefined variable: lng D:\OpenServer\domains\localhost\study\application\views\grade_converter.php 27
ERROR - 2018-11-17 18:40:22 --> Severity: Notice --> Undefined variable: lng D:\OpenServer\domains\localhost\study\application\views\grade_converter.php 27
ERROR - 2018-11-17 18:40:22 --> Severity: Notice --> Undefined variable: lng D:\OpenServer\domains\localhost\study\application\views\grade_converter.php 27
ERROR - 2018-11-17 18:40:22 --> Severity: Notice --> Undefined variable: lng D:\OpenServer\domains\localhost\study\application\views\grade_converter.php 27
ERROR - 2018-11-17 18:40:22 --> Severity: Notice --> Undefined variable: lng D:\OpenServer\domains\localhost\study\application\views\grade_converter.php 27
ERROR - 2018-11-17 18:40:22 --> Severity: Notice --> Undefined variable: lng D:\OpenServer\domains\localhost\study\application\views\grade_converter.php 27
ERROR - 2018-11-17 18:40:22 --> Severity: Notice --> Undefined variable: lng D:\OpenServer\domains\localhost\study\application\views\grade_converter.php 27
ERROR - 2018-11-17 18:40:22 --> Severity: Notice --> Undefined variable: lng D:\OpenServer\domains\localhost\study\application\views\grade_converter.php 27
ERROR - 2018-11-17 18:40:23 --> Severity: Notice --> Undefined variable: lng D:\OpenServer\domains\localhost\study\application\views\grade_converter.php 27
ERROR - 2018-11-17 18:40:23 --> Severity: Notice --> Undefined variable: lng D:\OpenServer\domains\localhost\study\application\views\grade_converter.php 27
ERROR - 2018-11-17 18:40:23 --> Severity: Notice --> Undefined variable: lng D:\OpenServer\domains\localhost\study\application\views\grade_converter.php 27
ERROR - 2018-11-17 18:40:23 --> Severity: Notice --> Undefined variable: lng D:\OpenServer\domains\localhost\study\application\views\grade_converter.php 27
ERROR - 2018-11-17 18:40:23 --> Severity: Notice --> Undefined variable: lng D:\OpenServer\domains\localhost\study\application\views\grade_converter.php 27
ERROR - 2018-11-17 18:40:23 --> Severity: Notice --> Undefined variable: lng D:\OpenServer\domains\localhost\study\application\views\grade_converter.php 27
ERROR - 2018-11-17 18:40:23 --> Severity: Notice --> Undefined variable: lng D:\OpenServer\domains\localhost\study\application\views\grade_converter.php 27
ERROR - 2018-11-17 18:40:23 --> Severity: Notice --> Undefined variable: lng D:\OpenServer\domains\localhost\study\application\views\grade_converter.php 27
ERROR - 2018-11-17 18:40:23 --> Severity: Notice --> Undefined variable: lng D:\OpenServer\domains\localhost\study\application\views\grade_converter.php 27
ERROR - 2018-11-17 18:40:23 --> Severity: Notice --> Undefined variable: lng D:\OpenServer\domains\localhost\study\application\views\grade_converter.php 27
ERROR - 2018-11-17 18:40:23 --> Severity: Notice --> Undefined variable: lng D:\OpenServer\domains\localhost\study\application\views\grade_converter.php 27
ERROR - 2018-11-17 18:40:23 --> Severity: Notice --> Undefined variable: lng D:\OpenServer\domains\localhost\study\application\views\grade_converter.php 27
ERROR - 2018-11-17 18:40:23 --> Severity: Notice --> Undefined variable: lng D:\OpenServer\domains\localhost\study\application\views\grade_converter.php 27
ERROR - 2018-11-17 18:40:23 --> Severity: Notice --> Undefined variable: lng D:\OpenServer\domains\localhost\study\application\views\grade_converter.php 27
ERROR - 2018-11-17 18:40:23 --> Severity: Notice --> Undefined variable: lng D:\OpenServer\domains\localhost\study\application\views\grade_converter.php 27
ERROR - 2018-11-17 18:40:23 --> Severity: Notice --> Undefined variable: lng D:\OpenServer\domains\localhost\study\application\views\grade_converter.php 27
ERROR - 2018-11-17 18:40:23 --> Severity: Notice --> Undefined variable: lng D:\OpenServer\domains\localhost\study\application\views\grade_converter.php 27
ERROR - 2018-11-17 18:40:23 --> Severity: Notice --> Undefined variable: lng D:\OpenServer\domains\localhost\study\application\views\grade_converter.php 27
ERROR - 2018-11-17 18:40:23 --> Severity: Notice --> Undefined variable: lng D:\OpenServer\domains\localhost\study\application\views\grade_converter.php 27
ERROR - 2018-11-17 18:40:23 --> Severity: Notice --> Undefined variable: lng D:\OpenServer\domains\localhost\study\application\views\grade_converter.php 27
ERROR - 2018-11-17 18:40:23 --> Severity: Notice --> Undefined variable: lng D:\OpenServer\domains\localhost\study\application\views\grade_converter.php 27
ERROR - 2018-11-17 18:40:23 --> Severity: Notice --> Undefined variable: lng D:\OpenServer\domains\localhost\study\application\views\grade_converter.php 27
ERROR - 2018-11-17 18:40:23 --> Severity: Notice --> Undefined variable: lng D:\OpenServer\domains\localhost\study\application\views\grade_converter.php 27
ERROR - 2018-11-17 18:40:23 --> Severity: Notice --> Undefined variable: lng D:\OpenServer\domains\localhost\study\application\views\grade_converter.php 27
ERROR - 2018-11-17 18:40:23 --> Severity: Notice --> Undefined variable: lng D:\OpenServer\domains\localhost\study\application\views\grade_converter.php 27
ERROR - 2018-11-17 18:40:23 --> Severity: Notice --> Undefined variable: lng D:\OpenServer\domains\localhost\study\application\views\grade_converter.php 27
ERROR - 2018-11-17 18:40:23 --> Severity: Notice --> Undefined variable: lng D:\OpenServer\domains\localhost\study\application\views\grade_converter.php 27
ERROR - 2018-11-17 18:40:24 --> Severity: Notice --> Undefined variable: lng D:\OpenServer\domains\localhost\study\application\views\grade_converter.php 27
ERROR - 2018-11-17 18:40:24 --> Severity: Notice --> Undefined variable: lng D:\OpenServer\domains\localhost\study\application\views\grade_converter.php 27
ERROR - 2018-11-17 18:40:24 --> Severity: Notice --> Undefined variable: lng D:\OpenServer\domains\localhost\study\application\views\grade_converter.php 27
ERROR - 2018-11-17 18:40:24 --> Severity: Notice --> Undefined variable: lng D:\OpenServer\domains\localhost\study\application\views\grade_converter.php 27
ERROR - 2018-11-17 18:40:24 --> Severity: Notice --> Undefined variable: lng D:\OpenServer\domains\localhost\study\application\views\grade_converter.php 27
ERROR - 2018-11-17 18:40:24 --> Severity: Notice --> Undefined variable: lng D:\OpenServer\domains\localhost\study\application\views\grade_converter.php 27
ERROR - 2018-11-17 18:40:24 --> Severity: Notice --> Undefined variable: lng D:\OpenServer\domains\localhost\study\application\views\grade_converter.php 27
ERROR - 2018-11-17 18:40:24 --> Severity: Notice --> Undefined variable: lng D:\OpenServer\domains\localhost\study\application\views\grade_converter.php 27
ERROR - 2018-11-17 18:40:24 --> Severity: Notice --> Undefined variable: lng D:\OpenServer\domains\localhost\study\application\views\grade_converter.php 27
ERROR - 2018-11-17 18:40:24 --> Severity: Notice --> Undefined variable: lng D:\OpenServer\domains\localhost\study\application\views\grade_converter.php 27
ERROR - 2018-11-17 18:40:24 --> Severity: Notice --> Undefined variable: lng D:\OpenServer\domains\localhost\study\application\views\grade_converter.php 27
ERROR - 2018-11-17 18:40:24 --> Severity: Notice --> Undefined variable: lng D:\OpenServer\domains\localhost\study\application\views\grade_converter.php 27
ERROR - 2018-11-17 18:40:24 --> Severity: Notice --> Undefined variable: lng D:\OpenServer\domains\localhost\study\application\views\grade_converter.php 27
ERROR - 2018-11-17 18:40:24 --> Severity: Notice --> Undefined variable: lng D:\OpenServer\domains\localhost\study\application\views\grade_converter.php 27
ERROR - 2018-11-17 18:40:24 --> Severity: Notice --> Undefined variable: lng D:\OpenServer\domains\localhost\study\application\views\grade_converter.php 27
ERROR - 2018-11-17 18:40:24 --> Severity: Notice --> Undefined variable: lng D:\OpenServer\domains\localhost\study\application\views\grade_converter.php 27
ERROR - 2018-11-17 18:40:24 --> Severity: Notice --> Undefined variable: lng D:\OpenServer\domains\localhost\study\application\views\grade_converter.php 27
ERROR - 2018-11-17 18:40:24 --> Severity: Notice --> Undefined variable: lng D:\OpenServer\domains\localhost\study\application\views\grade_converter.php 27
ERROR - 2018-11-17 18:40:24 --> Severity: Notice --> Undefined variable: lng D:\OpenServer\domains\localhost\study\application\views\grade_converter.php 27
ERROR - 2018-11-17 18:40:24 --> Severity: Notice --> Undefined variable: lng D:\OpenServer\domains\localhost\study\application\views\grade_converter.php 27
ERROR - 2018-11-17 18:40:24 --> Severity: Notice --> Undefined variable: lng D:\OpenServer\domains\localhost\study\application\views\grade_converter.php 27
ERROR - 2018-11-17 18:40:24 --> Severity: Notice --> Undefined variable: lng D:\OpenServer\domains\localhost\study\application\views\grade_converter.php 27
ERROR - 2018-11-17 18:40:24 --> Severity: Notice --> Undefined variable: lng D:\OpenServer\domains\localhost\study\application\views\grade_converter.php 27
ERROR - 2018-11-17 18:40:24 --> Severity: Notice --> Undefined variable: lng D:\OpenServer\domains\localhost\study\application\views\grade_converter.php 27
ERROR - 2018-11-17 18:40:24 --> Severity: Notice --> Undefined variable: lng D:\OpenServer\domains\localhost\study\application\views\grade_converter.php 27
ERROR - 2018-11-17 18:40:25 --> Severity: Notice --> Undefined variable: lng D:\OpenServer\domains\localhost\study\application\views\grade_converter.php 27
ERROR - 2018-11-17 18:40:25 --> Severity: Notice --> Undefined variable: lng D:\OpenServer\domains\localhost\study\application\views\grade_converter.php 27
ERROR - 2018-11-17 18:40:25 --> Severity: Notice --> Undefined variable: lng D:\OpenServer\domains\localhost\study\application\views\grade_converter.php 27
ERROR - 2018-11-17 18:40:25 --> Severity: Notice --> Undefined variable: lng D:\OpenServer\domains\localhost\study\application\views\grade_converter.php 27
ERROR - 2018-11-17 18:40:25 --> Severity: Notice --> Undefined variable: lng D:\OpenServer\domains\localhost\study\application\views\grade_converter.php 27
ERROR - 2018-11-17 18:40:25 --> Severity: Notice --> Undefined variable: lng D:\OpenServer\domains\localhost\study\application\views\grade_converter.php 27
ERROR - 2018-11-17 18:40:25 --> Severity: Notice --> Undefined variable: lng D:\OpenServer\domains\localhost\study\application\views\grade_converter.php 27
ERROR - 2018-11-17 18:40:25 --> Severity: Notice --> Undefined variable: lng D:\OpenServer\domains\localhost\study\application\views\grade_converter.php 27
ERROR - 2018-11-17 18:40:25 --> Severity: Notice --> Undefined variable: lng D:\OpenServer\domains\localhost\study\application\views\grade_converter.php 27
ERROR - 2018-11-17 18:40:25 --> Severity: Notice --> Undefined variable: lng D:\OpenServer\domains\localhost\study\application\views\grade_converter.php 27
ERROR - 2018-11-17 18:40:25 --> Severity: Notice --> Undefined variable: lng D:\OpenServer\domains\localhost\study\application\views\grade_converter.php 27
ERROR - 2018-11-17 18:40:25 --> Severity: Notice --> Undefined variable: lng D:\OpenServer\domains\localhost\study\application\views\grade_converter.php 27
ERROR - 2018-11-17 18:40:25 --> Severity: Notice --> Undefined variable: lng D:\OpenServer\domains\localhost\study\application\views\grade_converter.php 27
ERROR - 2018-11-17 18:40:25 --> Severity: Notice --> Undefined variable: lng D:\OpenServer\domains\localhost\study\application\views\grade_converter.php 27
ERROR - 2018-11-17 18:40:25 --> Severity: Notice --> Undefined variable: lng D:\OpenServer\domains\localhost\study\application\views\grade_converter.php 27
ERROR - 2018-11-17 18:40:25 --> Severity: Notice --> Undefined variable: lng D:\OpenServer\domains\localhost\study\application\views\grade_converter.php 27
ERROR - 2018-11-17 18:40:25 --> Severity: Notice --> Undefined variable: lng D:\OpenServer\domains\localhost\study\application\views\grade_converter.php 27
ERROR - 2018-11-17 18:40:25 --> Severity: Notice --> Undefined variable: lng D:\OpenServer\domains\localhost\study\application\views\grade_converter.php 27
ERROR - 2018-11-17 18:40:25 --> Severity: Notice --> Undefined variable: lng D:\OpenServer\domains\localhost\study\application\views\grade_converter.php 27
ERROR - 2018-11-17 18:40:25 --> Severity: Notice --> Undefined variable: lng D:\OpenServer\domains\localhost\study\application\views\grade_converter.php 27
ERROR - 2018-11-17 18:40:25 --> Severity: Notice --> Undefined variable: lng D:\OpenServer\domains\localhost\study\application\views\grade_converter.php 27
ERROR - 2018-11-17 18:40:25 --> Severity: Notice --> Undefined variable: lng D:\OpenServer\domains\localhost\study\application\views\grade_converter.php 27
ERROR - 2018-11-17 18:40:26 --> Severity: Notice --> Undefined variable: lng D:\OpenServer\domains\localhost\study\application\views\grade_converter.php 27
ERROR - 2018-11-17 18:40:26 --> Severity: Notice --> Undefined variable: lng D:\OpenServer\domains\localhost\study\application\views\grade_converter.php 27
ERROR - 2018-11-17 18:40:26 --> Severity: Notice --> Undefined variable: lng D:\OpenServer\domains\localhost\study\application\views\grade_converter.php 27
ERROR - 2018-11-17 18:40:26 --> Severity: Notice --> Undefined variable: lng D:\OpenServer\domains\localhost\study\application\views\grade_converter.php 27
ERROR - 2018-11-17 18:40:26 --> Severity: Notice --> Undefined variable: lng D:\OpenServer\domains\localhost\study\application\views\grade_converter.php 27
ERROR - 2018-11-17 18:40:26 --> Severity: Notice --> Undefined variable: lng D:\OpenServer\domains\localhost\study\application\views\grade_converter.php 27
ERROR - 2018-11-17 18:40:26 --> Severity: Notice --> Undefined variable: lng D:\OpenServer\domains\localhost\study\application\views\grade_converter.php 27
ERROR - 2018-11-17 18:40:26 --> Severity: Notice --> Undefined variable: lng D:\OpenServer\domains\localhost\study\application\views\grade_converter.php 27
ERROR - 2018-11-17 18:40:26 --> Severity: Notice --> Undefined variable: lng D:\OpenServer\domains\localhost\study\application\views\grade_converter.php 27
ERROR - 2018-11-17 18:40:26 --> Severity: Notice --> Undefined variable: lng D:\OpenServer\domains\localhost\study\application\views\grade_converter.php 27
ERROR - 2018-11-17 18:40:26 --> Severity: Notice --> Undefined variable: lng D:\OpenServer\domains\localhost\study\application\views\grade_converter.php 27
ERROR - 2018-11-17 18:40:26 --> Severity: Notice --> Undefined variable: lng D:\OpenServer\domains\localhost\study\application\views\grade_converter.php 27
ERROR - 2018-11-17 18:40:26 --> Severity: Notice --> Undefined variable: lng D:\OpenServer\domains\localhost\study\application\views\grade_converter.php 27
ERROR - 2018-11-17 18:40:26 --> Severity: Notice --> Undefined variable: lng D:\OpenServer\domains\localhost\study\application\views\grade_converter.php 27
ERROR - 2018-11-17 18:40:26 --> Severity: Notice --> Undefined variable: lng D:\OpenServer\domains\localhost\study\application\views\grade_converter.php 27
ERROR - 2018-11-17 18:40:26 --> Severity: Notice --> Undefined variable: lng D:\OpenServer\domains\localhost\study\application\views\grade_converter.php 27
ERROR - 2018-11-17 18:40:26 --> Severity: Notice --> Undefined variable: lng D:\OpenServer\domains\localhost\study\application\views\grade_converter.php 27
ERROR - 2018-11-17 18:40:26 --> Severity: Notice --> Undefined variable: lng D:\OpenServer\domains\localhost\study\application\views\grade_converter.php 27
ERROR - 2018-11-17 18:40:49 --> Severity: Notice --> Undefined variable: lng D:\OpenServer\domains\localhost\study\application\views\grade_converter.php 27
ERROR - 2018-11-17 18:40:49 --> Severity: Notice --> Undefined variable: lng D:\OpenServer\domains\localhost\study\application\views\grade_converter.php 27
ERROR - 2018-11-17 18:40:49 --> Severity: Notice --> Undefined variable: lng D:\OpenServer\domains\localhost\study\application\views\grade_converter.php 27
ERROR - 2018-11-17 18:40:49 --> Severity: Notice --> Undefined variable: lng D:\OpenServer\domains\localhost\study\application\views\grade_converter.php 27
ERROR - 2018-11-17 18:41:20 --> Severity: Notice --> Undefined variable: lng D:\OpenServer\domains\localhost\study\application\views\grade_converter.php 27
ERROR - 2018-11-17 18:41:20 --> Severity: Notice --> Undefined variable: lng D:\OpenServer\domains\localhost\study\application\views\grade_converter.php 27
ERROR - 2018-11-17 18:41:20 --> Severity: Notice --> Undefined variable: lng D:\OpenServer\domains\localhost\study\application\views\grade_converter.php 27
ERROR - 2018-11-17 18:41:20 --> Severity: Notice --> Undefined variable: lng D:\OpenServer\domains\localhost\study\application\views\grade_converter.php 27
ERROR - 2018-11-17 18:41:21 --> Severity: Notice --> Undefined variable: lng D:\OpenServer\domains\localhost\study\application\views\grade_converter.php 27
ERROR - 2018-11-17 18:41:21 --> Severity: Notice --> Undefined variable: lng D:\OpenServer\domains\localhost\study\application\views\grade_converter.php 27
ERROR - 2018-11-17 18:41:21 --> Severity: Notice --> Undefined variable: lng D:\OpenServer\domains\localhost\study\application\views\grade_converter.php 27
ERROR - 2018-11-17 18:41:21 --> Severity: Notice --> Undefined variable: lng D:\OpenServer\domains\localhost\study\application\views\grade_converter.php 27
ERROR - 2018-11-17 18:41:21 --> Severity: Notice --> Undefined variable: lng D:\OpenServer\domains\localhost\study\application\views\grade_converter.php 27
ERROR - 2018-11-17 18:41:21 --> Severity: Notice --> Undefined variable: lng D:\OpenServer\domains\localhost\study\application\views\grade_converter.php 27
ERROR - 2018-11-17 18:41:21 --> Severity: Notice --> Undefined variable: lng D:\OpenServer\domains\localhost\study\application\views\grade_converter.php 27
ERROR - 2018-11-17 18:41:21 --> Severity: Notice --> Undefined variable: lng D:\OpenServer\domains\localhost\study\application\views\grade_converter.php 27
ERROR - 2018-11-17 18:41:21 --> Severity: Notice --> Undefined variable: lng D:\OpenServer\domains\localhost\study\application\views\grade_converter.php 27
ERROR - 2018-11-17 18:41:21 --> Severity: Notice --> Undefined variable: lng D:\OpenServer\domains\localhost\study\application\views\grade_converter.php 27
ERROR - 2018-11-17 18:41:21 --> Severity: Notice --> Undefined variable: lng D:\OpenServer\domains\localhost\study\application\views\grade_converter.php 27
ERROR - 2018-11-17 18:41:21 --> Severity: Notice --> Undefined variable: lng D:\OpenServer\domains\localhost\study\application\views\grade_converter.php 27
ERROR - 2018-11-17 18:41:21 --> Severity: Notice --> Undefined variable: lng D:\OpenServer\domains\localhost\study\application\views\grade_converter.php 27
ERROR - 2018-11-17 18:41:21 --> Severity: Notice --> Undefined variable: lng D:\OpenServer\domains\localhost\study\application\views\grade_converter.php 27
ERROR - 2018-11-17 18:41:21 --> Severity: Notice --> Undefined variable: lng D:\OpenServer\domains\localhost\study\application\views\grade_converter.php 27
ERROR - 2018-11-17 18:41:21 --> Severity: Notice --> Undefined variable: lng D:\OpenServer\domains\localhost\study\application\views\grade_converter.php 27
ERROR - 2018-11-17 18:41:22 --> Severity: Notice --> Undefined variable: lng D:\OpenServer\domains\localhost\study\application\views\grade_converter.php 27
ERROR - 2018-11-17 18:41:22 --> Severity: Notice --> Undefined variable: lng D:\OpenServer\domains\localhost\study\application\views\grade_converter.php 27
ERROR - 2018-11-17 18:41:22 --> Severity: Notice --> Undefined variable: lng D:\OpenServer\domains\localhost\study\application\views\grade_converter.php 27
ERROR - 2018-11-17 18:41:22 --> Severity: Notice --> Undefined variable: lng D:\OpenServer\domains\localhost\study\application\views\grade_converter.php 27
ERROR - 2018-11-17 18:41:22 --> Severity: Notice --> Undefined variable: lng D:\OpenServer\domains\localhost\study\application\views\grade_converter.php 27
ERROR - 2018-11-17 18:41:22 --> Severity: Notice --> Undefined variable: lng D:\OpenServer\domains\localhost\study\application\views\grade_converter.php 27
ERROR - 2018-11-17 18:41:22 --> Severity: Notice --> Undefined variable: lng D:\OpenServer\domains\localhost\study\application\views\grade_converter.php 27
ERROR - 2018-11-17 18:41:22 --> Severity: Notice --> Undefined variable: lng D:\OpenServer\domains\localhost\study\application\views\grade_converter.php 27
ERROR - 2018-11-17 18:41:22 --> Severity: Notice --> Undefined variable: lng D:\OpenServer\domains\localhost\study\application\views\grade_converter.php 27
ERROR - 2018-11-17 18:41:22 --> Severity: Notice --> Undefined variable: lng D:\OpenServer\domains\localhost\study\application\views\grade_converter.php 27
ERROR - 2018-11-17 18:41:22 --> Severity: Notice --> Undefined variable: lng D:\OpenServer\domains\localhost\study\application\views\grade_converter.php 27
ERROR - 2018-11-17 18:41:22 --> Severity: Notice --> Undefined variable: lng D:\OpenServer\domains\localhost\study\application\views\grade_converter.php 27
ERROR - 2018-11-17 18:41:22 --> Severity: Notice --> Undefined variable: lng D:\OpenServer\domains\localhost\study\application\views\grade_converter.php 27
ERROR - 2018-11-17 18:41:22 --> Severity: Notice --> Undefined variable: lng D:\OpenServer\domains\localhost\study\application\views\grade_converter.php 27
ERROR - 2018-11-17 18:41:22 --> Severity: Notice --> Undefined variable: lng D:\OpenServer\domains\localhost\study\application\views\grade_converter.php 27
ERROR - 2018-11-17 18:41:22 --> Severity: Notice --> Undefined variable: lng D:\OpenServer\domains\localhost\study\application\views\grade_converter.php 27
ERROR - 2018-11-17 18:41:22 --> Severity: Notice --> Undefined variable: lng D:\OpenServer\domains\localhost\study\application\views\grade_converter.php 27
ERROR - 2018-11-17 18:41:22 --> Severity: Notice --> Undefined variable: lng D:\OpenServer\domains\localhost\study\application\views\grade_converter.php 27
ERROR - 2018-11-17 18:41:22 --> Severity: Notice --> Undefined variable: lng D:\OpenServer\domains\localhost\study\application\views\grade_converter.php 27
ERROR - 2018-11-17 18:41:22 --> Severity: Notice --> Undefined variable: lng D:\OpenServer\domains\localhost\study\application\views\grade_converter.php 27
ERROR - 2018-11-17 18:41:22 --> Severity: Notice --> Undefined variable: lng D:\OpenServer\domains\localhost\study\application\views\grade_converter.php 27
ERROR - 2018-11-17 18:41:22 --> Severity: Notice --> Undefined variable: lng D:\OpenServer\domains\localhost\study\application\views\grade_converter.php 27
ERROR - 2018-11-17 18:41:22 --> Severity: Notice --> Undefined variable: lng D:\OpenServer\domains\localhost\study\application\views\grade_converter.php 27
ERROR - 2018-11-17 18:41:22 --> Severity: Notice --> Undefined variable: lng D:\OpenServer\domains\localhost\study\application\views\grade_converter.php 27
ERROR - 2018-11-17 18:41:22 --> Severity: Notice --> Undefined variable: lng D:\OpenServer\domains\localhost\study\application\views\grade_converter.php 27
ERROR - 2018-11-17 18:41:22 --> Severity: Notice --> Undefined variable: lng D:\OpenServer\domains\localhost\study\application\views\grade_converter.php 27
ERROR - 2018-11-17 18:41:22 --> Severity: Notice --> Undefined variable: lng D:\OpenServer\domains\localhost\study\application\views\grade_converter.php 27
ERROR - 2018-11-17 18:41:22 --> Severity: Notice --> Undefined variable: lng D:\OpenServer\domains\localhost\study\application\views\grade_converter.php 27
ERROR - 2018-11-17 18:41:23 --> Severity: Notice --> Undefined variable: lng D:\OpenServer\domains\localhost\study\application\views\grade_converter.php 27
ERROR - 2018-11-17 18:41:23 --> Severity: Notice --> Undefined variable: lng D:\OpenServer\domains\localhost\study\application\views\grade_converter.php 27
ERROR - 2018-11-17 18:41:23 --> Severity: Notice --> Undefined variable: lng D:\OpenServer\domains\localhost\study\application\views\grade_converter.php 27
ERROR - 2018-11-17 18:41:23 --> Severity: Notice --> Undefined variable: lng D:\OpenServer\domains\localhost\study\application\views\grade_converter.php 27
ERROR - 2018-11-17 18:41:25 --> Severity: Notice --> Undefined variable: lng D:\OpenServer\domains\localhost\study\application\views\grade_converter.php 27
ERROR - 2018-11-17 18:41:25 --> Severity: Notice --> Undefined variable: lng D:\OpenServer\domains\localhost\study\application\views\grade_converter.php 27
ERROR - 2018-11-17 18:41:25 --> Severity: Notice --> Undefined variable: lng D:\OpenServer\domains\localhost\study\application\views\grade_converter.php 27
ERROR - 2018-11-17 18:41:25 --> Severity: Notice --> Undefined variable: lng D:\OpenServer\domains\localhost\study\application\views\grade_converter.php 27
ERROR - 2018-11-17 18:41:27 --> Severity: Notice --> Undefined variable: lng D:\OpenServer\domains\localhost\study\application\views\grade_converter.php 27
ERROR - 2018-11-17 18:41:27 --> Severity: Notice --> Undefined variable: lng D:\OpenServer\domains\localhost\study\application\views\grade_converter.php 27
ERROR - 2018-11-17 18:41:27 --> Severity: Notice --> Undefined variable: lng D:\OpenServer\domains\localhost\study\application\views\grade_converter.php 27
ERROR - 2018-11-17 18:41:27 --> Severity: Notice --> Undefined variable: lng D:\OpenServer\domains\localhost\study\application\views\grade_converter.php 27
ERROR - 2018-11-17 18:41:30 --> Severity: Notice --> Undefined variable: lng D:\OpenServer\domains\localhost\study\application\views\grade_converter.php 27
ERROR - 2018-11-17 18:41:30 --> Severity: Notice --> Undefined variable: lng D:\OpenServer\domains\localhost\study\application\views\grade_converter.php 27
ERROR - 2018-11-17 18:41:30 --> Severity: Notice --> Undefined variable: lng D:\OpenServer\domains\localhost\study\application\views\grade_converter.php 27
ERROR - 2018-11-17 18:41:30 --> Severity: Notice --> Undefined variable: lng D:\OpenServer\domains\localhost\study\application\views\grade_converter.php 27
ERROR - 2018-11-17 18:41:31 --> Severity: Notice --> Undefined variable: lng D:\OpenServer\domains\localhost\study\application\views\grade_converter.php 27
ERROR - 2018-11-17 18:41:31 --> Severity: Notice --> Undefined variable: lng D:\OpenServer\domains\localhost\study\application\views\grade_converter.php 27
ERROR - 2018-11-17 18:41:31 --> Severity: Notice --> Undefined variable: lng D:\OpenServer\domains\localhost\study\application\views\grade_converter.php 27
ERROR - 2018-11-17 18:41:31 --> Severity: Notice --> Undefined variable: lng D:\OpenServer\domains\localhost\study\application\views\grade_converter.php 27
ERROR - 2018-11-17 18:41:32 --> Severity: Notice --> Undefined variable: lng D:\OpenServer\domains\localhost\study\application\views\grade_converter.php 27
ERROR - 2018-11-17 18:41:32 --> Severity: Notice --> Undefined variable: lng D:\OpenServer\domains\localhost\study\application\views\grade_converter.php 27
ERROR - 2018-11-17 18:41:32 --> Severity: Notice --> Undefined variable: lng D:\OpenServer\domains\localhost\study\application\views\grade_converter.php 27
ERROR - 2018-11-17 18:41:32 --> Severity: Notice --> Undefined variable: lng D:\OpenServer\domains\localhost\study\application\views\grade_converter.php 27
ERROR - 2018-11-17 18:41:34 --> Severity: Notice --> Undefined variable: lng D:\OpenServer\domains\localhost\study\application\views\grade_converter.php 27
ERROR - 2018-11-17 18:41:34 --> Severity: Notice --> Undefined variable: lng D:\OpenServer\domains\localhost\study\application\views\grade_converter.php 27
ERROR - 2018-11-17 18:41:34 --> Severity: Notice --> Undefined variable: lng D:\OpenServer\domains\localhost\study\application\views\grade_converter.php 27
ERROR - 2018-11-17 18:41:34 --> Severity: Notice --> Undefined variable: lng D:\OpenServer\domains\localhost\study\application\views\grade_converter.php 27
ERROR - 2018-11-17 18:41:34 --> Severity: Notice --> Undefined variable: lng D:\OpenServer\domains\localhost\study\application\views\grade_converter.php 27
ERROR - 2018-11-17 18:41:34 --> Severity: Notice --> Undefined variable: lng D:\OpenServer\domains\localhost\study\application\views\grade_converter.php 27
ERROR - 2018-11-17 18:41:34 --> Severity: Notice --> Undefined variable: lng D:\OpenServer\domains\localhost\study\application\views\grade_converter.php 27
ERROR - 2018-11-17 18:41:34 --> Severity: Notice --> Undefined variable: lng D:\OpenServer\domains\localhost\study\application\views\grade_converter.php 27
ERROR - 2018-11-17 18:41:34 --> Severity: Notice --> Undefined variable: lng D:\OpenServer\domains\localhost\study\application\views\grade_converter.php 27
ERROR - 2018-11-17 18:41:35 --> Severity: Notice --> Undefined variable: lng D:\OpenServer\domains\localhost\study\application\views\grade_converter.php 27
ERROR - 2018-11-17 18:41:35 --> Severity: Notice --> Undefined variable: lng D:\OpenServer\domains\localhost\study\application\views\grade_converter.php 27
ERROR - 2018-11-17 18:41:35 --> Severity: Notice --> Undefined variable: lng D:\OpenServer\domains\localhost\study\application\views\grade_converter.php 27
ERROR - 2018-11-17 18:41:35 --> Severity: Notice --> Undefined variable: lng D:\OpenServer\domains\localhost\study\application\views\grade_converter.php 27
ERROR - 2018-11-17 18:41:35 --> Severity: Notice --> Undefined variable: lng D:\OpenServer\domains\localhost\study\application\views\grade_converter.php 27
ERROR - 2018-11-17 18:41:35 --> Severity: Notice --> Undefined variable: lng D:\OpenServer\domains\localhost\study\application\views\grade_converter.php 27
ERROR - 2018-11-17 18:41:35 --> Severity: Notice --> Undefined variable: lng D:\OpenServer\domains\localhost\study\application\views\grade_converter.php 27
ERROR - 2018-11-17 18:41:54 --> Severity: Notice --> Undefined variable: lng D:\OpenServer\domains\localhost\study\application\views\grade_converter.php 27
ERROR - 2018-11-17 18:41:54 --> Severity: Notice --> Undefined variable: lng D:\OpenServer\domains\localhost\study\application\views\grade_converter.php 27
ERROR - 2018-11-17 18:41:54 --> Severity: Notice --> Undefined variable: lng D:\OpenServer\domains\localhost\study\application\views\grade_converter.php 27
ERROR - 2018-11-17 18:41:54 --> Severity: Notice --> Undefined variable: lng D:\OpenServer\domains\localhost\study\application\views\grade_converter.php 27
ERROR - 2018-11-17 18:42:40 --> Severity: Notice --> Undefined variable: lng D:\OpenServer\domains\localhost\study\application\views\grade_converter.php 27
ERROR - 2018-11-17 18:42:40 --> Severity: Notice --> Undefined variable: lng D:\OpenServer\domains\localhost\study\application\views\grade_converter.php 27
ERROR - 2018-11-17 18:42:40 --> Severity: Notice --> Undefined variable: lng D:\OpenServer\domains\localhost\study\application\views\grade_converter.php 27
ERROR - 2018-11-17 18:42:40 --> Severity: Notice --> Undefined variable: lng D:\OpenServer\domains\localhost\study\application\views\grade_converter.php 27
ERROR - 2018-11-17 18:42:43 --> Severity: Notice --> Undefined variable: lng D:\OpenServer\domains\localhost\study\application\views\grade_converter.php 27
ERROR - 2018-11-17 18:42:43 --> Severity: Notice --> Undefined variable: lng D:\OpenServer\domains\localhost\study\application\views\grade_converter.php 27
ERROR - 2018-11-17 18:42:43 --> Severity: Notice --> Undefined variable: lng D:\OpenServer\domains\localhost\study\application\views\grade_converter.php 27
ERROR - 2018-11-17 18:42:43 --> Severity: Notice --> Undefined variable: lng D:\OpenServer\domains\localhost\study\application\views\grade_converter.php 27
ERROR - 2018-11-17 18:42:50 --> Severity: Notice --> Undefined variable: lng D:\OpenServer\domains\localhost\study\application\views\grade_converter.php 27
ERROR - 2018-11-17 18:42:51 --> Severity: Notice --> Undefined variable: lng D:\OpenServer\domains\localhost\study\application\views\grade_converter.php 27
ERROR - 2018-11-17 18:42:51 --> Severity: Notice --> Undefined variable: lng D:\OpenServer\domains\localhost\study\application\views\grade_converter.php 27
ERROR - 2018-11-17 18:42:51 --> Severity: Notice --> Undefined variable: lng D:\OpenServer\domains\localhost\study\application\views\grade_converter.php 27
ERROR - 2018-11-17 18:42:53 --> Severity: Notice --> Undefined variable: lng D:\OpenServer\domains\localhost\study\application\views\grade_converter.php 27
ERROR - 2018-11-17 18:42:53 --> Severity: Notice --> Undefined variable: lng D:\OpenServer\domains\localhost\study\application\views\grade_converter.php 27
ERROR - 2018-11-17 18:42:53 --> Severity: Notice --> Undefined variable: lng D:\OpenServer\domains\localhost\study\application\views\grade_converter.php 27
ERROR - 2018-11-17 18:42:53 --> Severity: Notice --> Undefined variable: lng D:\OpenServer\domains\localhost\study\application\views\grade_converter.php 27
