ERROR - 2018-11-11 00:02:29 --> 404 Page Not Found: admin/hy/edit_partner_university/1
ERROR - 2018-11-11 00:25:50 --> 404 Page Not Found: university
ERROR - 2018-11-11 00:40:19 --> Severity: Notice --> Undefined index: subjet1 D:\OpenServer\domains\localhost\study\application\views\single_university.php 19
ERROR - 2018-11-11 00:40:19 --> Severity: Notice --> Undefined index: subjet2 D:\OpenServer\domains\localhost\study\application\views\single_university.php 24
ERROR - 2018-11-11 00:40:19 --> Severity: Notice --> Undefined index: subjet3 D:\OpenServer\domains\localhost\study\application\views\single_university.php 29
ERROR - 2018-11-11 00:49:17 --> 404 Page Not Found: assets/admin/assets/libs/quill/dist/quill.min.js.map
ERROR - 2018-11-11 00:49:17 --> 404 Page Not Found: assets/admin/assets/libs/popper.js/dist/umd/popper.min.js.map
ERROR - 2018-11-11 00:49:17 --> 404 Page Not Found: assets/admin/assets/libs/bootstrap/dist/js/bootstrap.min.js.map
ERROR - 2018-11-11 00:49:17 --> 404 Page Not Found: assets/admin/dist/css/icons/material-design-iconic-font/css/materialdesignicons.min.css.map
ERROR - 2018-11-11 00:51:34 --> 404 Page Not Found: assets/admin/assets/libs/quill/dist/quill.min.js.map
ERROR - 2018-11-11 00:51:34 --> 404 Page Not Found: assets/admin/assets/libs/popper.js/dist/umd/popper.min.js.map
ERROR - 2018-11-11 00:51:34 --> 404 Page Not Found: assets/admin/assets/libs/bootstrap/dist/js/bootstrap.min.js.map
ERROR - 2018-11-11 00:51:34 --> 404 Page Not Found: assets/admin/dist/css/icons/material-design-iconic-font/css/materialdesignicons.min.css.map
ERROR - 2018-11-11 15:25:33 --> 404 Page Not Found: admin/hy/edit_partner_university/1
ERROR - 2018-11-11 15:27:22 --> 404 Page Not Found: admin/hy/edit_partner_university/1
ERROR - 2018-11-11 15:29:29 --> 404 Page Not Found: assets/admin/assets/libs/quill/dist/quill.min.js.map
ERROR - 2018-11-11 15:29:29 --> 404 Page Not Found: assets/admin/assets/libs/popper.js/dist/umd/popper.min.js.map
ERROR - 2018-11-11 15:29:29 --> 404 Page Not Found: assets/admin/assets/libs/bootstrap/dist/js/bootstrap.min.js.map
ERROR - 2018-11-11 15:29:29 --> 404 Page Not Found: assets/admin/dist/css/icons/material-design-iconic-font/css/materialdesignicons.min.css.map
ERROR - 2018-11-11 15:43:10 --> 404 Page Not Found: ../modules/admin/controllers/Sysadmin/edit_partner_university_ax
ERROR - 2018-11-11 17:07:38 --> Severity: Notice --> Undefined offset: 3 D:\OpenServer\domains\localhost\study\application\controllers\Main.php 500
ERROR - 2018-11-11 17:15:22 --> Severity: Error --> Call to undefined function base_url() D:\OpenServer\domains\localhost\study\application\views\errors\html\error_general.php 64
ERROR - 2018-11-11 17:18:24 --> 404 Page Not Found: university
ERROR - 2018-11-11 17:23:50 --> Severity: Error --> Call to undefined function base_url() D:\OpenServer\domains\localhost\study\application\views\errors\html\error_general.php 64
ERROR - 2018-11-11 17:25:11 --> 404 Page Not Found: university
ERROR - 2018-11-11 17:30:55 --> 404 Page Not Found: --%3Ehttp:/localhost/study/hy/university/brunel_university_london
ERROR - 2018-11-11 18:18:45 --> Severity: Notice --> Undefined variable: result D:\OpenServer\domains\localhost\study\application\modules\admin\views\grade_converter.php 42
ERROR - 2018-11-11 18:18:45 --> Severity: Warning --> Invalid argument supplied for foreach() D:\OpenServer\domains\localhost\study\application\modules\admin\views\grade_converter.php 42
ERROR - 2018-11-11 20:05:43 --> 404 Page Not Found: admin/hy/add_grade_converter
ERROR - 2018-11-11 20:07:44 --> 404 Page Not Found: ../modules/admin/controllers/Sysadmin/add_grade_converter
ERROR - 2018-11-11 20:07:47 --> 404 Page Not Found: ../modules/admin/controllers/Sysadmin/add_grade_converter
ERROR - 2018-11-11 20:07:49 --> 404 Page Not Found: ../modules/admin/controllers/Sysadmin/add_grade_converter
ERROR - 2018-11-11 20:07:50 --> 404 Page Not Found: ../modules/admin/controllers/Sysadmin/add_grade_converter
ERROR - 2018-11-11 20:24:21 --> 404 Page Not Found: assets/admin/assets/libs/popper.js/dist/umd/popper.min.js.map
ERROR - 2018-11-11 20:24:21 --> 404 Page Not Found: assets/admin/assets/libs/bootstrap/dist/js/bootstrap.min.js.map
ERROR - 2018-11-11 20:24:22 --> 404 Page Not Found: assets/admin/assets/libs/quill/dist/quill.min.js.map
ERROR - 2018-11-11 20:24:22 --> 404 Page Not Found: assets/admin/dist/css/icons/material-design-iconic-font/css/materialdesignicons.min.css.map
ERROR - 2018-11-11 20:27:59 --> 404 Page Not Found: assets/admin/assets/libs/quill/dist/quill.min.js.map
ERROR - 2018-11-11 20:27:59 --> 404 Page Not Found: assets/admin/dist/css/icons/material-design-iconic-font/css/materialdesignicons.min.css.map
ERROR - 2018-11-11 20:28:00 --> 404 Page Not Found: assets/admin/assets/libs/popper.js/dist/umd/popper.min.js.map
ERROR - 2018-11-11 20:28:00 --> 404 Page Not Found: assets/admin/assets/libs/bootstrap/dist/js/bootstrap.min.js.map
ERROR - 2018-11-11 20:28:55 --> 404 Page Not Found: assets/admin/dist/css/icons/material-design-iconic-font/css/materialdesignicons.min.css.map
ERROR - 2018-11-11 20:28:56 --> 404 Page Not Found: assets/admin/assets/libs/quill/dist/quill.min.js.map
ERROR - 2018-11-11 20:28:56 --> 404 Page Not Found: assets/admin/assets/libs/popper.js/dist/umd/popper.min.js.map
ERROR - 2018-11-11 20:28:56 --> 404 Page Not Found: assets/admin/assets/libs/bootstrap/dist/js/bootstrap.min.js.map
ERROR - 2018-11-11 20:29:00 --> 404 Page Not Found: assets/admin/assets/libs/quill/dist/quill.min.js.map
ERROR - 2018-11-11 20:29:00 --> 404 Page Not Found: assets/admin/dist/css/icons/material-design-iconic-font/css/materialdesignicons.min.css.map
ERROR - 2018-11-11 20:29:01 --> 404 Page Not Found: assets/admin/assets/libs/popper.js/dist/umd/popper.min.js.map
ERROR - 2018-11-11 20:29:01 --> 404 Page Not Found: assets/admin/assets/libs/bootstrap/dist/js/bootstrap.min.js.map
ERROR - 2018-11-11 20:29:18 --> 404 Page Not Found: assets/admin/assets/libs/quill/dist/quill.min.js.map
ERROR - 2018-11-11 20:29:18 --> 404 Page Not Found: assets/admin/dist/css/icons/material-design-iconic-font/css/materialdesignicons.min.css.map
ERROR - 2018-11-11 20:29:18 --> 404 Page Not Found: assets/admin/assets/libs/popper.js/dist/umd/popper.min.js.map
ERROR - 2018-11-11 20:29:18 --> 404 Page Not Found: assets/admin/assets/libs/bootstrap/dist/js/bootstrap.min.js.map
ERROR - 2018-11-11 20:29:24 --> 404 Page Not Found: assets/admin/dist/css/icons/material-design-iconic-font/css/materialdesignicons.min.css.map
ERROR - 2018-11-11 20:29:25 --> 404 Page Not Found: assets/admin/assets/libs/quill/dist/quill.min.js.map
ERROR - 2018-11-11 20:29:25 --> 404 Page Not Found: assets/admin/assets/libs/popper.js/dist/umd/popper.min.js.map
ERROR - 2018-11-11 20:29:25 --> 404 Page Not Found: assets/admin/assets/libs/bootstrap/dist/js/bootstrap.min.js.map
ERROR - 2018-11-11 20:40:38 --> 404 Page Not Found: assets/admin/assets/libs/quill/dist/quill.min.js.map
ERROR - 2018-11-11 20:40:38 --> 404 Page Not Found: assets/admin/assets/libs/popper.js/dist/umd/popper.min.js.map
ERROR - 2018-11-11 20:40:38 --> 404 Page Not Found: assets/admin/assets/libs/bootstrap/dist/js/bootstrap.min.js.map
ERROR - 2018-11-11 20:40:38 --> 404 Page Not Found: assets/admin/dist/css/icons/material-design-iconic-font/css/materialdesignicons.min.css.map
ERROR - 2018-11-11 20:54:03 --> 404 Page Not Found: assets/admin/assets/libs/quill/dist/quill.min.js.map
ERROR - 2018-11-11 20:54:03 --> 404 Page Not Found: assets/admin/dist/css/icons/material-design-iconic-font/css/materialdesignicons.min.css.map
ERROR - 2018-11-11 20:54:04 --> 404 Page Not Found: assets/admin/assets/libs/popper.js/dist/umd/popper.min.js.map
ERROR - 2018-11-11 20:54:04 --> 404 Page Not Found: assets/admin/assets/libs/bootstrap/dist/js/bootstrap.min.js.map
ERROR - 2018-11-11 20:57:45 --> 404 Page Not Found: assets/admin/assets/libs/quill/dist/quill.min.js.map
ERROR - 2018-11-11 20:57:45 --> 404 Page Not Found: assets/admin/dist/css/icons/material-design-iconic-font/css/materialdesignicons.min.css.map
ERROR - 2018-11-11 20:57:46 --> 404 Page Not Found: assets/admin/assets/libs/popper.js/dist/umd/popper.min.js.map
ERROR - 2018-11-11 20:57:46 --> 404 Page Not Found: assets/admin/assets/libs/bootstrap/dist/js/bootstrap.min.js.map
ERROR - 2018-11-11 20:59:12 --> Query error: Unknown column 'title_hy' in 'field list' - Invalid query: INSERT INTO `partner_university`
                    SET 
                      `title_hy` = 'Grade coverter',
                      `text_hy` = '<p>Our website uses International Baccalaureate numerical scores to give an estimate of the required grade requirements for entry on to a British university course. Select an option below to view the grade comparisons for your local system. To find out more, or if you\'re ready to apply, click the register button below.</p><p><br></p><p><br></p><p><br></p>',
                      `alias_hy` = 'grade_coverter',
                      `child_ids` = NULL,
                      `meta_keyword_hy` = 'hjdgsudguds df wj',
                      `meta_description_hy` = 'bdskfbdsajk',
                      `status` = '1'
                
ERROR - 2018-11-11 20:59:33 --> 404 Page Not Found: assets/admin/assets/libs/popper.js/dist/umd/popper.min.js.map
ERROR - 2018-11-11 20:59:33 --> 404 Page Not Found: assets/admin/assets/libs/quill/dist/quill.min.js.map
ERROR - 2018-11-11 20:59:33 --> 404 Page Not Found: assets/admin/assets/libs/bootstrap/dist/js/bootstrap.min.js.map
ERROR - 2018-11-11 20:59:33 --> 404 Page Not Found: assets/admin/dist/css/icons/material-design-iconic-font/css/materialdesignicons.min.css.map
ERROR - 2018-11-11 20:59:37 --> Query error: Unknown column 'title_hy' in 'field list' - Invalid query: INSERT INTO `partner_university`
                    SET 
                      `title_hy` = 'Grade coverter',
                      `text_hy` = '<p>Our website uses International Baccalaureate numerical scores to give an estimate of the required grade requirements for entry on to a British university course. Select an option below to view the grade comparisons for your local system. To find out more, or if you\'re ready to apply, click the register button below.</p><p><br></p><p><br></p><p><br></p>',
                      `alias_hy` = 'grade_coverter',
                      `child_ids` = NULL,
                      `meta_keyword_hy` = 'hjdgsudguds df wj',
                      `meta_description_hy` = 'bdskfbdsajk',
                      `status` = '1'
                
ERROR - 2018-11-11 21:00:23 --> Query error: Table 'global_study_am.grade_converter' doesn't exist - Invalid query: INSERT INTO `grade_converter`
                    SET 
                      `title_hy` = 'Grade coverter',
                      `text_hy` = '<p>Our website uses International Baccalaureate numerical scores to give an estimate of the required grade requirements for entry on to a British university course. Select an option below to view the grade comparisons for your local system. To find out more, or if you\'re ready to apply, click the register button below.</p><p><br></p><p><br></p><p><br></p>',
                      `alias_hy` = 'grade_coverter',
                      `child_ids` = NULL,
                      `meta_keyword_hy` = 'hjdgsudguds df wj',
                      `meta_description_hy` = 'bdskfbdsajk',
                      `status` = '1'
                
ERROR - 2018-11-11 21:01:18 --> 404 Page Not Found: assets/admin/assets/libs/quill/dist/quill.min.js.map
ERROR - 2018-11-11 21:01:18 --> 404 Page Not Found: assets/admin/dist/css/icons/material-design-iconic-font/css/materialdesignicons.min.css.map
ERROR - 2018-11-11 21:01:18 --> 404 Page Not Found: assets/admin/assets/libs/bootstrap/dist/js/bootstrap.min.js.map
ERROR - 2018-11-11 21:01:18 --> 404 Page Not Found: assets/admin/assets/libs/popper.js/dist/umd/popper.min.js.map
ERROR - 2018-11-11 21:01:44 --> 404 Page Not Found: assets/admin/assets/libs/quill/dist/quill.min.js.map
ERROR - 2018-11-11 21:01:45 --> 404 Page Not Found: assets/admin/dist/css/icons/material-design-iconic-font/css/materialdesignicons.min.css.map
